<?xml version="1.0" encoding="UTF-8"?>
<!-- Generated by org.testng.reporters.JUnitXMLReporter -->
<testsuite ignored="1" hostname="niveus-HP-EliteBook-820-G3" failures="0" tests="5" name="Surefire test(failed)" time="80.331" errors="0" timestamp="2021-08-09T17:57:49 IST">
  <testcase classname="com.niveus.afya.testcase.ChatPageTest" name="@BeforeMethod setUp" time="47.914">
    <failure type="org.openqa.selenium.NoSuchElementException" message="no such element: Unable to locate element: {&amp;quot;method&amp;quot;:&amp;quot;xpath&amp;quot;,&amp;quot;selector&amp;quot;:&amp;quot;//span[text()=&amp;apos;Submitter Provider&amp;apos;]/parent::div&amp;quot;}
  (Session info: headless chrome=91.0.4472.101)
For documentation on this error, please visit: https://www.seleniumhq.org/exceptions/no_such_element.html
Build info: version: &amp;apos;3.141.59&amp;apos;, revision: &amp;apos;e82be7d358&amp;apos;, time: &amp;apos;2018-11-14T08:17:03&amp;apos;
System info: host: &amp;apos;niveus-HP-EliteBook-820-G3&amp;apos;, ip: &amp;apos;127.0.1.1&amp;apos;, os.name: &amp;apos;Linux&amp;apos;, os.arch: &amp;apos;amd64&amp;apos;, os.version: &amp;apos;5.4.0-73-generic&amp;apos;, java.version: &amp;apos;11.0.11&amp;apos;
Driver info: org.openqa.selenium.chrome.ChromeDriver
Capabilities {acceptInsecureCerts: false, browserName: chrome, browserVersion: 91.0.4472.101, chrome: {chromedriverVersion: 91.0.4472.101 (af52a90bf870..., userDataDir: /tmp/.com.google.Chrome.RVPv8x}, goog:chromeOptions: {debuggerAddress: localhost:40387}, javascriptEnabled: true, networkConnectionEnabled: false, pageLoadStrategy: normal, platform: LINUX, platformName: LINUX, proxy: Proxy(), setWindowRect: true, strictFileInteractability: false, timeouts: {implicit: 0, pageLoad: 300000, script: 30000}, unhandledPromptBehavior: dismiss and notify, webauthn:extension:largeBlob: true, webauthn:virtualAuthenticators: true}
Session ID: c6220a8259190ffe16cdae586b932cba
*** Element info: {Using=xpath, value=//span[text()=&amp;apos;Submitter Provider&amp;apos;]/parent::div}">
      <![CDATA[org.openqa.selenium.NoSuchElementException: no such element: Unable to locate element: {"method":"xpath","selector":"//span[text()='Submitter Provider']/parent::div"}
  (Session info: headless chrome=91.0.4472.101)
For documentation on this error, please visit: https://www.seleniumhq.org/exceptions/no_such_element.html
Build info: version: '3.141.59', revision: 'e82be7d358', time: '2018-11-14T08:17:03'
System info: host: 'niveus-HP-EliteBook-820-G3', ip: '127.0.1.1', os.name: 'Linux', os.arch: 'amd64', os.version: '5.4.0-73-generic', java.version: '11.0.11'
Driver info: org.openqa.selenium.chrome.ChromeDriver
Capabilities {acceptInsecureCerts: false, browserName: chrome, browserVersion: 91.0.4472.101, chrome: {chromedriverVersion: 91.0.4472.101 (af52a90bf870..., userDataDir: /tmp/.com.google.Chrome.RVPv8x}, goog:chromeOptions: {debuggerAddress: localhost:40387}, javascriptEnabled: true, networkConnectionEnabled: false, pageLoadStrategy: normal, platform: LINUX, platformName: LINUX, proxy: Proxy(), setWindowRect: true, strictFileInteractability: false, timeouts: {implicit: 0, pageLoad: 300000, script: 30000}, unhandledPromptBehavior: dismiss and notify, webauthn:extension:largeBlob: true, webauthn:virtualAuthenticators: true}
Session ID: c6220a8259190ffe16cdae586b932cba
*** Element info: {Using=xpath, value=//span[text()='Submitter Provider']/parent::div}
at org.openqa.selenium.remote.http.W3CHttpResponseCodec.createException(W3CHttpResponseCodec.java:187)
at org.openqa.selenium.remote.http.W3CHttpResponseCodec.decode(W3CHttpResponseCodec.java:122)
at org.openqa.selenium.remote.http.W3CHttpResponseCodec.decode(W3CHttpResponseCodec.java:49)
at org.openqa.selenium.remote.HttpCommandExecutor.execute(HttpCommandExecutor.java:158)
at org.openqa.selenium.remote.service.DriverCommandExecutor.execute(DriverCommandExecutor.java:83)
at org.openqa.selenium.remote.RemoteWebDriver.execute(RemoteWebDriver.java:552)
at org.openqa.selenium.remote.RemoteWebDriver.findElement(RemoteWebDriver.java:323)
at org.openqa.selenium.remote.RemoteWebDriver.findElementByXPath(RemoteWebDriver.java:428)
at org.openqa.selenium.By$ByXPath.findElement(By.java:353)
at org.openqa.selenium.remote.RemoteWebDriver.findElement(RemoteWebDriver.java:315)
at org.openqa.selenium.support.events.EventFiringWebDriver.lambda$new$1(EventFiringWebDriver.java:105)
at com.sun.proxy.$Proxy10.findElement(Unknown Source)
at org.openqa.selenium.support.events.EventFiringWebDriver.findElement(EventFiringWebDriver.java:194)
at org.openqa.selenium.support.pagefactory.DefaultElementLocator.findElement(DefaultElementLocator.java:69)
at org.openqa.selenium.support.pagefactory.internal.LocatingElementHandler.invoke(LocatingElementHandler.java:38)
at com.sun.proxy.$Proxy14.click(Unknown Source)
at com.pages.ChooseRolePage.clickOnRole(ChooseRolePage.java:37)
at com.niveus.afya.testcase.ChatPageTest.setUp(ChatPageTest.java:35)
at java.base/java.util.ArrayList.forEach(ArrayList.java:1541)
... Removed 38 stack frames]]>
    </failure>
  </testcase> <!-- @BeforeMethod setUp -->
  <testcase classname="com.niveus.afya.testcase.ChatPageTest" name="@AfterMethod tearDown" time="-1.628512069569E9">
    <skipped/>
  </testcase> <!-- @AfterMethod tearDown -->
  <testcase classname="com.niveus.afya.testcase.ChatPageTest" name="@BeforeMethod setUp" time="-1.62851206957E9">
    <skipped/>
  </testcase> <!-- @BeforeMethod setUp -->
  <testcase classname="com.niveus.afya.testcase.ChatPageTest" name="@AfterMethod tearDown" time="-1.628512069576E9">
    <skipped/>
  </testcase> <!-- @AfterMethod tearDown -->
  <testcase classname="com.niveus.afya.testcase.ChatPageTest" name="@BeforeMethod setUp" time="-1.628512069577E9">
    <skipped/>
  </testcase> <!-- @BeforeMethod setUp -->
  <testcase classname="com.niveus.afya.testcase.ChatPageTest" name="@AfterMethod tearDown" time="-1.628512069584E9">
    <skipped/>
  </testcase> <!-- @AfterMethod tearDown -->
  <testcase classname="com.niveus.afya.testcase.ChatPageTest" name="@BeforeMethod setUp" time="-1.628512069586E9">
    <skipped/>
  </testcase> <!-- @BeforeMethod setUp -->
  <testcase classname="com.niveus.afya.testcase.ChatPageTest" name="@AfterMethod tearDown" time="-1.628512069592E9">
    <skipped/>
  </testcase> <!-- @AfterMethod tearDown -->
  <testcase classname="com.niveus.afya.testcase.ChatPageTest" name="clikcOnChatSessionTest" time="0.494"/>
  <testcase classname="com.niveus.afya.testcase.ChatPageTest" name="chatHeaderVisibiltyTest" time="0.0">
    <skipped/>
  </testcase> <!-- chatHeaderVisibiltyTest -->
  <testcase classname="com.niveus.afya.testcase.ChatPageTest" name="mediaFilesSectionTest" time="0.0">
    <skipped/>
  </testcase> <!-- mediaFilesSectionTest -->
  <testcase classname="com.niveus.afya.testcase.ChatPageTest" name="atCodesVisibilityTest" time="0.0">
    <skipped/>
  </testcase> <!-- atCodesVisibilityTest -->
  <testcase classname="com.niveus.afya.testcase.ChatPageTest" name="videoMemberListTest" time="0.0">
    <skipped/>
  </testcase> <!-- videoMemberListTest -->
  <testcase classname="com.niveus.afya.testcase.ChatPageTest" name="chatAreaElementTest" time="0.0">
    <ignored/>
  </testcase> <!-- chatAreaElementTest -->
</testsuite> <!-- Surefire test(failed) -->
