<?xml version="1.0" encoding="UTF-8"?>
<!-- Generated by org.testng.reporters.JUnitXMLReporter -->
<testsuite ignored="0" hostname="niveus-HP-EliteBook-820-G3" failures="2" tests="50" name="Surefire test" time="1185.057" errors="0" timestamp="2021-08-10T11:47:13 IST">
  <testcase classname="com.niveus.afya.testcase.SortTest" name="@BeforeMethod setUp" time="31.069">
    <failure type="org.openqa.selenium.StaleElementReferenceException" message="stale element reference: element is not attached to the page document
  (Session info: headless chrome=91.0.4472.101)
For documentation on this error, please visit: https://www.seleniumhq.org/exceptions/stale_element_reference.html
Build info: version: &amp;apos;3.141.59&amp;apos;, revision: &amp;apos;e82be7d358&amp;apos;, time: &amp;apos;2018-11-14T08:17:03&amp;apos;
System info: host: &amp;apos;niveus-HP-EliteBook-820-G3&amp;apos;, ip: &amp;apos;127.0.1.1&amp;apos;, os.name: &amp;apos;Linux&amp;apos;, os.arch: &amp;apos;amd64&amp;apos;, os.version: &amp;apos;5.4.0-73-generic&amp;apos;, java.version: &amp;apos;11.0.11&amp;apos;
Driver info: org.openqa.selenium.chrome.ChromeDriver
Capabilities {acceptInsecureCerts: false, browserName: chrome, browserVersion: 91.0.4472.101, chrome: {chromedriverVersion: 91.0.4472.101 (af52a90bf870..., userDataDir: /tmp/.com.google.Chrome.gnF7LF}, goog:chromeOptions: {debuggerAddress: localhost:33351}, javascriptEnabled: true, networkConnectionEnabled: false, pageLoadStrategy: normal, platform: LINUX, platformName: LINUX, proxy: Proxy(), setWindowRect: true, strictFileInteractability: false, timeouts: {implicit: 0, pageLoad: 300000, script: 30000}, unhandledPromptBehavior: dismiss and notify, webauthn:extension:largeBlob: true, webauthn:virtualAuthenticators: true}
Session ID: 701f5b8a380241a8244c9c30f9c33b20">
      <![CDATA[org.openqa.selenium.StaleElementReferenceException: stale element reference: element is not attached to the page document
  (Session info: headless chrome=91.0.4472.101)
For documentation on this error, please visit: https://www.seleniumhq.org/exceptions/stale_element_reference.html
Build info: version: '3.141.59', revision: 'e82be7d358', time: '2018-11-14T08:17:03'
System info: host: 'niveus-HP-EliteBook-820-G3', ip: '127.0.1.1', os.name: 'Linux', os.arch: 'amd64', os.version: '5.4.0-73-generic', java.version: '11.0.11'
Driver info: org.openqa.selenium.chrome.ChromeDriver
Capabilities {acceptInsecureCerts: false, browserName: chrome, browserVersion: 91.0.4472.101, chrome: {chromedriverVersion: 91.0.4472.101 (af52a90bf870..., userDataDir: /tmp/.com.google.Chrome.gnF7LF}, goog:chromeOptions: {debuggerAddress: localhost:33351}, javascriptEnabled: true, networkConnectionEnabled: false, pageLoadStrategy: normal, platform: LINUX, platformName: LINUX, proxy: Proxy(), setWindowRect: true, strictFileInteractability: false, timeouts: {implicit: 0, pageLoad: 300000, script: 30000}, unhandledPromptBehavior: dismiss and notify, webauthn:extension:largeBlob: true, webauthn:virtualAuthenticators: true}
Session ID: 701f5b8a380241a8244c9c30f9c33b20
at org.openqa.selenium.remote.http.W3CHttpResponseCodec.createException(W3CHttpResponseCodec.java:187)
at org.openqa.selenium.remote.http.W3CHttpResponseCodec.decode(W3CHttpResponseCodec.java:122)
at org.openqa.selenium.remote.http.W3CHttpResponseCodec.decode(W3CHttpResponseCodec.java:49)
at org.openqa.selenium.remote.HttpCommandExecutor.execute(HttpCommandExecutor.java:158)
at org.openqa.selenium.remote.service.DriverCommandExecutor.execute(DriverCommandExecutor.java:83)
at org.openqa.selenium.remote.RemoteWebDriver.execute(RemoteWebDriver.java:552)
at org.openqa.selenium.remote.RemoteWebElement.execute(RemoteWebElement.java:285)
at org.openqa.selenium.remote.RemoteWebElement.click(RemoteWebElement.java:84)
at org.openqa.selenium.support.events.EventFiringWebDriver$EventFiringWebElement.lambda$new$0(EventFiringWebDriver.java:404)
at com.sun.proxy.$Proxy13.click(Unknown Source)
at org.openqa.selenium.support.events.EventFiringWebDriver$EventFiringWebElement.click(EventFiringWebDriver.java:417)
at com.pages.FilterPage.isFilterActive(FilterPage.java:91)
at com.niveus.afya.testcase.SortTest.setUp(SortTest.java:45)
at java.base/java.util.ArrayList.forEach(ArrayList.java:1541)
... Removed 43 stack frames]]>
    </failure>
  </testcase> <!-- @BeforeMethod setUp -->
  <testcase classname="com.niveus.afya.testcase.SortTest" name="@AfterMethod tearDown" time="-1.628575170563E9">
    <skipped/>
  </testcase> <!-- @AfterMethod tearDown -->
  <testcase classname="com.niveus.afya.testcase.ChatPageTest" name="@BeforeMethod setUp" time="48.015">
    <failure type="org.openqa.selenium.NoSuchElementException" message="no such element: Unable to locate element: {&amp;quot;method&amp;quot;:&amp;quot;xpath&amp;quot;,&amp;quot;selector&amp;quot;:&amp;quot;//span[text()=&amp;apos;Submitter Provider&amp;apos;]/parent::div&amp;quot;}
  (Session info: headless chrome=91.0.4472.101)
For documentation on this error, please visit: https://www.seleniumhq.org/exceptions/no_such_element.html
Build info: version: &amp;apos;3.141.59&amp;apos;, revision: &amp;apos;e82be7d358&amp;apos;, time: &amp;apos;2018-11-14T08:17:03&amp;apos;
System info: host: &amp;apos;niveus-HP-EliteBook-820-G3&amp;apos;, ip: &amp;apos;127.0.1.1&amp;apos;, os.name: &amp;apos;Linux&amp;apos;, os.arch: &amp;apos;amd64&amp;apos;, os.version: &amp;apos;5.4.0-73-generic&amp;apos;, java.version: &amp;apos;11.0.11&amp;apos;
Driver info: org.openqa.selenium.chrome.ChromeDriver
Capabilities {acceptInsecureCerts: false, browserName: chrome, browserVersion: 91.0.4472.101, chrome: {chromedriverVersion: 91.0.4472.101 (af52a90bf870..., userDataDir: /tmp/.com.google.Chrome.TdYA4a}, goog:chromeOptions: {debuggerAddress: localhost:45485}, javascriptEnabled: true, networkConnectionEnabled: false, pageLoadStrategy: normal, platform: LINUX, platformName: LINUX, proxy: Proxy(), setWindowRect: true, strictFileInteractability: false, timeouts: {implicit: 0, pageLoad: 300000, script: 30000}, unhandledPromptBehavior: dismiss and notify, webauthn:extension:largeBlob: true, webauthn:virtualAuthenticators: true}
Session ID: 8ec2f149cd5d05b1bce9d5588c04f60a
*** Element info: {Using=xpath, value=//span[text()=&amp;apos;Submitter Provider&amp;apos;]/parent::div}">
      <![CDATA[org.openqa.selenium.NoSuchElementException: no such element: Unable to locate element: {"method":"xpath","selector":"//span[text()='Submitter Provider']/parent::div"}
  (Session info: headless chrome=91.0.4472.101)
For documentation on this error, please visit: https://www.seleniumhq.org/exceptions/no_such_element.html
Build info: version: '3.141.59', revision: 'e82be7d358', time: '2018-11-14T08:17:03'
System info: host: 'niveus-HP-EliteBook-820-G3', ip: '127.0.1.1', os.name: 'Linux', os.arch: 'amd64', os.version: '5.4.0-73-generic', java.version: '11.0.11'
Driver info: org.openqa.selenium.chrome.ChromeDriver
Capabilities {acceptInsecureCerts: false, browserName: chrome, browserVersion: 91.0.4472.101, chrome: {chromedriverVersion: 91.0.4472.101 (af52a90bf870..., userDataDir: /tmp/.com.google.Chrome.TdYA4a}, goog:chromeOptions: {debuggerAddress: localhost:45485}, javascriptEnabled: true, networkConnectionEnabled: false, pageLoadStrategy: normal, platform: LINUX, platformName: LINUX, proxy: Proxy(), setWindowRect: true, strictFileInteractability: false, timeouts: {implicit: 0, pageLoad: 300000, script: 30000}, unhandledPromptBehavior: dismiss and notify, webauthn:extension:largeBlob: true, webauthn:virtualAuthenticators: true}
Session ID: 8ec2f149cd5d05b1bce9d5588c04f60a
*** Element info: {Using=xpath, value=//span[text()='Submitter Provider']/parent::div}
at org.openqa.selenium.remote.http.W3CHttpResponseCodec.createException(W3CHttpResponseCodec.java:187)
at org.openqa.selenium.remote.http.W3CHttpResponseCodec.decode(W3CHttpResponseCodec.java:122)
at org.openqa.selenium.remote.http.W3CHttpResponseCodec.decode(W3CHttpResponseCodec.java:49)
at org.openqa.selenium.remote.HttpCommandExecutor.execute(HttpCommandExecutor.java:158)
at org.openqa.selenium.remote.service.DriverCommandExecutor.execute(DriverCommandExecutor.java:83)
at org.openqa.selenium.remote.RemoteWebDriver.execute(RemoteWebDriver.java:552)
at org.openqa.selenium.remote.RemoteWebDriver.findElement(RemoteWebDriver.java:323)
at org.openqa.selenium.remote.RemoteWebDriver.findElementByXPath(RemoteWebDriver.java:428)
at org.openqa.selenium.By$ByXPath.findElement(By.java:353)
at org.openqa.selenium.remote.RemoteWebDriver.findElement(RemoteWebDriver.java:315)
at org.openqa.selenium.support.events.EventFiringWebDriver.lambda$new$1(EventFiringWebDriver.java:105)
at com.sun.proxy.$Proxy8.findElement(Unknown Source)
at org.openqa.selenium.support.events.EventFiringWebDriver.findElement(EventFiringWebDriver.java:194)
at org.openqa.selenium.support.pagefactory.DefaultElementLocator.findElement(DefaultElementLocator.java:69)
at org.openqa.selenium.support.pagefactory.internal.LocatingElementHandler.invoke(LocatingElementHandler.java:38)
at com.sun.proxy.$Proxy12.click(Unknown Source)
at com.pages.ChooseRolePage.clickOnRole(ChooseRolePage.java:37)
at com.niveus.afya.testcase.ChatPageTest.setUp(ChatPageTest.java:35)
at java.base/java.util.ArrayList.forEach(ArrayList.java:1541)
... Removed 43 stack frames]]>
    </failure>
  </testcase> <!-- @BeforeMethod setUp -->
  <testcase classname="com.niveus.afya.testcase.ChatPageTest" name="@AfterMethod tearDown" time="-1.628576101175E9">
    <skipped/>
  </testcase> <!-- @AfterMethod tearDown -->
  <testcase classname="com.niveus.afya.testcase.ChatPageTest" name="@BeforeMethod setUp" time="-1.628576101176E9">
    <skipped/>
  </testcase> <!-- @BeforeMethod setUp -->
  <testcase classname="com.niveus.afya.testcase.ChatPageTest" name="@AfterMethod tearDown" time="-1.628576101176E9">
    <skipped/>
  </testcase> <!-- @AfterMethod tearDown -->
  <testcase classname="com.niveus.afya.testcase.ChatPageTest" name="@BeforeMethod setUp" time="-1.628576101177E9">
    <skipped/>
  </testcase> <!-- @BeforeMethod setUp -->
  <testcase classname="com.niveus.afya.testcase.ChatPageTest" name="@AfterMethod tearDown" time="-1.628576101177E9">
    <skipped/>
  </testcase> <!-- @AfterMethod tearDown -->
  <testcase classname="com.niveus.afya.testcase.ChatPageTest" name="@BeforeMethod setUp" time="-1.628576101178E9">
    <skipped/>
  </testcase> <!-- @BeforeMethod setUp -->
  <testcase classname="com.niveus.afya.testcase.ChatPageTest" name="@AfterMethod tearDown" time="-1.628576101178E9">
    <skipped/>
  </testcase> <!-- @AfterMethod tearDown -->
  <testcase classname="com.niveus.afya.testcase.ChatPageTest" name="@BeforeMethod setUp" time="-1.628576101179E9">
    <skipped/>
  </testcase> <!-- @BeforeMethod setUp -->
  <testcase classname="com.niveus.afya.testcase.ChatPageTest" name="@AfterMethod tearDown" time="-1.62857610118E9">
    <skipped/>
  </testcase> <!-- @AfterMethod tearDown -->
  <testcase classname="com.niveus.afya.testcase.ChatPageTest" name="@BeforeMethod setUp" time="-1.628576101181E9">
    <skipped/>
  </testcase> <!-- @BeforeMethod setUp -->
  <testcase classname="com.niveus.afya.testcase.ChatPageTest" name="@AfterMethod tearDown" time="-1.628576101181E9">
    <skipped/>
  </testcase> <!-- @AfterMethod tearDown -->
  <testcase classname="com.niveus.afya.testcase.LoginPageTest" name="@BeforeMethod setUp" time="50.476">
    <failure type="org.openqa.selenium.TimeoutException" message="timeout: Timed out receiving message from renderer: 46.484
  (Session info: headless chrome=91.0.4472.101)
Build info: version: &amp;apos;3.141.59&amp;apos;, revision: &amp;apos;e82be7d358&amp;apos;, time: &amp;apos;2018-11-14T08:17:03&amp;apos;
System info: host: &amp;apos;niveus-HP-EliteBook-820-G3&amp;apos;, ip: &amp;apos;127.0.1.1&amp;apos;, os.name: &amp;apos;Linux&amp;apos;, os.arch: &amp;apos;amd64&amp;apos;, os.version: &amp;apos;5.4.0-73-generic&amp;apos;, java.version: &amp;apos;11.0.11&amp;apos;
Driver info: org.openqa.selenium.chrome.ChromeDriver
Capabilities {acceptInsecureCerts: false, browserName: chrome, browserVersion: 91.0.4472.101, chrome: {chromedriverVersion: 91.0.4472.101 (af52a90bf870..., userDataDir: /tmp/.com.google.Chrome.axNBMe}, goog:chromeOptions: {debuggerAddress: localhost:35211}, javascriptEnabled: true, networkConnectionEnabled: false, pageLoadStrategy: normal, platform: LINUX, platformName: LINUX, proxy: Proxy(), setWindowRect: true, strictFileInteractability: false, timeouts: {implicit: 0, pageLoad: 300000, script: 30000}, unhandledPromptBehavior: dismiss and notify, webauthn:extension:largeBlob: true, webauthn:virtualAuthenticators: true}
Session ID: d597a441141b0b22461262a84ade06b6">
      <![CDATA[org.openqa.selenium.TimeoutException: timeout: Timed out receiving message from renderer: 46.484
  (Session info: headless chrome=91.0.4472.101)
Build info: version: '3.141.59', revision: 'e82be7d358', time: '2018-11-14T08:17:03'
System info: host: 'niveus-HP-EliteBook-820-G3', ip: '127.0.1.1', os.name: 'Linux', os.arch: 'amd64', os.version: '5.4.0-73-generic', java.version: '11.0.11'
Driver info: org.openqa.selenium.chrome.ChromeDriver
Capabilities {acceptInsecureCerts: false, browserName: chrome, browserVersion: 91.0.4472.101, chrome: {chromedriverVersion: 91.0.4472.101 (af52a90bf870..., userDataDir: /tmp/.com.google.Chrome.axNBMe}, goog:chromeOptions: {debuggerAddress: localhost:35211}, javascriptEnabled: true, networkConnectionEnabled: false, pageLoadStrategy: normal, platform: LINUX, platformName: LINUX, proxy: Proxy(), setWindowRect: true, strictFileInteractability: false, timeouts: {implicit: 0, pageLoad: 300000, script: 30000}, unhandledPromptBehavior: dismiss and notify, webauthn:extension:largeBlob: true, webauthn:virtualAuthenticators: true}
Session ID: d597a441141b0b22461262a84ade06b6
at org.openqa.selenium.remote.http.W3CHttpResponseCodec.createException(W3CHttpResponseCodec.java:187)
at org.openqa.selenium.remote.http.W3CHttpResponseCodec.decode(W3CHttpResponseCodec.java:122)
at org.openqa.selenium.remote.http.W3CHttpResponseCodec.decode(W3CHttpResponseCodec.java:49)
at org.openqa.selenium.remote.HttpCommandExecutor.execute(HttpCommandExecutor.java:158)
at org.openqa.selenium.remote.service.DriverCommandExecutor.execute(DriverCommandExecutor.java:83)
at org.openqa.selenium.remote.RemoteWebDriver.execute(RemoteWebDriver.java:552)
at org.openqa.selenium.remote.RemoteWebDriver.get(RemoteWebDriver.java:277)
at org.openqa.selenium.support.events.EventFiringWebDriver.lambda$new$1(EventFiringWebDriver.java:105)
at com.sun.proxy.$Proxy8.get(Unknown Source)
at org.openqa.selenium.support.events.EventFiringWebDriver.get(EventFiringWebDriver.java:165)
at com.Base.TestBase.initialization(TestBase.java:79)
at com.niveus.afya.testcase.LoginPageTest.setUp(LoginPageTest.java:25)
at java.base/java.util.ArrayList.forEach(ArrayList.java:1541)
... Removed 43 stack frames]]>
    </failure>
  </testcase> <!-- @BeforeMethod setUp -->
  <testcase classname="com.niveus.afya.testcase.LoginPageTest" name="@AfterMethod tearDown" time="-1.628576182817E9">
    <skipped/>
  </testcase> <!-- @AfterMethod tearDown -->
  <testcase classname="com.niveus.afya.testcase.LoginPageTest" name="@BeforeMethod setUp" time="-1.628576182817E9">
    <skipped/>
  </testcase> <!-- @BeforeMethod setUp -->
  <testcase classname="com.niveus.afya.testcase.LoginPageTest" name="@AfterMethod tearDown" time="-1.628576182818E9">
    <skipped/>
  </testcase> <!-- @AfterMethod tearDown -->
  <testcase classname="com.niveus.afya.testcase.LoginPageTest" name="@BeforeMethod setUp" time="-1.628576182819E9">
    <skipped/>
  </testcase> <!-- @BeforeMethod setUp -->
  <testcase classname="com.niveus.afya.testcase.LoginPageTest" name="@AfterMethod tearDown" time="-1.628576182825E9">
    <skipped/>
  </testcase> <!-- @AfterMethod tearDown -->
  <testcase classname="com.niveus.afya.testcase.LoginPageTest" name="@BeforeMethod setUp" time="-1.628576182825E9">
    <skipped/>
  </testcase> <!-- @BeforeMethod setUp -->
  <testcase classname="com.niveus.afya.testcase.LoginPageTest" name="@AfterMethod tearDown" time="-1.628576182826E9">
    <skipped/>
  </testcase> <!-- @AfterMethod tearDown -->
  <testcase classname="com.niveus.afya.testcase.LoginPageTest" name="@BeforeMethod setUp" time="-1.628576182827E9">
    <skipped/>
  </testcase> <!-- @BeforeMethod setUp -->
  <testcase classname="com.niveus.afya.testcase.LoginPageTest" name="@AfterMethod tearDown" time="-1.628576182827E9">
    <skipped/>
  </testcase> <!-- @AfterMethod tearDown -->
  <testcase classname="com.niveus.afya.testcase.ProfileTest" name="@BeforeMethod setUp" time="50.444">
    <failure type="org.openqa.selenium.TimeoutException" message="timeout: Timed out receiving message from renderer: 48.397
  (Session info: headless chrome=91.0.4472.101)
Build info: version: &amp;apos;3.141.59&amp;apos;, revision: &amp;apos;e82be7d358&amp;apos;, time: &amp;apos;2018-11-14T08:17:03&amp;apos;
System info: host: &amp;apos;niveus-HP-EliteBook-820-G3&amp;apos;, ip: &amp;apos;127.0.1.1&amp;apos;, os.name: &amp;apos;Linux&amp;apos;, os.arch: &amp;apos;amd64&amp;apos;, os.version: &amp;apos;5.4.0-73-generic&amp;apos;, java.version: &amp;apos;11.0.11&amp;apos;
Driver info: org.openqa.selenium.chrome.ChromeDriver
Capabilities {acceptInsecureCerts: false, browserName: chrome, browserVersion: 91.0.4472.101, chrome: {chromedriverVersion: 91.0.4472.101 (af52a90bf870..., userDataDir: /tmp/.com.google.Chrome.wxTVAi}, goog:chromeOptions: {debuggerAddress: localhost:33975}, javascriptEnabled: true, networkConnectionEnabled: false, pageLoadStrategy: normal, platform: LINUX, platformName: LINUX, proxy: Proxy(), setWindowRect: true, strictFileInteractability: false, timeouts: {implicit: 0, pageLoad: 300000, script: 30000}, unhandledPromptBehavior: dismiss and notify, webauthn:extension:largeBlob: true, webauthn:virtualAuthenticators: true}
Session ID: e41ee184282836de89c4802408bad271">
      <![CDATA[org.openqa.selenium.TimeoutException: timeout: Timed out receiving message from renderer: 48.397
  (Session info: headless chrome=91.0.4472.101)
Build info: version: '3.141.59', revision: 'e82be7d358', time: '2018-11-14T08:17:03'
System info: host: 'niveus-HP-EliteBook-820-G3', ip: '127.0.1.1', os.name: 'Linux', os.arch: 'amd64', os.version: '5.4.0-73-generic', java.version: '11.0.11'
Driver info: org.openqa.selenium.chrome.ChromeDriver
Capabilities {acceptInsecureCerts: false, browserName: chrome, browserVersion: 91.0.4472.101, chrome: {chromedriverVersion: 91.0.4472.101 (af52a90bf870..., userDataDir: /tmp/.com.google.Chrome.wxTVAi}, goog:chromeOptions: {debuggerAddress: localhost:33975}, javascriptEnabled: true, networkConnectionEnabled: false, pageLoadStrategy: normal, platform: LINUX, platformName: LINUX, proxy: Proxy(), setWindowRect: true, strictFileInteractability: false, timeouts: {implicit: 0, pageLoad: 300000, script: 30000}, unhandledPromptBehavior: dismiss and notify, webauthn:extension:largeBlob: true, webauthn:virtualAuthenticators: true}
Session ID: e41ee184282836de89c4802408bad271
at org.openqa.selenium.remote.http.W3CHttpResponseCodec.createException(W3CHttpResponseCodec.java:187)
at org.openqa.selenium.remote.http.W3CHttpResponseCodec.decode(W3CHttpResponseCodec.java:122)
at org.openqa.selenium.remote.http.W3CHttpResponseCodec.decode(W3CHttpResponseCodec.java:49)
at org.openqa.selenium.remote.HttpCommandExecutor.execute(HttpCommandExecutor.java:158)
at org.openqa.selenium.remote.service.DriverCommandExecutor.execute(DriverCommandExecutor.java:83)
at org.openqa.selenium.remote.RemoteWebDriver.execute(RemoteWebDriver.java:552)
at org.openqa.selenium.remote.RemoteWebDriver.get(RemoteWebDriver.java:277)
at org.openqa.selenium.support.events.EventFiringWebDriver.lambda$new$1(EventFiringWebDriver.java:105)
at com.sun.proxy.$Proxy8.get(Unknown Source)
at org.openqa.selenium.support.events.EventFiringWebDriver.get(EventFiringWebDriver.java:165)
at com.Base.TestBase.initialization(TestBase.java:79)
at com.niveus.afya.testcase.ProfileTest.setUp(ProfileTest.java:31)
at java.base/java.util.ArrayList.forEach(ArrayList.java:1541)
... Removed 43 stack frames]]>
    </failure>
  </testcase> <!-- @BeforeMethod setUp -->
  <testcase classname="com.niveus.afya.testcase.ProfileTest" name="@AfterMethod tearDown" time="-1.628576233273E9">
    <skipped/>
  </testcase> <!-- @AfterMethod tearDown -->
  <testcase classname="com.niveus.afya.testcase.ProfileTest" name="@BeforeMethod setUp" time="-1.628576233274E9">
    <skipped/>
  </testcase> <!-- @BeforeMethod setUp -->
  <testcase classname="com.niveus.afya.testcase.ProfileTest" name="@AfterMethod tearDown" time="-1.628576233275E9">
    <skipped/>
  </testcase> <!-- @AfterMethod tearDown -->
  <testcase classname="com.niveus.afya.testcase.ProfileTest" name="@BeforeMethod setUp" time="-1.628576233275E9">
    <skipped/>
  </testcase> <!-- @BeforeMethod setUp -->
  <testcase classname="com.niveus.afya.testcase.ProfileTest" name="@AfterMethod tearDown" time="-1.628576233276E9">
    <skipped/>
  </testcase> <!-- @AfterMethod tearDown -->
  <testcase classname="com.niveus.afya.testcase.ProfileTest" name="@BeforeMethod setUp" time="-1.628576233276E9">
    <skipped/>
  </testcase> <!-- @BeforeMethod setUp -->
  <testcase classname="com.niveus.afya.testcase.ProfileTest" name="@AfterMethod tearDown" time="-1.628576233277E9">
    <skipped/>
  </testcase> <!-- @AfterMethod tearDown -->
  <testcase classname="com.niveus.afya.testcase.ProfileTest" name="@BeforeMethod setUp" time="-1.628576233278E9">
    <skipped/>
  </testcase> <!-- @BeforeMethod setUp -->
  <testcase classname="com.niveus.afya.testcase.ProfileTest" name="@AfterMethod tearDown" time="-1.628576233278E9">
    <skipped/>
  </testcase> <!-- @AfterMethod tearDown -->
  <testcase classname="com.niveus.afya.testcase.ProfileTest" name="@BeforeMethod setUp" time="-1.628576233279E9">
    <skipped/>
  </testcase> <!-- @BeforeMethod setUp -->
  <testcase classname="com.niveus.afya.testcase.ProfileTest" name="@AfterMethod tearDown" time="-1.628576233279E9">
    <skipped/>
  </testcase> <!-- @AfterMethod tearDown -->
  <testcase classname="com.niveus.afya.testcase.ProfileTest" name="@BeforeMethod setUp" time="-1.62857623328E9">
    <skipped/>
  </testcase> <!-- @BeforeMethod setUp -->
  <testcase classname="com.niveus.afya.testcase.ProfileTest" name="@AfterMethod tearDown" time="-1.62857623328E9">
    <skipped/>
  </testcase> <!-- @AfterMethod tearDown -->
  <testcase classname="com.niveus.afya.testcase.ProfileTest" name="@BeforeMethod setUp" time="-1.628576233281E9">
    <skipped/>
  </testcase> <!-- @BeforeMethod setUp -->
  <testcase classname="com.niveus.afya.testcase.ProfileTest" name="@AfterMethod tearDown" time="-1.628576233281E9">
    <skipped/>
  </testcase> <!-- @AfterMethod tearDown -->
  <testcase classname="com.niveus.afya.testcase.SortTest" name="closeSortTest" time="0.913"/>
  <testcase classname="com.niveus.afya.testcase.SortTest" name="getSortOptionsTest" time="0.104"/>
  <testcase classname="com.niveus.afya.testcase.SortTest" name="sortSectionIsEnabledTest" time="0.089"/>
  <testcase classname="com.niveus.afya.testcase.SortTest" name="verifySortTest" time="0.0">
    <skipped/>
  </testcase> <!-- verifySortTest -->
  <testcase classname="com.niveus.afya.testcase.HomePageTest" name="chatFilterTest" time="3.771"/>
  <testcase classname="com.niveus.afya.testcase.HomePageTest" name="getHeaderTest" time="2.96"/>
  <testcase classname="com.niveus.afya.testcase.HomePageTest" name="loginUSerNameTest" time="2.694"/>
  <testcase classname="com.niveus.afya.testcase.HomePageTest" name="searchIsEnabled" time="4.033"/>
  <testcase classname="com.niveus.afya.testcase.HomePageTest" name="sortFilterBtnTest" time="3.714"/>
  <testcase classname="com.niveus.afya.testcase.HomePageTest" name="userLandingpageFilterTest" time="6.553"/>
  <testcase classname="com.niveus.afya.testcase.HomePageTest" name="verifyAfyaLogoTest" time="3.627"/>
  <testcase classname="com.niveus.afya.testcase.HomePageTest" name="verifySubmitterPageTest" time="6.685"/>
  <testcase classname="com.niveus.afya.testcase.ChooseRoleTest" name="clickOnRole" time="14.656"/>
  <testcase classname="com.niveus.afya.testcase.ChooseRoleTest" name="responderRoleIsEnabled" time="7.686"/>
  <testcase classname="com.niveus.afya.testcase.ChooseRoleTest" name="submittrRoleIsEnable" time="30.11">
    <failure type="org.openqa.selenium.NoSuchElementException" message="no such element: Unable to locate element: {&amp;quot;method&amp;quot;:&amp;quot;xpath&amp;quot;,&amp;quot;selector&amp;quot;:&amp;quot;//span[text()=&amp;apos;Submitter Provider&amp;apos;]/parent::div&amp;quot;}
  (Session info: headless chrome=91.0.4472.101)
For documentation on this error, please visit: https://www.seleniumhq.org/exceptions/no_such_element.html
Build info: version: &amp;apos;3.141.59&amp;apos;, revision: &amp;apos;e82be7d358&amp;apos;, time: &amp;apos;2018-11-14T08:17:03&amp;apos;
System info: host: &amp;apos;niveus-HP-EliteBook-820-G3&amp;apos;, ip: &amp;apos;127.0.1.1&amp;apos;, os.name: &amp;apos;Linux&amp;apos;, os.arch: &amp;apos;amd64&amp;apos;, os.version: &amp;apos;5.4.0-73-generic&amp;apos;, java.version: &amp;apos;11.0.11&amp;apos;
Driver info: org.openqa.selenium.chrome.ChromeDriver
Capabilities {acceptInsecureCerts: false, browserName: chrome, browserVersion: 91.0.4472.101, chrome: {chromedriverVersion: 91.0.4472.101 (af52a90bf870..., userDataDir: /tmp/.com.google.Chrome.jBN2Lt}, goog:chromeOptions: {debuggerAddress: localhost:38815}, javascriptEnabled: true, networkConnectionEnabled: false, pageLoadStrategy: normal, platform: LINUX, platformName: LINUX, proxy: Proxy(), setWindowRect: true, strictFileInteractability: false, timeouts: {implicit: 0, pageLoad: 300000, script: 30000}, unhandledPromptBehavior: dismiss and notify, webauthn:extension:largeBlob: true, webauthn:virtualAuthenticators: true}
Session ID: 5feeec612bb9047386c565c7df42ddc5
*** Element info: {Using=xpath, value=//span[text()=&amp;apos;Submitter Provider&amp;apos;]/parent::div}">
      <![CDATA[org.openqa.selenium.NoSuchElementException: no such element: Unable to locate element: {"method":"xpath","selector":"//span[text()='Submitter Provider']/parent::div"}
  (Session info: headless chrome=91.0.4472.101)
For documentation on this error, please visit: https://www.seleniumhq.org/exceptions/no_such_element.html
Build info: version: '3.141.59', revision: 'e82be7d358', time: '2018-11-14T08:17:03'
System info: host: 'niveus-HP-EliteBook-820-G3', ip: '127.0.1.1', os.name: 'Linux', os.arch: 'amd64', os.version: '5.4.0-73-generic', java.version: '11.0.11'
Driver info: org.openqa.selenium.chrome.ChromeDriver
Capabilities {acceptInsecureCerts: false, browserName: chrome, browserVersion: 91.0.4472.101, chrome: {chromedriverVersion: 91.0.4472.101 (af52a90bf870..., userDataDir: /tmp/.com.google.Chrome.jBN2Lt}, goog:chromeOptions: {debuggerAddress: localhost:38815}, javascriptEnabled: true, networkConnectionEnabled: false, pageLoadStrategy: normal, platform: LINUX, platformName: LINUX, proxy: Proxy(), setWindowRect: true, strictFileInteractability: false, timeouts: {implicit: 0, pageLoad: 300000, script: 30000}, unhandledPromptBehavior: dismiss and notify, webauthn:extension:largeBlob: true, webauthn:virtualAuthenticators: true}
Session ID: 5feeec612bb9047386c565c7df42ddc5
*** Element info: {Using=xpath, value=//span[text()='Submitter Provider']/parent::div}
at org.openqa.selenium.remote.http.W3CHttpResponseCodec.createException(W3CHttpResponseCodec.java:187)
at org.openqa.selenium.remote.http.W3CHttpResponseCodec.decode(W3CHttpResponseCodec.java:122)
at org.openqa.selenium.remote.http.W3CHttpResponseCodec.decode(W3CHttpResponseCodec.java:49)
at org.openqa.selenium.remote.HttpCommandExecutor.execute(HttpCommandExecutor.java:158)
at org.openqa.selenium.remote.service.DriverCommandExecutor.execute(DriverCommandExecutor.java:83)
at org.openqa.selenium.remote.RemoteWebDriver.execute(RemoteWebDriver.java:552)
at org.openqa.selenium.remote.RemoteWebDriver.findElement(RemoteWebDriver.java:323)
at org.openqa.selenium.remote.RemoteWebDriver.findElementByXPath(RemoteWebDriver.java:428)
at org.openqa.selenium.By$ByXPath.findElement(By.java:353)
at org.openqa.selenium.remote.RemoteWebDriver.findElement(RemoteWebDriver.java:315)
at org.openqa.selenium.support.events.EventFiringWebDriver.lambda$new$1(EventFiringWebDriver.java:105)
at com.sun.proxy.$Proxy8.findElement(Unknown Source)
at org.openqa.selenium.support.events.EventFiringWebDriver.findElement(EventFiringWebDriver.java:194)
at org.openqa.selenium.support.pagefactory.DefaultElementLocator.findElement(DefaultElementLocator.java:69)
at org.openqa.selenium.support.pagefactory.internal.LocatingElementHandler.invoke(LocatingElementHandler.java:38)
at com.sun.proxy.$Proxy12.isEnabled(Unknown Source)
at com.pages.ChooseRolePage.isRoleDisplayed(ChooseRolePage.java:47)
at com.niveus.afya.testcase.ChooseRoleTest.submittrRoleIsEnable(ChooseRoleTest.java:43)
at java.base/java.util.ArrayList.forEach(ArrayList.java:1541)
... Removed 39 stack frames]]>
    </failure>
  </testcase> <!-- submittrRoleIsEnable -->
  <testcase classname="com.niveus.afya.testcase.ChooseRoleTest" name="verifyChooseRoleLabel" time="4.257"/>
  <testcase classname="com.niveus.afya.testcase.SwitchRoleTest" name="switcgRoleIsEnabledTest" time="2.741"/>
  <testcase classname="com.niveus.afya.testcase.SwitchRoleTest" name="clickOnSwitchRoleTest" time="3.442"/>
  <testcase classname="com.niveus.afya.testcase.SwitchRoleTest" name="isRolesDisplayedTest" time="5.894"/>
  <testcase classname="com.niveus.afya.testcase.SwitchRoleTest" name="clickOnRolesTest" time="5.635"/>
  <testcase classname="com.niveus.afya.testcase.AlertPageTest" name="alertImageTest" time="3.303"/>
  <testcase classname="com.niveus.afya.testcase.AlertPageTest" name="verifyAlertTest" time="3.019"/>
  <testcase classname="com.niveus.afya.testcase.AlertPageTest" name="clickOnAlert" time="3.272"/>
  <testcase classname="com.niveus.afya.testcase.SearchTest" name="clearSearchData" time="0.528"/>
  <testcase classname="com.niveus.afya.testcase.SearchTest" name="clearSearchEnabledTest" time="0.501"/>
  <testcase classname="com.niveus.afya.testcase.SearchTest" name="doSearchTest" time="0.382"/>
  <testcase classname="com.niveus.afya.testcase.FilterTest" name="allFilterTest" time="0.1"/>
  <testcase classname="com.niveus.afya.testcase.FilterTest" name="selectFilter" time="2.44">
    <failure type="org.openqa.selenium.ElementClickInterceptedException" message="element click intercepted: Element &amp;lt;span class=&amp;quot;ant-typography ant-typography-small,black small___3HJfZ black___3XTln  undefined&amp;quot; role=&amp;quot;text_comp&amp;quot; data-text-type=&amp;quot;small,black&amp;quot;&amp;gt;...&amp;lt;/span&amp;gt; is not clickable at point (59, 243). Other element would receive the click: &amp;lt;div role=&amp;quot;spinner&amp;quot; class=&amp;quot;ant-spin ant-spin-spinning&amp;quot;&amp;gt;...&amp;lt;/div&amp;gt;
  (Session info: headless chrome=91.0.4472.101)
Build info: version: &amp;apos;3.141.59&amp;apos;, revision: &amp;apos;e82be7d358&amp;apos;, time: &amp;apos;2018-11-14T08:17:03&amp;apos;
System info: host: &amp;apos;niveus-HP-EliteBook-820-G3&amp;apos;, ip: &amp;apos;127.0.1.1&amp;apos;, os.name: &amp;apos;Linux&amp;apos;, os.arch: &amp;apos;amd64&amp;apos;, os.version: &amp;apos;5.4.0-73-generic&amp;apos;, java.version: &amp;apos;11.0.11&amp;apos;
Driver info: org.openqa.selenium.chrome.ChromeDriver
Capabilities {acceptInsecureCerts: false, browserName: chrome, browserVersion: 91.0.4472.101, chrome: {chromedriverVersion: 91.0.4472.101 (af52a90bf870..., userDataDir: /tmp/.com.google.Chrome.siVXCp}, goog:chromeOptions: {debuggerAddress: localhost:36099}, javascriptEnabled: true, networkConnectionEnabled: false, pageLoadStrategy: normal, platform: LINUX, platformName: LINUX, proxy: Proxy(), setWindowRect: true, strictFileInteractability: false, timeouts: {implicit: 0, pageLoad: 300000, script: 30000}, unhandledPromptBehavior: dismiss and notify, webauthn:extension:largeBlob: true, webauthn:virtualAuthenticators: true}
Session ID: dcd644ecba804c717062367aea683c49">
      <![CDATA[org.openqa.selenium.ElementClickInterceptedException: element click intercepted: Element <span class="ant-typography ant-typography-small,black small___3HJfZ black___3XTln  undefined" role="text_comp" data-text-type="small,black">...</span> is not clickable at point (59, 243). Other element would receive the click: <div role="spinner" class="ant-spin ant-spin-spinning">...</div>
  (Session info: headless chrome=91.0.4472.101)
Build info: version: '3.141.59', revision: 'e82be7d358', time: '2018-11-14T08:17:03'
System info: host: 'niveus-HP-EliteBook-820-G3', ip: '127.0.1.1', os.name: 'Linux', os.arch: 'amd64', os.version: '5.4.0-73-generic', java.version: '11.0.11'
Driver info: org.openqa.selenium.chrome.ChromeDriver
Capabilities {acceptInsecureCerts: false, browserName: chrome, browserVersion: 91.0.4472.101, chrome: {chromedriverVersion: 91.0.4472.101 (af52a90bf870..., userDataDir: /tmp/.com.google.Chrome.siVXCp}, goog:chromeOptions: {debuggerAddress: localhost:36099}, javascriptEnabled: true, networkConnectionEnabled: false, pageLoadStrategy: normal, platform: LINUX, platformName: LINUX, proxy: Proxy(), setWindowRect: true, strictFileInteractability: false, timeouts: {implicit: 0, pageLoad: 300000, script: 30000}, unhandledPromptBehavior: dismiss and notify, webauthn:extension:largeBlob: true, webauthn:virtualAuthenticators: true}
Session ID: dcd644ecba804c717062367aea683c49
at org.openqa.selenium.remote.http.W3CHttpResponseCodec.createException(W3CHttpResponseCodec.java:187)
at org.openqa.selenium.remote.http.W3CHttpResponseCodec.decode(W3CHttpResponseCodec.java:122)
at org.openqa.selenium.remote.http.W3CHttpResponseCodec.decode(W3CHttpResponseCodec.java:49)
at org.openqa.selenium.remote.HttpCommandExecutor.execute(HttpCommandExecutor.java:158)
at org.openqa.selenium.remote.service.DriverCommandExecutor.execute(DriverCommandExecutor.java:83)
at org.openqa.selenium.remote.RemoteWebDriver.execute(RemoteWebDriver.java:552)
at org.openqa.selenium.remote.RemoteWebElement.execute(RemoteWebElement.java:285)
at org.openqa.selenium.remote.RemoteWebElement.click(RemoteWebElement.java:84)
at org.openqa.selenium.support.events.EventFiringWebDriver$EventFiringWebElement.lambda$new$0(EventFiringWebDriver.java:404)
at com.sun.proxy.$Proxy13.click(Unknown Source)
at org.openqa.selenium.support.events.EventFiringWebDriver$EventFiringWebElement.click(EventFiringWebDriver.java:417)
at com.pages.FilterPage.isFilterActive(FilterPage.java:91)
at com.niveus.afya.testcase.FilterTest.selectFilter(FilterTest.java:56)
at java.base/java.util.ArrayList.forEach(ArrayList.java:1541)
... Removed 39 stack frames]]>
    </failure>
  </testcase> <!-- selectFilter -->
  <testcase classname="com.niveus.afya.testcase.FilterTest" name="closeFilterTest" time="30.261"/>
  <testcase classname="com.niveus.afya.testcase.ChatPageTest" name="clikcOnChatSessionTest" time="0.0">
    <skipped/>
  </testcase> <!-- clikcOnChatSessionTest -->
  <testcase classname="com.niveus.afya.testcase.ChatPageTest" name="chatHeaderVisibiltyTest" time="0.0">
    <skipped/>
  </testcase> <!-- chatHeaderVisibiltyTest -->
  <testcase classname="com.niveus.afya.testcase.ChatPageTest" name="chatAreaElementTest" time="0.0">
    <skipped/>
  </testcase> <!-- chatAreaElementTest -->
  <testcase classname="com.niveus.afya.testcase.ChatPageTest" name="mediaFilesSectionTest" time="0.0">
    <skipped/>
  </testcase> <!-- mediaFilesSectionTest -->
  <testcase classname="com.niveus.afya.testcase.ChatPageTest" name="atCodesVisibilityTest" time="0.0">
    <skipped/>
  </testcase> <!-- atCodesVisibilityTest -->
  <testcase classname="com.niveus.afya.testcase.ChatPageTest" name="videoMemberListTest" time="0.0">
    <skipped/>
  </testcase> <!-- videoMemberListTest -->
  <testcase classname="com.niveus.afya.testcase.LoginPageTest" name="loginTest" time="0.363"/>
  <testcase classname="com.niveus.afya.testcase.LoginPageTest" name="loginTest" time="1.178"/>
  <testcase classname="com.niveus.afya.testcase.LoginPageTest" name="loginTest" time="0.0">
    <skipped/>
  </testcase> <!-- loginTest -->
  <testcase classname="com.niveus.afya.testcase.LoginPageTest" name="loginTest" time="0.0">
    <skipped/>
  </testcase> <!-- loginTest -->
  <testcase classname="com.niveus.afya.testcase.LoginPageTest" name="loginTest" time="0.0">
    <skipped/>
  </testcase> <!-- loginTest -->
  <testcase classname="com.niveus.afya.testcase.LoginPageTest" name="loginPagelabelTest" time="0.0">
    <skipped/>
  </testcase> <!-- loginPagelabelTest -->
  <testcase classname="com.niveus.afya.testcase.LoginPageTest" name="loginPageTitleTest" time="0.0">
    <skipped/>
  </testcase> <!-- loginPageTitleTest -->
  <testcase classname="com.niveus.afya.testcase.ProfileTest" name="myProfileVisibilityTest" time="0.0">
    <skipped/>
  </testcase> <!-- myProfileVisibilityTest -->
  <testcase classname="com.niveus.afya.testcase.ProfileTest" name="clikcOnProfileTest" time="0.0">
    <skipped/>
  </testcase> <!-- clikcOnProfileTest -->
  <testcase classname="com.niveus.afya.testcase.ProfileTest" name="profileHeaderTest" time="0.001">
    <skipped/>
  </testcase> <!-- profileHeaderTest -->
  <testcase classname="com.niveus.afya.testcase.ProfileTest" name="LoggedInUserNameTest" time="0.0">
    <skipped/>
  </testcase> <!-- LoggedInUserNameTest -->
  <testcase classname="com.niveus.afya.testcase.ProfileTest" name="userRoleInProfileTest" time="0.0">
    <skipped/>
  </testcase> <!-- userRoleInProfileTest -->
  <testcase classname="com.niveus.afya.testcase.ProfileTest" name="updateUserInformationTest" time="0.0">
    <skipped/>
  </testcase> <!-- updateUserInformationTest -->
  <testcase classname="com.niveus.afya.testcase.ProfileTest" name="uploadProfileImageTest" time="0.0">
    <skipped/>
  </testcase> <!-- uploadProfileImageTest -->
  <testcase classname="com.niveus.afya.testcase.ProfileTest" name="userProfileTest" time="0.0">
    <skipped/>
  </testcase> <!-- userProfileTest -->
</testsuite> <!-- Surefire test -->
