<!DOCTYPE html>

<html>
  <head>
  <meta charset='utf-8'>
  <title>TestNG reports</title>

    <link type="text/css" href="testng-reports1.css" rel="stylesheet" id="ultra" />
    <link type="text/css" href="testng-reports.css" rel="stylesheet" id="retro" disabled="false"/>
    <script type="text/javascript" src="jquery.min.js"></script>
    <script type="text/javascript" src="testng-reports.js"></script>
    <script type="text/javascript" src="https://www.google.com/jsapi"></script>
    <script type='text/javascript'>
      google.load('visualization', '1', {packages:['table']});
      google.setOnLoadCallback(drawTable);
      var suiteTableInitFunctions = new Array();
      var suiteTableData = new Array();
    </script>
    <!--
      <script type="text/javascript" src="jquery-ui/js/jquery-ui-1.8.16.custom.min.js"></script>
     -->
  </head>

  <body>
    <div class="top-banner-root">
      <span class="top-banner-title-font">Test results</span>
      <button id="button" class="button">Switch Retro Theme</button> <!-- button -->
      <br/>
      <span class="top-banner-font-1">1 suite, 2 failed tests</span>
    </div> <!-- top-banner-root -->
    <div class="navigator-root">
      <div class="navigator-suite-header">
        <span>All suites</span>
        <a href="#" title="Collapse/expand all the suites" class="collapse-all-link">
          <img src="collapseall.gif" class="collapse-all-icon">
          </img> <!-- collapse-all-icon -->
        </a> <!-- collapse-all-link -->
      </div> <!-- navigator-suite-header -->
      <div class="suite">
        <div class="rounded-window">
          <div class="suite-header light-rounded-window-top">
            <a href="#" panel-name="suite-Surefire_suite" class="navigator-link">
              <span class="suite-name border-failed">Surefire suite</span>
            </a> <!-- navigator-link -->
          </div> <!-- suite-header light-rounded-window-top -->
          <div class="navigator-suite-content">
            <div class="suite-section-title">
              <span>Info</span>
            </div> <!-- suite-section-title -->
            <div class="suite-section-content">
              <ul>
                <li>
                  <a href="#" panel-name="test-xml-Surefire_suite" class="navigator-link ">
                    <span>[unset file name]</span>
                  </a> <!-- navigator-link  -->
                </li>
                <li>
                  <a href="#" panel-name="testlist-Surefire_suite" class="navigator-link ">
                    <span class="test-stats">1 test</span>
                  </a> <!-- navigator-link  -->
                </li>
                <li>
                  <a href="#" panel-name="group-Surefire_suite" class="navigator-link ">
                    <span>0 groups</span>
                  </a> <!-- navigator-link  -->
                </li>
                <li>
                  <a href="#" panel-name="times-Surefire_suite" class="navigator-link ">
                    <span>Times</span>
                  </a> <!-- navigator-link  -->
                </li>
                <li>
                  <a href="#" panel-name="reporter-Surefire_suite" class="navigator-link ">
                    <span>Reporter output</span>
                  </a> <!-- navigator-link  -->
                </li>
                <li>
                  <a href="#" panel-name="ignored-methods-Surefire_suite" class="navigator-link ">
                    <span>Ignored methods</span>
                  </a> <!-- navigator-link  -->
                </li>
                <li>
                  <a href="#" panel-name="chronological-Surefire_suite" class="navigator-link ">
                    <span>Chronological view</span>
                  </a> <!-- navigator-link  -->
                </li>
              </ul>
            </div> <!-- suite-section-content -->
            <div class="result-section">
              <div class="suite-section-title">
                <span>Results</span>
              </div> <!-- suite-section-title -->
              <div class="suite-section-content">
                <ul>
                  <li>
                    <span class="method-stats">50 methods, 2 failed,  20 skipped,  28 passed</span>
                  </li>
                  <li>
                    <span class="method-list-title failed">Failed methods</span>
                    <span class="show-or-hide-methods failed">
                      <a href="#" panel-name="suite-Surefire_suite" class="hide-methods failed suite-Surefire_suite"> (hide)</a> <!-- hide-methods failed suite-Surefire_suite -->
                      <a href="#" panel-name="suite-Surefire_suite" class="show-methods failed suite-Surefire_suite"> (show)</a> <!-- show-methods failed suite-Surefire_suite -->
                    </span>
                    <div class="method-list-content failed suite-Surefire_suite">
                      <span>
                        <img src="failed.png" width="3%"/>
                        <a href="#" panel-name="suite-Surefire_suite" title="com.niveus.afya.testcase.FilterTest" class="method navigator-link" hash-for-method="selectFilter">selectFilter</a> <!-- method navigator-link -->
                      </span>
                      <br/>
                      <span>
                        <img src="failed.png" width="3%"/>
                        <a href="#" panel-name="suite-Surefire_suite" title="com.niveus.afya.testcase.ChooseRoleTest" class="method navigator-link" hash-for-method="submittrRoleIsEnable">submittrRoleIsEnable</a> <!-- method navigator-link -->
                      </span>
                      <br/>
                    </div> <!-- method-list-content failed suite-Surefire_suite -->
                  </li>
                  <li>
                    <span class="method-list-title skipped">Skipped methods</span>
                    <span class="show-or-hide-methods skipped">
                      <a href="#" panel-name="suite-Surefire_suite" class="hide-methods skipped suite-Surefire_suite"> (hide)</a> <!-- hide-methods skipped suite-Surefire_suite -->
                      <a href="#" panel-name="suite-Surefire_suite" class="show-methods skipped suite-Surefire_suite"> (show)</a> <!-- show-methods skipped suite-Surefire_suite -->
                    </span>
                    <div class="method-list-content skipped suite-Surefire_suite">
                      <span>
                        <img src="skipped.png" width="3%"/>
                        <a href="#" panel-name="suite-Surefire_suite" title="com.niveus.afya.testcase.ProfileTest" class="method navigator-link" hash-for-method="LoggedInUserNameTest">LoggedInUserNameTest</a> <!-- method navigator-link -->
                      </span>
                      <br/>
                      <span>
                        <img src="skipped.png" width="3%"/>
                        <a href="#" panel-name="suite-Surefire_suite" title="com.niveus.afya.testcase.ChatPageTest" class="method navigator-link" hash-for-method="atCodesVisibilityTest">atCodesVisibilityTest</a> <!-- method navigator-link -->
                      </span>
                      <br/>
                      <span>
                        <img src="skipped.png" width="3%"/>
                        <a href="#" panel-name="suite-Surefire_suite" title="com.niveus.afya.testcase.ChatPageTest" class="method navigator-link" hash-for-method="chatAreaElementTest">chatAreaElementTest</a> <!-- method navigator-link -->
                      </span>
                      <br/>
                      <span>
                        <img src="skipped.png" width="3%"/>
                        <a href="#" panel-name="suite-Surefire_suite" title="com.niveus.afya.testcase.ChatPageTest" class="method navigator-link" hash-for-method="chatHeaderVisibiltyTest">chatHeaderVisibiltyTest</a> <!-- method navigator-link -->
                      </span>
                      <br/>
                      <span>
                        <img src="skipped.png" width="3%"/>
                        <a href="#" panel-name="suite-Surefire_suite" title="com.niveus.afya.testcase.ChatPageTest" class="method navigator-link" hash-for-method="clikcOnChatSessionTest">clikcOnChatSessionTest</a> <!-- method navigator-link -->
                      </span>
                      <br/>
                      <span>
                        <img src="skipped.png" width="3%"/>
                        <a href="#" panel-name="suite-Surefire_suite" title="com.niveus.afya.testcase.ProfileTest" class="method navigator-link" hash-for-method="clikcOnProfileTest">clikcOnProfileTest</a> <!-- method navigator-link -->
                      </span>
                      <br/>
                      <span>
                        <img src="skipped.png" width="3%"/>
                        <a href="#" panel-name="suite-Surefire_suite" title="com.niveus.afya.testcase.LoginPageTest" class="method navigator-link" hash-for-method="loginPageTitleTest">loginPageTitleTest</a> <!-- method navigator-link -->
                      </span>
                      <br/>
                      <span>
                        <img src="skipped.png" width="3%"/>
                        <a href="#" panel-name="suite-Surefire_suite" title="com.niveus.afya.testcase.LoginPageTest" class="method navigator-link" hash-for-method="loginPagelabelTest">loginPagelabelTest</a> <!-- method navigator-link -->
                      </span>
                      <br/>
                      <span>
                        <img src="skipped.png" width="3%"/>
                        <a href="#" panel-name="suite-Surefire_suite" title="com.niveus.afya.testcase.LoginPageTest" class="method navigator-link" hash-for-method="loginTest(doc12@gmail.com, Aa123456@)">loginTest(doc12@gmail.com, Aa123456@)</a> <!-- method navigator-link -->
                      </span>
                      <br/>
                      <span>
                        <img src="skipped.png" width="3%"/>
                        <a href="#" panel-name="suite-Surefire_suite" title="com.niveus.afya.testcase.LoginPageTest" class="method navigator-link" hash-for-method="loginTest(manoharkunder123@gmail.com, Aa123456@)">loginTest(manoharkunder123@gmail.com, Aa123456@)</a> <!-- method navigator-link -->
                      </span>
                      <br/>
                      <span>
                        <img src="skipped.png" width="3%"/>
                        <a href="#" panel-name="suite-Surefire_suite" title="com.niveus.afya.testcase.LoginPageTest" class="method navigator-link" hash-for-method="loginTest(megh@gmail.com, Aa123456@)">loginTest(megh@gmail.com, Aa123456@)</a> <!-- method navigator-link -->
                      </span>
                      <br/>
                      <span>
                        <img src="skipped.png" width="3%"/>
                        <a href="#" panel-name="suite-Surefire_suite" title="com.niveus.afya.testcase.ChatPageTest" class="method navigator-link" hash-for-method="mediaFilesSectionTest">mediaFilesSectionTest</a> <!-- method navigator-link -->
                      </span>
                      <br/>
                      <span>
                        <img src="skipped.png" width="3%"/>
                        <a href="#" panel-name="suite-Surefire_suite" title="com.niveus.afya.testcase.ProfileTest" class="method navigator-link" hash-for-method="myProfileVisibilityTest">myProfileVisibilityTest</a> <!-- method navigator-link -->
                      </span>
                      <br/>
                      <span>
                        <img src="skipped.png" width="3%"/>
                        <a href="#" panel-name="suite-Surefire_suite" title="com.niveus.afya.testcase.ProfileTest" class="method navigator-link" hash-for-method="profileHeaderTest">profileHeaderTest</a> <!-- method navigator-link -->
                      </span>
                      <br/>
                      <span>
                        <img src="skipped.png" width="3%"/>
                        <a href="#" panel-name="suite-Surefire_suite" title="com.niveus.afya.testcase.ProfileTest" class="method navigator-link" hash-for-method="updateUserInformationTest">updateUserInformationTest</a> <!-- method navigator-link -->
                      </span>
                      <br/>
                      <span>
                        <img src="skipped.png" width="3%"/>
                        <a href="#" panel-name="suite-Surefire_suite" title="com.niveus.afya.testcase.ProfileTest" class="method navigator-link" hash-for-method="uploadProfileImageTest">uploadProfileImageTest</a> <!-- method navigator-link -->
                      </span>
                      <br/>
                      <span>
                        <img src="skipped.png" width="3%"/>
                        <a href="#" panel-name="suite-Surefire_suite" title="com.niveus.afya.testcase.ProfileTest" class="method navigator-link" hash-for-method="userProfileTest">userProfileTest</a> <!-- method navigator-link -->
                      </span>
                      <br/>
                      <span>
                        <img src="skipped.png" width="3%"/>
                        <a href="#" panel-name="suite-Surefire_suite" title="com.niveus.afya.testcase.ProfileTest" class="method navigator-link" hash-for-method="userRoleInProfileTest">userRoleInProfileTest</a> <!-- method navigator-link -->
                      </span>
                      <br/>
                      <span>
                        <img src="skipped.png" width="3%"/>
                        <a href="#" panel-name="suite-Surefire_suite" title="com.niveus.afya.testcase.SortTest" class="method navigator-link" hash-for-method="verifySortTest">verifySortTest</a> <!-- method navigator-link -->
                      </span>
                      <br/>
                      <span>
                        <img src="skipped.png" width="3%"/>
                        <a href="#" panel-name="suite-Surefire_suite" title="com.niveus.afya.testcase.ChatPageTest" class="method navigator-link" hash-for-method="videoMemberListTest">videoMemberListTest</a> <!-- method navigator-link -->
                      </span>
                      <br/>
                    </div> <!-- method-list-content skipped suite-Surefire_suite -->
                  </li>
                  <li>
                    <span class="method-list-title passed">Passed methods</span>
                    <span class="show-or-hide-methods passed">
                      <a href="#" panel-name="suite-Surefire_suite" class="hide-methods passed suite-Surefire_suite"> (hide)</a> <!-- hide-methods passed suite-Surefire_suite -->
                      <a href="#" panel-name="suite-Surefire_suite" class="show-methods passed suite-Surefire_suite"> (show)</a> <!-- show-methods passed suite-Surefire_suite -->
                    </span>
                    <div class="method-list-content passed suite-Surefire_suite">
                      <span>
                        <img src="passed.png" width="3%"/>
                        <a href="#" panel-name="suite-Surefire_suite" title="com.niveus.afya.testcase.AlertPageTest" class="method navigator-link" hash-for-method="alertImageTest">alertImageTest</a> <!-- method navigator-link -->
                      </span>
                      <br/>
                      <span>
                        <img src="passed.png" width="3%"/>
                        <a href="#" panel-name="suite-Surefire_suite" title="com.niveus.afya.testcase.FilterTest" class="method navigator-link" hash-for-method="allFilterTest">allFilterTest</a> <!-- method navigator-link -->
                      </span>
                      <br/>
                      <span>
                        <img src="passed.png" width="3%"/>
                        <a href="#" panel-name="suite-Surefire_suite" title="com.niveus.afya.testcase.HomePageTest" class="method navigator-link" hash-for-method="chatFilterTest">chatFilterTest</a> <!-- method navigator-link -->
                      </span>
                      <br/>
                      <span>
                        <img src="passed.png" width="3%"/>
                        <a href="#" panel-name="suite-Surefire_suite" title="com.niveus.afya.testcase.SearchTest" class="method navigator-link" hash-for-method="clearSearchData">clearSearchData</a> <!-- method navigator-link -->
                      </span>
                      <br/>
                      <span>
                        <img src="passed.png" width="3%"/>
                        <a href="#" panel-name="suite-Surefire_suite" title="com.niveus.afya.testcase.SearchTest" class="method navigator-link" hash-for-method="clearSearchEnabledTest">clearSearchEnabledTest</a> <!-- method navigator-link -->
                      </span>
                      <br/>
                      <span>
                        <img src="passed.png" width="3%"/>
                        <a href="#" panel-name="suite-Surefire_suite" title="com.niveus.afya.testcase.AlertPageTest" class="method navigator-link" hash-for-method="clickOnAlert">clickOnAlert</a> <!-- method navigator-link -->
                      </span>
                      <br/>
                      <span>
                        <img src="passed.png" width="3%"/>
                        <a href="#" panel-name="suite-Surefire_suite" title="com.niveus.afya.testcase.ChooseRoleTest" class="method navigator-link" hash-for-method="clickOnRole">clickOnRole</a> <!-- method navigator-link -->
                      </span>
                      <br/>
                      <span>
                        <img src="passed.png" width="3%"/>
                        <a href="#" panel-name="suite-Surefire_suite" title="com.niveus.afya.testcase.SwitchRoleTest" class="method navigator-link" hash-for-method="clickOnRolesTest">clickOnRolesTest</a> <!-- method navigator-link -->
                      </span>
                      <br/>
                      <span>
                        <img src="passed.png" width="3%"/>
                        <a href="#" panel-name="suite-Surefire_suite" title="com.niveus.afya.testcase.SwitchRoleTest" class="method navigator-link" hash-for-method="clickOnSwitchRoleTest">clickOnSwitchRoleTest</a> <!-- method navigator-link -->
                      </span>
                      <br/>
                      <span>
                        <img src="passed.png" width="3%"/>
                        <a href="#" panel-name="suite-Surefire_suite" title="com.niveus.afya.testcase.FilterTest" class="method navigator-link" hash-for-method="closeFilterTest">closeFilterTest</a> <!-- method navigator-link -->
                      </span>
                      <br/>
                      <span>
                        <img src="passed.png" width="3%"/>
                        <a href="#" panel-name="suite-Surefire_suite" title="com.niveus.afya.testcase.SortTest" class="method navigator-link" hash-for-method="closeSortTest">closeSortTest</a> <!-- method navigator-link -->
                      </span>
                      <br/>
                      <span>
                        <img src="passed.png" width="3%"/>
                        <a href="#" panel-name="suite-Surefire_suite" title="com.niveus.afya.testcase.SearchTest" class="method navigator-link" hash-for-method="doSearchTest">doSearchTest</a> <!-- method navigator-link -->
                      </span>
                      <br/>
                      <span>
                        <img src="passed.png" width="3%"/>
                        <a href="#" panel-name="suite-Surefire_suite" title="com.niveus.afya.testcase.HomePageTest" class="method navigator-link" hash-for-method="getHeaderTest">getHeaderTest</a> <!-- method navigator-link -->
                      </span>
                      <br/>
                      <span>
                        <img src="passed.png" width="3%"/>
                        <a href="#" panel-name="suite-Surefire_suite" title="com.niveus.afya.testcase.SortTest" class="method navigator-link" hash-for-method="getSortOptionsTest">getSortOptionsTest</a> <!-- method navigator-link -->
                      </span>
                      <br/>
                      <span>
                        <img src="passed.png" width="3%"/>
                        <a href="#" panel-name="suite-Surefire_suite" title="com.niveus.afya.testcase.SwitchRoleTest" class="method navigator-link" hash-for-method="isRolesDisplayedTest">isRolesDisplayedTest</a> <!-- method navigator-link -->
                      </span>
                      <br/>
                      <span>
                        <img src="passed.png" width="3%"/>
                        <a href="#" panel-name="suite-Surefire_suite" title="com.niveus.afya.testcase.LoginPageTest" class="method navigator-link" hash-for-method="loginTest(ios1@afya.net, Aa123456@)">loginTest(ios1@afya.net, Aa123456@)</a> <!-- method navigator-link -->
                      </span>
                      <br/>
                      <span>
                        <img src="passed.png" width="3%"/>
                        <a href="#" panel-name="suite-Surefire_suite" title="com.niveus.afya.testcase.LoginPageTest" class="method navigator-link" hash-for-method="loginTest(ios1@gmail.com, Aa123456@)">loginTest(ios1@gmail.com, Aa123456@)</a> <!-- method navigator-link -->
                      </span>
                      <br/>
                      <span>
                        <img src="passed.png" width="3%"/>
                        <a href="#" panel-name="suite-Surefire_suite" title="com.niveus.afya.testcase.HomePageTest" class="method navigator-link" hash-for-method="loginUSerNameTest">loginUSerNameTest</a> <!-- method navigator-link -->
                      </span>
                      <br/>
                      <span>
                        <img src="passed.png" width="3%"/>
                        <a href="#" panel-name="suite-Surefire_suite" title="com.niveus.afya.testcase.ChooseRoleTest" class="method navigator-link" hash-for-method="responderRoleIsEnabled">responderRoleIsEnabled</a> <!-- method navigator-link -->
                      </span>
                      <br/>
                      <span>
                        <img src="passed.png" width="3%"/>
                        <a href="#" panel-name="suite-Surefire_suite" title="com.niveus.afya.testcase.HomePageTest" class="method navigator-link" hash-for-method="searchIsEnabled">searchIsEnabled</a> <!-- method navigator-link -->
                      </span>
                      <br/>
                      <span>
                        <img src="passed.png" width="3%"/>
                        <a href="#" panel-name="suite-Surefire_suite" title="com.niveus.afya.testcase.HomePageTest" class="method navigator-link" hash-for-method="sortFilterBtnTest">sortFilterBtnTest</a> <!-- method navigator-link -->
                      </span>
                      <br/>
                      <span>
                        <img src="passed.png" width="3%"/>
                        <a href="#" panel-name="suite-Surefire_suite" title="com.niveus.afya.testcase.SortTest" class="method navigator-link" hash-for-method="sortSectionIsEnabledTest">sortSectionIsEnabledTest</a> <!-- method navigator-link -->
                      </span>
                      <br/>
                      <span>
                        <img src="passed.png" width="3%"/>
                        <a href="#" panel-name="suite-Surefire_suite" title="com.niveus.afya.testcase.SwitchRoleTest" class="method navigator-link" hash-for-method="switcgRoleIsEnabledTest">switcgRoleIsEnabledTest</a> <!-- method navigator-link -->
                      </span>
                      <br/>
                      <span>
                        <img src="passed.png" width="3%"/>
                        <a href="#" panel-name="suite-Surefire_suite" title="com.niveus.afya.testcase.HomePageTest" class="method navigator-link" hash-for-method="userLandingpageFilterTest">userLandingpageFilterTest</a> <!-- method navigator-link -->
                      </span>
                      <br/>
                      <span>
                        <img src="passed.png" width="3%"/>
                        <a href="#" panel-name="suite-Surefire_suite" title="com.niveus.afya.testcase.HomePageTest" class="method navigator-link" hash-for-method="verifyAfyaLogoTest">verifyAfyaLogoTest</a> <!-- method navigator-link -->
                      </span>
                      <br/>
                      <span>
                        <img src="passed.png" width="3%"/>
                        <a href="#" panel-name="suite-Surefire_suite" title="com.niveus.afya.testcase.AlertPageTest" class="method navigator-link" hash-for-method="verifyAlertTest">verifyAlertTest</a> <!-- method navigator-link -->
                      </span>
                      <br/>
                      <span>
                        <img src="passed.png" width="3%"/>
                        <a href="#" panel-name="suite-Surefire_suite" title="com.niveus.afya.testcase.ChooseRoleTest" class="method navigator-link" hash-for-method="verifyChooseRoleLabel">verifyChooseRoleLabel</a> <!-- method navigator-link -->
                      </span>
                      <br/>
                      <span>
                        <img src="passed.png" width="3%"/>
                        <a href="#" panel-name="suite-Surefire_suite" title="com.niveus.afya.testcase.HomePageTest" class="method navigator-link" hash-for-method="verifySubmitterPageTest">verifySubmitterPageTest</a> <!-- method navigator-link -->
                      </span>
                      <br/>
                    </div> <!-- method-list-content passed suite-Surefire_suite -->
                  </li>
                </ul>
              </div> <!-- suite-section-content -->
            </div> <!-- result-section -->
          </div> <!-- navigator-suite-content -->
        </div> <!-- rounded-window -->
      </div> <!-- suite -->
    </div> <!-- navigator-root -->
    <div class="wrapper">
      <div class="main-panel-root">
        <div panel-name="suite-Surefire_suite" class="panel Surefire_suite">
          <div class="suite-Surefire_suite-class-failed">
            <div class="main-panel-header rounded-window-top">
              <img src="failed.png"/>
              <span class="class-name">com.niveus.afya.testcase.ChooseRoleTest</span>
            </div> <!-- main-panel-header rounded-window-top -->
            <div class="main-panel-content rounded-window-bottom">
              <div class="method">
                <div class="method-content">
                  <a name="submittrRoleIsEnable">
                  </a> <!-- submittrRoleIsEnable -->
                  <span class="method-name">submittrRoleIsEnable</span>
                  <div class="stack-trace">org.openqa.selenium.NoSuchElementException: no such element: Unable to locate element: {&quot;method&quot;:&quot;xpath&quot;,&quot;selector&quot;:&quot;//span[text()=&apos;Submitter Provider&apos;]/parent::div&quot;}
  (Session info: headless chrome=91.0.4472.101)
For documentation on this error, please visit: https://www.seleniumhq.org/exceptions/no_such_element.html
Build info: version: &apos;3.141.59&apos;, revision: &apos;e82be7d358&apos;, time: &apos;2018-11-14T08:17:03&apos;
System info: host: &apos;niveus-HP-EliteBook-820-G3&apos;, ip: &apos;127.0.1.1&apos;, os.name: &apos;Linux&apos;, os.arch: &apos;amd64&apos;, os.version: &apos;5.4.0-73-generic&apos;, java.version: &apos;11.0.11&apos;
Driver info: org.openqa.selenium.chrome.ChromeDriver
Capabilities {acceptInsecureCerts: false, browserName: chrome, browserVersion: 91.0.4472.101, chrome: {chromedriverVersion: 91.0.4472.101 (af52a90bf870..., userDataDir: /tmp/.com.google.Chrome.jBN2Lt}, goog:chromeOptions: {debuggerAddress: localhost:38815}, javascriptEnabled: true, networkConnectionEnabled: false, pageLoadStrategy: normal, platform: LINUX, platformName: LINUX, proxy: Proxy(), setWindowRect: true, strictFileInteractability: false, timeouts: {implicit: 0, pageLoad: 300000, script: 30000}, unhandledPromptBehavior: dismiss and notify, webauthn:extension:largeBlob: true, webauthn:virtualAuthenticators: true}
Session ID: 5feeec612bb9047386c565c7df42ddc5
*** Element info: {Using=xpath, value=//span[text()=&apos;Submitter Provider&apos;]/parent::div}
	at org.openqa.selenium.remote.http.W3CHttpResponseCodec.createException(W3CHttpResponseCodec.java:187)
	at org.openqa.selenium.remote.http.W3CHttpResponseCodec.decode(W3CHttpResponseCodec.java:122)
	at org.openqa.selenium.remote.http.W3CHttpResponseCodec.decode(W3CHttpResponseCodec.java:49)
	at org.openqa.selenium.remote.HttpCommandExecutor.execute(HttpCommandExecutor.java:158)
	at org.openqa.selenium.remote.service.DriverCommandExecutor.execute(DriverCommandExecutor.java:83)
	at org.openqa.selenium.remote.RemoteWebDriver.execute(RemoteWebDriver.java:552)
	at org.openqa.selenium.remote.RemoteWebDriver.findElement(RemoteWebDriver.java:323)
	at org.openqa.selenium.remote.RemoteWebDriver.findElementByXPath(RemoteWebDriver.java:428)
	at org.openqa.selenium.By$ByXPath.findElement(By.java:353)
	at org.openqa.selenium.remote.RemoteWebDriver.findElement(RemoteWebDriver.java:315)
	at org.openqa.selenium.support.events.EventFiringWebDriver.lambda$new$1(EventFiringWebDriver.java:105)
	at com.sun.proxy.$Proxy8.findElement(Unknown Source)
	at org.openqa.selenium.support.events.EventFiringWebDriver.findElement(EventFiringWebDriver.java:194)
	at org.openqa.selenium.support.pagefactory.DefaultElementLocator.findElement(DefaultElementLocator.java:69)
	at org.openqa.selenium.support.pagefactory.internal.LocatingElementHandler.invoke(LocatingElementHandler.java:38)
	at com.sun.proxy.$Proxy12.isEnabled(Unknown Source)
	at com.pages.ChooseRolePage.isRoleDisplayed(ChooseRolePage.java:47)
	at com.niveus.afya.testcase.ChooseRoleTest.submittrRoleIsEnable(ChooseRoleTest.java:43)
	at java.base/java.util.ArrayList.forEach(ArrayList.java:1541)
... Removed 39 stack frames
</div> <!-- stack-trace -->
                </div> <!-- method-content -->
              </div> <!-- method -->
            </div> <!-- main-panel-content rounded-window-bottom -->
          </div> <!-- suite-Surefire_suite-class-failed -->
          <div class="suite-Surefire_suite-class-failed">
            <div class="main-panel-header rounded-window-top">
              <img src="failed.png"/>
              <span class="class-name">com.niveus.afya.testcase.FilterTest</span>
            </div> <!-- main-panel-header rounded-window-top -->
            <div class="main-panel-content rounded-window-bottom">
              <div class="method">
                <div class="method-content">
                  <a name="selectFilter">
                  </a> <!-- selectFilter -->
                  <span class="method-name">selectFilter</span>
                  <div class="stack-trace">org.openqa.selenium.ElementClickInterceptedException: element click intercepted: Element &lt;span class=&quot;ant-typography ant-typography-small,black small___3HJfZ black___3XTln  undefined&quot; role=&quot;text_comp&quot; data-text-type=&quot;small,black&quot;&gt;...&lt;/span&gt; is not clickable at point (59, 243). Other element would receive the click: &lt;div role=&quot;spinner&quot; class=&quot;ant-spin ant-spin-spinning&quot;&gt;...&lt;/div&gt;
  (Session info: headless chrome=91.0.4472.101)
Build info: version: &apos;3.141.59&apos;, revision: &apos;e82be7d358&apos;, time: &apos;2018-11-14T08:17:03&apos;
System info: host: &apos;niveus-HP-EliteBook-820-G3&apos;, ip: &apos;127.0.1.1&apos;, os.name: &apos;Linux&apos;, os.arch: &apos;amd64&apos;, os.version: &apos;5.4.0-73-generic&apos;, java.version: &apos;11.0.11&apos;
Driver info: org.openqa.selenium.chrome.ChromeDriver
Capabilities {acceptInsecureCerts: false, browserName: chrome, browserVersion: 91.0.4472.101, chrome: {chromedriverVersion: 91.0.4472.101 (af52a90bf870..., userDataDir: /tmp/.com.google.Chrome.siVXCp}, goog:chromeOptions: {debuggerAddress: localhost:36099}, javascriptEnabled: true, networkConnectionEnabled: false, pageLoadStrategy: normal, platform: LINUX, platformName: LINUX, proxy: Proxy(), setWindowRect: true, strictFileInteractability: false, timeouts: {implicit: 0, pageLoad: 300000, script: 30000}, unhandledPromptBehavior: dismiss and notify, webauthn:extension:largeBlob: true, webauthn:virtualAuthenticators: true}
Session ID: dcd644ecba804c717062367aea683c49
	at org.openqa.selenium.remote.http.W3CHttpResponseCodec.createException(W3CHttpResponseCodec.java:187)
	at org.openqa.selenium.remote.http.W3CHttpResponseCodec.decode(W3CHttpResponseCodec.java:122)
	at org.openqa.selenium.remote.http.W3CHttpResponseCodec.decode(W3CHttpResponseCodec.java:49)
	at org.openqa.selenium.remote.HttpCommandExecutor.execute(HttpCommandExecutor.java:158)
	at org.openqa.selenium.remote.service.DriverCommandExecutor.execute(DriverCommandExecutor.java:83)
	at org.openqa.selenium.remote.RemoteWebDriver.execute(RemoteWebDriver.java:552)
	at org.openqa.selenium.remote.RemoteWebElement.execute(RemoteWebElement.java:285)
	at org.openqa.selenium.remote.RemoteWebElement.click(RemoteWebElement.java:84)
	at org.openqa.selenium.support.events.EventFiringWebDriver$EventFiringWebElement.lambda$new$0(EventFiringWebDriver.java:404)
	at com.sun.proxy.$Proxy13.click(Unknown Source)
	at org.openqa.selenium.support.events.EventFiringWebDriver$EventFiringWebElement.click(EventFiringWebDriver.java:417)
	at com.pages.FilterPage.isFilterActive(FilterPage.java:91)
	at com.niveus.afya.testcase.FilterTest.selectFilter(FilterTest.java:56)
	at java.base/java.util.ArrayList.forEach(ArrayList.java:1541)
... Removed 39 stack frames
</div> <!-- stack-trace -->
                </div> <!-- method-content -->
              </div> <!-- method -->
            </div> <!-- main-panel-content rounded-window-bottom -->
          </div> <!-- suite-Surefire_suite-class-failed -->
          <div class="suite-Surefire_suite-class-skipped">
            <div class="main-panel-header rounded-window-top">
              <img src="skipped.png"/>
              <span class="class-name">com.niveus.afya.testcase.SortTest</span>
            </div> <!-- main-panel-header rounded-window-top -->
            <div class="main-panel-content rounded-window-bottom">
              <div class="method">
                <div class="method-content">
                  <a name="verifySortTest">
                  </a> <!-- verifySortTest -->
                  <span class="method-name">verifySortTest</span>
                  <div class="stack-trace">org.openqa.selenium.StaleElementReferenceException: stale element reference: element is not attached to the page document
  (Session info: headless chrome=91.0.4472.101)
For documentation on this error, please visit: https://www.seleniumhq.org/exceptions/stale_element_reference.html
Build info: version: &apos;3.141.59&apos;, revision: &apos;e82be7d358&apos;, time: &apos;2018-11-14T08:17:03&apos;
System info: host: &apos;niveus-HP-EliteBook-820-G3&apos;, ip: &apos;127.0.1.1&apos;, os.name: &apos;Linux&apos;, os.arch: &apos;amd64&apos;, os.version: &apos;5.4.0-73-generic&apos;, java.version: &apos;11.0.11&apos;
Driver info: org.openqa.selenium.chrome.ChromeDriver
Capabilities {acceptInsecureCerts: false, browserName: chrome, browserVersion: 91.0.4472.101, chrome: {chromedriverVersion: 91.0.4472.101 (af52a90bf870..., userDataDir: /tmp/.com.google.Chrome.gnF7LF}, goog:chromeOptions: {debuggerAddress: localhost:33351}, javascriptEnabled: true, networkConnectionEnabled: false, pageLoadStrategy: normal, platform: LINUX, platformName: LINUX, proxy: Proxy(), setWindowRect: true, strictFileInteractability: false, timeouts: {implicit: 0, pageLoad: 300000, script: 30000}, unhandledPromptBehavior: dismiss and notify, webauthn:extension:largeBlob: true, webauthn:virtualAuthenticators: true}
Session ID: 701f5b8a380241a8244c9c30f9c33b20
	at org.openqa.selenium.remote.http.W3CHttpResponseCodec.createException(W3CHttpResponseCodec.java:187)
	at org.openqa.selenium.remote.http.W3CHttpResponseCodec.decode(W3CHttpResponseCodec.java:122)
	at org.openqa.selenium.remote.http.W3CHttpResponseCodec.decode(W3CHttpResponseCodec.java:49)
	at org.openqa.selenium.remote.HttpCommandExecutor.execute(HttpCommandExecutor.java:158)
	at org.openqa.selenium.remote.service.DriverCommandExecutor.execute(DriverCommandExecutor.java:83)
	at org.openqa.selenium.remote.RemoteWebDriver.execute(RemoteWebDriver.java:552)
	at org.openqa.selenium.remote.RemoteWebElement.execute(RemoteWebElement.java:285)
	at org.openqa.selenium.remote.RemoteWebElement.click(RemoteWebElement.java:84)
	at org.openqa.selenium.support.events.EventFiringWebDriver$EventFiringWebElement.lambda$new$0(EventFiringWebDriver.java:404)
	at com.sun.proxy.$Proxy13.click(Unknown Source)
	at org.openqa.selenium.support.events.EventFiringWebDriver$EventFiringWebElement.click(EventFiringWebDriver.java:417)
	at com.pages.FilterPage.isFilterActive(FilterPage.java:91)
	at com.niveus.afya.testcase.SortTest.setUp(SortTest.java:45)
	at java.base/java.util.ArrayList.forEach(ArrayList.java:1541)
... Removed 43 stack frames
</div> <!-- stack-trace -->
                </div> <!-- method-content -->
              </div> <!-- method -->
            </div> <!-- main-panel-content rounded-window-bottom -->
          </div> <!-- suite-Surefire_suite-class-skipped -->
          <div class="suite-Surefire_suite-class-skipped">
            <div class="main-panel-header rounded-window-top">
              <img src="skipped.png"/>
              <span class="class-name">com.niveus.afya.testcase.LoginPageTest</span>
            </div> <!-- main-panel-header rounded-window-top -->
            <div class="main-panel-content rounded-window-bottom">
              <div class="method">
                <div class="method-content">
                  <a name="loginPageTitleTest">
                  </a> <!-- loginPageTitleTest -->
                  <span class="method-name">loginPageTitleTest</span>
                  <div class="stack-trace">org.openqa.selenium.TimeoutException: timeout: Timed out receiving message from renderer: 46.484
  (Session info: headless chrome=91.0.4472.101)
Build info: version: &apos;3.141.59&apos;, revision: &apos;e82be7d358&apos;, time: &apos;2018-11-14T08:17:03&apos;
System info: host: &apos;niveus-HP-EliteBook-820-G3&apos;, ip: &apos;127.0.1.1&apos;, os.name: &apos;Linux&apos;, os.arch: &apos;amd64&apos;, os.version: &apos;5.4.0-73-generic&apos;, java.version: &apos;11.0.11&apos;
Driver info: org.openqa.selenium.chrome.ChromeDriver
Capabilities {acceptInsecureCerts: false, browserName: chrome, browserVersion: 91.0.4472.101, chrome: {chromedriverVersion: 91.0.4472.101 (af52a90bf870..., userDataDir: /tmp/.com.google.Chrome.axNBMe}, goog:chromeOptions: {debuggerAddress: localhost:35211}, javascriptEnabled: true, networkConnectionEnabled: false, pageLoadStrategy: normal, platform: LINUX, platformName: LINUX, proxy: Proxy(), setWindowRect: true, strictFileInteractability: false, timeouts: {implicit: 0, pageLoad: 300000, script: 30000}, unhandledPromptBehavior: dismiss and notify, webauthn:extension:largeBlob: true, webauthn:virtualAuthenticators: true}
Session ID: d597a441141b0b22461262a84ade06b6
	at org.openqa.selenium.remote.http.W3CHttpResponseCodec.createException(W3CHttpResponseCodec.java:187)
	at org.openqa.selenium.remote.http.W3CHttpResponseCodec.decode(W3CHttpResponseCodec.java:122)
	at org.openqa.selenium.remote.http.W3CHttpResponseCodec.decode(W3CHttpResponseCodec.java:49)
	at org.openqa.selenium.remote.HttpCommandExecutor.execute(HttpCommandExecutor.java:158)
	at org.openqa.selenium.remote.service.DriverCommandExecutor.execute(DriverCommandExecutor.java:83)
	at org.openqa.selenium.remote.RemoteWebDriver.execute(RemoteWebDriver.java:552)
	at org.openqa.selenium.remote.RemoteWebDriver.get(RemoteWebDriver.java:277)
	at org.openqa.selenium.support.events.EventFiringWebDriver.lambda$new$1(EventFiringWebDriver.java:105)
	at com.sun.proxy.$Proxy8.get(Unknown Source)
	at org.openqa.selenium.support.events.EventFiringWebDriver.get(EventFiringWebDriver.java:165)
	at com.Base.TestBase.initialization(TestBase.java:79)
	at com.niveus.afya.testcase.LoginPageTest.setUp(LoginPageTest.java:25)
	at java.base/java.util.ArrayList.forEach(ArrayList.java:1541)
... Removed 43 stack frames
</div> <!-- stack-trace -->
                </div> <!-- method-content -->
              </div> <!-- method -->
              <div class="method">
                <div class="method-content">
                  <a name="loginPagelabelTest">
                  </a> <!-- loginPagelabelTest -->
                  <span class="method-name">loginPagelabelTest</span>
                  <div class="stack-trace">org.openqa.selenium.TimeoutException: timeout: Timed out receiving message from renderer: 46.484
  (Session info: headless chrome=91.0.4472.101)
Build info: version: &apos;3.141.59&apos;, revision: &apos;e82be7d358&apos;, time: &apos;2018-11-14T08:17:03&apos;
System info: host: &apos;niveus-HP-EliteBook-820-G3&apos;, ip: &apos;127.0.1.1&apos;, os.name: &apos;Linux&apos;, os.arch: &apos;amd64&apos;, os.version: &apos;5.4.0-73-generic&apos;, java.version: &apos;11.0.11&apos;
Driver info: org.openqa.selenium.chrome.ChromeDriver
Capabilities {acceptInsecureCerts: false, browserName: chrome, browserVersion: 91.0.4472.101, chrome: {chromedriverVersion: 91.0.4472.101 (af52a90bf870..., userDataDir: /tmp/.com.google.Chrome.axNBMe}, goog:chromeOptions: {debuggerAddress: localhost:35211}, javascriptEnabled: true, networkConnectionEnabled: false, pageLoadStrategy: normal, platform: LINUX, platformName: LINUX, proxy: Proxy(), setWindowRect: true, strictFileInteractability: false, timeouts: {implicit: 0, pageLoad: 300000, script: 30000}, unhandledPromptBehavior: dismiss and notify, webauthn:extension:largeBlob: true, webauthn:virtualAuthenticators: true}
Session ID: d597a441141b0b22461262a84ade06b6
	at org.openqa.selenium.remote.http.W3CHttpResponseCodec.createException(W3CHttpResponseCodec.java:187)
	at org.openqa.selenium.remote.http.W3CHttpResponseCodec.decode(W3CHttpResponseCodec.java:122)
	at org.openqa.selenium.remote.http.W3CHttpResponseCodec.decode(W3CHttpResponseCodec.java:49)
	at org.openqa.selenium.remote.HttpCommandExecutor.execute(HttpCommandExecutor.java:158)
	at org.openqa.selenium.remote.service.DriverCommandExecutor.execute(DriverCommandExecutor.java:83)
	at org.openqa.selenium.remote.RemoteWebDriver.execute(RemoteWebDriver.java:552)
	at org.openqa.selenium.remote.RemoteWebDriver.get(RemoteWebDriver.java:277)
	at org.openqa.selenium.support.events.EventFiringWebDriver.lambda$new$1(EventFiringWebDriver.java:105)
	at com.sun.proxy.$Proxy8.get(Unknown Source)
	at org.openqa.selenium.support.events.EventFiringWebDriver.get(EventFiringWebDriver.java:165)
	at com.Base.TestBase.initialization(TestBase.java:79)
	at com.niveus.afya.testcase.LoginPageTest.setUp(LoginPageTest.java:25)
	at java.base/java.util.ArrayList.forEach(ArrayList.java:1541)
... Removed 43 stack frames
</div> <!-- stack-trace -->
                </div> <!-- method-content -->
              </div> <!-- method -->
              <div class="method">
                <div class="method-content">
                  <a name="loginTest(doc12@gmail.com, Aa123456@)">
                  </a> <!-- loginTest(doc12@gmail.com, Aa123456@) -->
                  <span class="method-name">loginTest</span>
                  <span class="parameters">(doc12@gmail.com, Aa123456@)</span>
                  <div class="stack-trace">org.openqa.selenium.TimeoutException: timeout: Timed out receiving message from renderer: 46.484
  (Session info: headless chrome=91.0.4472.101)
Build info: version: &apos;3.141.59&apos;, revision: &apos;e82be7d358&apos;, time: &apos;2018-11-14T08:17:03&apos;
System info: host: &apos;niveus-HP-EliteBook-820-G3&apos;, ip: &apos;127.0.1.1&apos;, os.name: &apos;Linux&apos;, os.arch: &apos;amd64&apos;, os.version: &apos;5.4.0-73-generic&apos;, java.version: &apos;11.0.11&apos;
Driver info: org.openqa.selenium.chrome.ChromeDriver
Capabilities {acceptInsecureCerts: false, browserName: chrome, browserVersion: 91.0.4472.101, chrome: {chromedriverVersion: 91.0.4472.101 (af52a90bf870..., userDataDir: /tmp/.com.google.Chrome.axNBMe}, goog:chromeOptions: {debuggerAddress: localhost:35211}, javascriptEnabled: true, networkConnectionEnabled: false, pageLoadStrategy: normal, platform: LINUX, platformName: LINUX, proxy: Proxy(), setWindowRect: true, strictFileInteractability: false, timeouts: {implicit: 0, pageLoad: 300000, script: 30000}, unhandledPromptBehavior: dismiss and notify, webauthn:extension:largeBlob: true, webauthn:virtualAuthenticators: true}
Session ID: d597a441141b0b22461262a84ade06b6
	at org.openqa.selenium.remote.http.W3CHttpResponseCodec.createException(W3CHttpResponseCodec.java:187)
	at org.openqa.selenium.remote.http.W3CHttpResponseCodec.decode(W3CHttpResponseCodec.java:122)
	at org.openqa.selenium.remote.http.W3CHttpResponseCodec.decode(W3CHttpResponseCodec.java:49)
	at org.openqa.selenium.remote.HttpCommandExecutor.execute(HttpCommandExecutor.java:158)
	at org.openqa.selenium.remote.service.DriverCommandExecutor.execute(DriverCommandExecutor.java:83)
	at org.openqa.selenium.remote.RemoteWebDriver.execute(RemoteWebDriver.java:552)
	at org.openqa.selenium.remote.RemoteWebDriver.get(RemoteWebDriver.java:277)
	at org.openqa.selenium.support.events.EventFiringWebDriver.lambda$new$1(EventFiringWebDriver.java:105)
	at com.sun.proxy.$Proxy8.get(Unknown Source)
	at org.openqa.selenium.support.events.EventFiringWebDriver.get(EventFiringWebDriver.java:165)
	at com.Base.TestBase.initialization(TestBase.java:79)
	at com.niveus.afya.testcase.LoginPageTest.setUp(LoginPageTest.java:25)
	at java.base/java.util.ArrayList.forEach(ArrayList.java:1541)
... Removed 43 stack frames
</div> <!-- stack-trace -->
                </div> <!-- method-content -->
              </div> <!-- method -->
              <div class="method">
                <div class="method-content">
                  <a name="loginTest(manoharkunder123@gmail.com, Aa123456@)">
                  </a> <!-- loginTest(manoharkunder123@gmail.com, Aa123456@) -->
                  <span class="method-name">loginTest</span>
                  <span class="parameters">(manoharkunder123@gmail.com, Aa123456@)</span>
                  <div class="stack-trace">org.openqa.selenium.TimeoutException: timeout: Timed out receiving message from renderer: 46.484
  (Session info: headless chrome=91.0.4472.101)
Build info: version: &apos;3.141.59&apos;, revision: &apos;e82be7d358&apos;, time: &apos;2018-11-14T08:17:03&apos;
System info: host: &apos;niveus-HP-EliteBook-820-G3&apos;, ip: &apos;127.0.1.1&apos;, os.name: &apos;Linux&apos;, os.arch: &apos;amd64&apos;, os.version: &apos;5.4.0-73-generic&apos;, java.version: &apos;11.0.11&apos;
Driver info: org.openqa.selenium.chrome.ChromeDriver
Capabilities {acceptInsecureCerts: false, browserName: chrome, browserVersion: 91.0.4472.101, chrome: {chromedriverVersion: 91.0.4472.101 (af52a90bf870..., userDataDir: /tmp/.com.google.Chrome.axNBMe}, goog:chromeOptions: {debuggerAddress: localhost:35211}, javascriptEnabled: true, networkConnectionEnabled: false, pageLoadStrategy: normal, platform: LINUX, platformName: LINUX, proxy: Proxy(), setWindowRect: true, strictFileInteractability: false, timeouts: {implicit: 0, pageLoad: 300000, script: 30000}, unhandledPromptBehavior: dismiss and notify, webauthn:extension:largeBlob: true, webauthn:virtualAuthenticators: true}
Session ID: d597a441141b0b22461262a84ade06b6
	at org.openqa.selenium.remote.http.W3CHttpResponseCodec.createException(W3CHttpResponseCodec.java:187)
	at org.openqa.selenium.remote.http.W3CHttpResponseCodec.decode(W3CHttpResponseCodec.java:122)
	at org.openqa.selenium.remote.http.W3CHttpResponseCodec.decode(W3CHttpResponseCodec.java:49)
	at org.openqa.selenium.remote.HttpCommandExecutor.execute(HttpCommandExecutor.java:158)
	at org.openqa.selenium.remote.service.DriverCommandExecutor.execute(DriverCommandExecutor.java:83)
	at org.openqa.selenium.remote.RemoteWebDriver.execute(RemoteWebDriver.java:552)
	at org.openqa.selenium.remote.RemoteWebDriver.get(RemoteWebDriver.java:277)
	at org.openqa.selenium.support.events.EventFiringWebDriver.lambda$new$1(EventFiringWebDriver.java:105)
	at com.sun.proxy.$Proxy8.get(Unknown Source)
	at org.openqa.selenium.support.events.EventFiringWebDriver.get(EventFiringWebDriver.java:165)
	at com.Base.TestBase.initialization(TestBase.java:79)
	at com.niveus.afya.testcase.LoginPageTest.setUp(LoginPageTest.java:25)
	at java.base/java.util.ArrayList.forEach(ArrayList.java:1541)
... Removed 43 stack frames
</div> <!-- stack-trace -->
                </div> <!-- method-content -->
              </div> <!-- method -->
              <div class="method">
                <div class="method-content">
                  <a name="loginTest(megh@gmail.com, Aa123456@)">
                  </a> <!-- loginTest(megh@gmail.com, Aa123456@) -->
                  <span class="method-name">loginTest</span>
                  <span class="parameters">(megh@gmail.com, Aa123456@)</span>
                  <div class="stack-trace">org.openqa.selenium.TimeoutException: timeout: Timed out receiving message from renderer: 46.484
  (Session info: headless chrome=91.0.4472.101)
Build info: version: &apos;3.141.59&apos;, revision: &apos;e82be7d358&apos;, time: &apos;2018-11-14T08:17:03&apos;
System info: host: &apos;niveus-HP-EliteBook-820-G3&apos;, ip: &apos;127.0.1.1&apos;, os.name: &apos;Linux&apos;, os.arch: &apos;amd64&apos;, os.version: &apos;5.4.0-73-generic&apos;, java.version: &apos;11.0.11&apos;
Driver info: org.openqa.selenium.chrome.ChromeDriver
Capabilities {acceptInsecureCerts: false, browserName: chrome, browserVersion: 91.0.4472.101, chrome: {chromedriverVersion: 91.0.4472.101 (af52a90bf870..., userDataDir: /tmp/.com.google.Chrome.axNBMe}, goog:chromeOptions: {debuggerAddress: localhost:35211}, javascriptEnabled: true, networkConnectionEnabled: false, pageLoadStrategy: normal, platform: LINUX, platformName: LINUX, proxy: Proxy(), setWindowRect: true, strictFileInteractability: false, timeouts: {implicit: 0, pageLoad: 300000, script: 30000}, unhandledPromptBehavior: dismiss and notify, webauthn:extension:largeBlob: true, webauthn:virtualAuthenticators: true}
Session ID: d597a441141b0b22461262a84ade06b6
	at org.openqa.selenium.remote.http.W3CHttpResponseCodec.createException(W3CHttpResponseCodec.java:187)
	at org.openqa.selenium.remote.http.W3CHttpResponseCodec.decode(W3CHttpResponseCodec.java:122)
	at org.openqa.selenium.remote.http.W3CHttpResponseCodec.decode(W3CHttpResponseCodec.java:49)
	at org.openqa.selenium.remote.HttpCommandExecutor.execute(HttpCommandExecutor.java:158)
	at org.openqa.selenium.remote.service.DriverCommandExecutor.execute(DriverCommandExecutor.java:83)
	at org.openqa.selenium.remote.RemoteWebDriver.execute(RemoteWebDriver.java:552)
	at org.openqa.selenium.remote.RemoteWebDriver.get(RemoteWebDriver.java:277)
	at org.openqa.selenium.support.events.EventFiringWebDriver.lambda$new$1(EventFiringWebDriver.java:105)
	at com.sun.proxy.$Proxy8.get(Unknown Source)
	at org.openqa.selenium.support.events.EventFiringWebDriver.get(EventFiringWebDriver.java:165)
	at com.Base.TestBase.initialization(TestBase.java:79)
	at com.niveus.afya.testcase.LoginPageTest.setUp(LoginPageTest.java:25)
	at java.base/java.util.ArrayList.forEach(ArrayList.java:1541)
... Removed 43 stack frames
</div> <!-- stack-trace -->
                </div> <!-- method-content -->
              </div> <!-- method -->
            </div> <!-- main-panel-content rounded-window-bottom -->
          </div> <!-- suite-Surefire_suite-class-skipped -->
          <div class="suite-Surefire_suite-class-skipped">
            <div class="main-panel-header rounded-window-top">
              <img src="skipped.png"/>
              <span class="class-name">com.niveus.afya.testcase.ProfileTest</span>
            </div> <!-- main-panel-header rounded-window-top -->
            <div class="main-panel-content rounded-window-bottom">
              <div class="method">
                <div class="method-content">
                  <a name="LoggedInUserNameTest">
                  </a> <!-- LoggedInUserNameTest -->
                  <span class="method-name">LoggedInUserNameTest</span>
                  <div class="stack-trace">org.openqa.selenium.TimeoutException: timeout: Timed out receiving message from renderer: 48.397
  (Session info: headless chrome=91.0.4472.101)
Build info: version: &apos;3.141.59&apos;, revision: &apos;e82be7d358&apos;, time: &apos;2018-11-14T08:17:03&apos;
System info: host: &apos;niveus-HP-EliteBook-820-G3&apos;, ip: &apos;127.0.1.1&apos;, os.name: &apos;Linux&apos;, os.arch: &apos;amd64&apos;, os.version: &apos;5.4.0-73-generic&apos;, java.version: &apos;11.0.11&apos;
Driver info: org.openqa.selenium.chrome.ChromeDriver
Capabilities {acceptInsecureCerts: false, browserName: chrome, browserVersion: 91.0.4472.101, chrome: {chromedriverVersion: 91.0.4472.101 (af52a90bf870..., userDataDir: /tmp/.com.google.Chrome.wxTVAi}, goog:chromeOptions: {debuggerAddress: localhost:33975}, javascriptEnabled: true, networkConnectionEnabled: false, pageLoadStrategy: normal, platform: LINUX, platformName: LINUX, proxy: Proxy(), setWindowRect: true, strictFileInteractability: false, timeouts: {implicit: 0, pageLoad: 300000, script: 30000}, unhandledPromptBehavior: dismiss and notify, webauthn:extension:largeBlob: true, webauthn:virtualAuthenticators: true}
Session ID: e41ee184282836de89c4802408bad271
	at org.openqa.selenium.remote.http.W3CHttpResponseCodec.createException(W3CHttpResponseCodec.java:187)
	at org.openqa.selenium.remote.http.W3CHttpResponseCodec.decode(W3CHttpResponseCodec.java:122)
	at org.openqa.selenium.remote.http.W3CHttpResponseCodec.decode(W3CHttpResponseCodec.java:49)
	at org.openqa.selenium.remote.HttpCommandExecutor.execute(HttpCommandExecutor.java:158)
	at org.openqa.selenium.remote.service.DriverCommandExecutor.execute(DriverCommandExecutor.java:83)
	at org.openqa.selenium.remote.RemoteWebDriver.execute(RemoteWebDriver.java:552)
	at org.openqa.selenium.remote.RemoteWebDriver.get(RemoteWebDriver.java:277)
	at org.openqa.selenium.support.events.EventFiringWebDriver.lambda$new$1(EventFiringWebDriver.java:105)
	at com.sun.proxy.$Proxy8.get(Unknown Source)
	at org.openqa.selenium.support.events.EventFiringWebDriver.get(EventFiringWebDriver.java:165)
	at com.Base.TestBase.initialization(TestBase.java:79)
	at com.niveus.afya.testcase.ProfileTest.setUp(ProfileTest.java:31)
	at java.base/java.util.ArrayList.forEach(ArrayList.java:1541)
... Removed 43 stack frames
</div> <!-- stack-trace -->
                </div> <!-- method-content -->
              </div> <!-- method -->
              <div class="method">
                <div class="method-content">
                  <a name="clikcOnProfileTest">
                  </a> <!-- clikcOnProfileTest -->
                  <span class="method-name">clikcOnProfileTest</span>
                  <div class="stack-trace">org.openqa.selenium.TimeoutException: timeout: Timed out receiving message from renderer: 48.397
  (Session info: headless chrome=91.0.4472.101)
Build info: version: &apos;3.141.59&apos;, revision: &apos;e82be7d358&apos;, time: &apos;2018-11-14T08:17:03&apos;
System info: host: &apos;niveus-HP-EliteBook-820-G3&apos;, ip: &apos;127.0.1.1&apos;, os.name: &apos;Linux&apos;, os.arch: &apos;amd64&apos;, os.version: &apos;5.4.0-73-generic&apos;, java.version: &apos;11.0.11&apos;
Driver info: org.openqa.selenium.chrome.ChromeDriver
Capabilities {acceptInsecureCerts: false, browserName: chrome, browserVersion: 91.0.4472.101, chrome: {chromedriverVersion: 91.0.4472.101 (af52a90bf870..., userDataDir: /tmp/.com.google.Chrome.wxTVAi}, goog:chromeOptions: {debuggerAddress: localhost:33975}, javascriptEnabled: true, networkConnectionEnabled: false, pageLoadStrategy: normal, platform: LINUX, platformName: LINUX, proxy: Proxy(), setWindowRect: true, strictFileInteractability: false, timeouts: {implicit: 0, pageLoad: 300000, script: 30000}, unhandledPromptBehavior: dismiss and notify, webauthn:extension:largeBlob: true, webauthn:virtualAuthenticators: true}
Session ID: e41ee184282836de89c4802408bad271
	at org.openqa.selenium.remote.http.W3CHttpResponseCodec.createException(W3CHttpResponseCodec.java:187)
	at org.openqa.selenium.remote.http.W3CHttpResponseCodec.decode(W3CHttpResponseCodec.java:122)
	at org.openqa.selenium.remote.http.W3CHttpResponseCodec.decode(W3CHttpResponseCodec.java:49)
	at org.openqa.selenium.remote.HttpCommandExecutor.execute(HttpCommandExecutor.java:158)
	at org.openqa.selenium.remote.service.DriverCommandExecutor.execute(DriverCommandExecutor.java:83)
	at org.openqa.selenium.remote.RemoteWebDriver.execute(RemoteWebDriver.java:552)
	at org.openqa.selenium.remote.RemoteWebDriver.get(RemoteWebDriver.java:277)
	at org.openqa.selenium.support.events.EventFiringWebDriver.lambda$new$1(EventFiringWebDriver.java:105)
	at com.sun.proxy.$Proxy8.get(Unknown Source)
	at org.openqa.selenium.support.events.EventFiringWebDriver.get(EventFiringWebDriver.java:165)
	at com.Base.TestBase.initialization(TestBase.java:79)
	at com.niveus.afya.testcase.ProfileTest.setUp(ProfileTest.java:31)
	at java.base/java.util.ArrayList.forEach(ArrayList.java:1541)
... Removed 43 stack frames
</div> <!-- stack-trace -->
                </div> <!-- method-content -->
              </div> <!-- method -->
              <div class="method">
                <div class="method-content">
                  <a name="myProfileVisibilityTest">
                  </a> <!-- myProfileVisibilityTest -->
                  <span class="method-name">myProfileVisibilityTest</span>
                  <div class="stack-trace">org.openqa.selenium.TimeoutException: timeout: Timed out receiving message from renderer: 48.397
  (Session info: headless chrome=91.0.4472.101)
Build info: version: &apos;3.141.59&apos;, revision: &apos;e82be7d358&apos;, time: &apos;2018-11-14T08:17:03&apos;
System info: host: &apos;niveus-HP-EliteBook-820-G3&apos;, ip: &apos;127.0.1.1&apos;, os.name: &apos;Linux&apos;, os.arch: &apos;amd64&apos;, os.version: &apos;5.4.0-73-generic&apos;, java.version: &apos;11.0.11&apos;
Driver info: org.openqa.selenium.chrome.ChromeDriver
Capabilities {acceptInsecureCerts: false, browserName: chrome, browserVersion: 91.0.4472.101, chrome: {chromedriverVersion: 91.0.4472.101 (af52a90bf870..., userDataDir: /tmp/.com.google.Chrome.wxTVAi}, goog:chromeOptions: {debuggerAddress: localhost:33975}, javascriptEnabled: true, networkConnectionEnabled: false, pageLoadStrategy: normal, platform: LINUX, platformName: LINUX, proxy: Proxy(), setWindowRect: true, strictFileInteractability: false, timeouts: {implicit: 0, pageLoad: 300000, script: 30000}, unhandledPromptBehavior: dismiss and notify, webauthn:extension:largeBlob: true, webauthn:virtualAuthenticators: true}
Session ID: e41ee184282836de89c4802408bad271
	at org.openqa.selenium.remote.http.W3CHttpResponseCodec.createException(W3CHttpResponseCodec.java:187)
	at org.openqa.selenium.remote.http.W3CHttpResponseCodec.decode(W3CHttpResponseCodec.java:122)
	at org.openqa.selenium.remote.http.W3CHttpResponseCodec.decode(W3CHttpResponseCodec.java:49)
	at org.openqa.selenium.remote.HttpCommandExecutor.execute(HttpCommandExecutor.java:158)
	at org.openqa.selenium.remote.service.DriverCommandExecutor.execute(DriverCommandExecutor.java:83)
	at org.openqa.selenium.remote.RemoteWebDriver.execute(RemoteWebDriver.java:552)
	at org.openqa.selenium.remote.RemoteWebDriver.get(RemoteWebDriver.java:277)
	at org.openqa.selenium.support.events.EventFiringWebDriver.lambda$new$1(EventFiringWebDriver.java:105)
	at com.sun.proxy.$Proxy8.get(Unknown Source)
	at org.openqa.selenium.support.events.EventFiringWebDriver.get(EventFiringWebDriver.java:165)
	at com.Base.TestBase.initialization(TestBase.java:79)
	at com.niveus.afya.testcase.ProfileTest.setUp(ProfileTest.java:31)
	at java.base/java.util.ArrayList.forEach(ArrayList.java:1541)
... Removed 43 stack frames
</div> <!-- stack-trace -->
                </div> <!-- method-content -->
              </div> <!-- method -->
              <div class="method">
                <div class="method-content">
                  <a name="profileHeaderTest">
                  </a> <!-- profileHeaderTest -->
                  <span class="method-name">profileHeaderTest</span>
                  <div class="stack-trace">org.openqa.selenium.TimeoutException: timeout: Timed out receiving message from renderer: 48.397
  (Session info: headless chrome=91.0.4472.101)
Build info: version: &apos;3.141.59&apos;, revision: &apos;e82be7d358&apos;, time: &apos;2018-11-14T08:17:03&apos;
System info: host: &apos;niveus-HP-EliteBook-820-G3&apos;, ip: &apos;127.0.1.1&apos;, os.name: &apos;Linux&apos;, os.arch: &apos;amd64&apos;, os.version: &apos;5.4.0-73-generic&apos;, java.version: &apos;11.0.11&apos;
Driver info: org.openqa.selenium.chrome.ChromeDriver
Capabilities {acceptInsecureCerts: false, browserName: chrome, browserVersion: 91.0.4472.101, chrome: {chromedriverVersion: 91.0.4472.101 (af52a90bf870..., userDataDir: /tmp/.com.google.Chrome.wxTVAi}, goog:chromeOptions: {debuggerAddress: localhost:33975}, javascriptEnabled: true, networkConnectionEnabled: false, pageLoadStrategy: normal, platform: LINUX, platformName: LINUX, proxy: Proxy(), setWindowRect: true, strictFileInteractability: false, timeouts: {implicit: 0, pageLoad: 300000, script: 30000}, unhandledPromptBehavior: dismiss and notify, webauthn:extension:largeBlob: true, webauthn:virtualAuthenticators: true}
Session ID: e41ee184282836de89c4802408bad271
	at org.openqa.selenium.remote.http.W3CHttpResponseCodec.createException(W3CHttpResponseCodec.java:187)
	at org.openqa.selenium.remote.http.W3CHttpResponseCodec.decode(W3CHttpResponseCodec.java:122)
	at org.openqa.selenium.remote.http.W3CHttpResponseCodec.decode(W3CHttpResponseCodec.java:49)
	at org.openqa.selenium.remote.HttpCommandExecutor.execute(HttpCommandExecutor.java:158)
	at org.openqa.selenium.remote.service.DriverCommandExecutor.execute(DriverCommandExecutor.java:83)
	at org.openqa.selenium.remote.RemoteWebDriver.execute(RemoteWebDriver.java:552)
	at org.openqa.selenium.remote.RemoteWebDriver.get(RemoteWebDriver.java:277)
	at org.openqa.selenium.support.events.EventFiringWebDriver.lambda$new$1(EventFiringWebDriver.java:105)
	at com.sun.proxy.$Proxy8.get(Unknown Source)
	at org.openqa.selenium.support.events.EventFiringWebDriver.get(EventFiringWebDriver.java:165)
	at com.Base.TestBase.initialization(TestBase.java:79)
	at com.niveus.afya.testcase.ProfileTest.setUp(ProfileTest.java:31)
	at java.base/java.util.ArrayList.forEach(ArrayList.java:1541)
... Removed 43 stack frames
</div> <!-- stack-trace -->
                </div> <!-- method-content -->
              </div> <!-- method -->
              <div class="method">
                <div class="method-content">
                  <a name="updateUserInformationTest">
                  </a> <!-- updateUserInformationTest -->
                  <span class="method-name">updateUserInformationTest</span>
                  <div class="stack-trace">org.openqa.selenium.TimeoutException: timeout: Timed out receiving message from renderer: 48.397
  (Session info: headless chrome=91.0.4472.101)
Build info: version: &apos;3.141.59&apos;, revision: &apos;e82be7d358&apos;, time: &apos;2018-11-14T08:17:03&apos;
System info: host: &apos;niveus-HP-EliteBook-820-G3&apos;, ip: &apos;127.0.1.1&apos;, os.name: &apos;Linux&apos;, os.arch: &apos;amd64&apos;, os.version: &apos;5.4.0-73-generic&apos;, java.version: &apos;11.0.11&apos;
Driver info: org.openqa.selenium.chrome.ChromeDriver
Capabilities {acceptInsecureCerts: false, browserName: chrome, browserVersion: 91.0.4472.101, chrome: {chromedriverVersion: 91.0.4472.101 (af52a90bf870..., userDataDir: /tmp/.com.google.Chrome.wxTVAi}, goog:chromeOptions: {debuggerAddress: localhost:33975}, javascriptEnabled: true, networkConnectionEnabled: false, pageLoadStrategy: normal, platform: LINUX, platformName: LINUX, proxy: Proxy(), setWindowRect: true, strictFileInteractability: false, timeouts: {implicit: 0, pageLoad: 300000, script: 30000}, unhandledPromptBehavior: dismiss and notify, webauthn:extension:largeBlob: true, webauthn:virtualAuthenticators: true}
Session ID: e41ee184282836de89c4802408bad271
	at org.openqa.selenium.remote.http.W3CHttpResponseCodec.createException(W3CHttpResponseCodec.java:187)
	at org.openqa.selenium.remote.http.W3CHttpResponseCodec.decode(W3CHttpResponseCodec.java:122)
	at org.openqa.selenium.remote.http.W3CHttpResponseCodec.decode(W3CHttpResponseCodec.java:49)
	at org.openqa.selenium.remote.HttpCommandExecutor.execute(HttpCommandExecutor.java:158)
	at org.openqa.selenium.remote.service.DriverCommandExecutor.execute(DriverCommandExecutor.java:83)
	at org.openqa.selenium.remote.RemoteWebDriver.execute(RemoteWebDriver.java:552)
	at org.openqa.selenium.remote.RemoteWebDriver.get(RemoteWebDriver.java:277)
	at org.openqa.selenium.support.events.EventFiringWebDriver.lambda$new$1(EventFiringWebDriver.java:105)
	at com.sun.proxy.$Proxy8.get(Unknown Source)
	at org.openqa.selenium.support.events.EventFiringWebDriver.get(EventFiringWebDriver.java:165)
	at com.Base.TestBase.initialization(TestBase.java:79)
	at com.niveus.afya.testcase.ProfileTest.setUp(ProfileTest.java:31)
	at java.base/java.util.ArrayList.forEach(ArrayList.java:1541)
... Removed 43 stack frames
</div> <!-- stack-trace -->
                </div> <!-- method-content -->
              </div> <!-- method -->
              <div class="method">
                <div class="method-content">
                  <a name="uploadProfileImageTest">
                  </a> <!-- uploadProfileImageTest -->
                  <span class="method-name">uploadProfileImageTest</span>
                  <div class="stack-trace">org.openqa.selenium.TimeoutException: timeout: Timed out receiving message from renderer: 48.397
  (Session info: headless chrome=91.0.4472.101)
Build info: version: &apos;3.141.59&apos;, revision: &apos;e82be7d358&apos;, time: &apos;2018-11-14T08:17:03&apos;
System info: host: &apos;niveus-HP-EliteBook-820-G3&apos;, ip: &apos;127.0.1.1&apos;, os.name: &apos;Linux&apos;, os.arch: &apos;amd64&apos;, os.version: &apos;5.4.0-73-generic&apos;, java.version: &apos;11.0.11&apos;
Driver info: org.openqa.selenium.chrome.ChromeDriver
Capabilities {acceptInsecureCerts: false, browserName: chrome, browserVersion: 91.0.4472.101, chrome: {chromedriverVersion: 91.0.4472.101 (af52a90bf870..., userDataDir: /tmp/.com.google.Chrome.wxTVAi}, goog:chromeOptions: {debuggerAddress: localhost:33975}, javascriptEnabled: true, networkConnectionEnabled: false, pageLoadStrategy: normal, platform: LINUX, platformName: LINUX, proxy: Proxy(), setWindowRect: true, strictFileInteractability: false, timeouts: {implicit: 0, pageLoad: 300000, script: 30000}, unhandledPromptBehavior: dismiss and notify, webauthn:extension:largeBlob: true, webauthn:virtualAuthenticators: true}
Session ID: e41ee184282836de89c4802408bad271
	at org.openqa.selenium.remote.http.W3CHttpResponseCodec.createException(W3CHttpResponseCodec.java:187)
	at org.openqa.selenium.remote.http.W3CHttpResponseCodec.decode(W3CHttpResponseCodec.java:122)
	at org.openqa.selenium.remote.http.W3CHttpResponseCodec.decode(W3CHttpResponseCodec.java:49)
	at org.openqa.selenium.remote.HttpCommandExecutor.execute(HttpCommandExecutor.java:158)
	at org.openqa.selenium.remote.service.DriverCommandExecutor.execute(DriverCommandExecutor.java:83)
	at org.openqa.selenium.remote.RemoteWebDriver.execute(RemoteWebDriver.java:552)
	at org.openqa.selenium.remote.RemoteWebDriver.get(RemoteWebDriver.java:277)
	at org.openqa.selenium.support.events.EventFiringWebDriver.lambda$new$1(EventFiringWebDriver.java:105)
	at com.sun.proxy.$Proxy8.get(Unknown Source)
	at org.openqa.selenium.support.events.EventFiringWebDriver.get(EventFiringWebDriver.java:165)
	at com.Base.TestBase.initialization(TestBase.java:79)
	at com.niveus.afya.testcase.ProfileTest.setUp(ProfileTest.java:31)
	at java.base/java.util.ArrayList.forEach(ArrayList.java:1541)
... Removed 43 stack frames
</div> <!-- stack-trace -->
                </div> <!-- method-content -->
              </div> <!-- method -->
              <div class="method">
                <div class="method-content">
                  <a name="userProfileTest">
                  </a> <!-- userProfileTest -->
                  <span class="method-name">userProfileTest</span>
                  <div class="stack-trace">org.openqa.selenium.TimeoutException: timeout: Timed out receiving message from renderer: 48.397
  (Session info: headless chrome=91.0.4472.101)
Build info: version: &apos;3.141.59&apos;, revision: &apos;e82be7d358&apos;, time: &apos;2018-11-14T08:17:03&apos;
System info: host: &apos;niveus-HP-EliteBook-820-G3&apos;, ip: &apos;127.0.1.1&apos;, os.name: &apos;Linux&apos;, os.arch: &apos;amd64&apos;, os.version: &apos;5.4.0-73-generic&apos;, java.version: &apos;11.0.11&apos;
Driver info: org.openqa.selenium.chrome.ChromeDriver
Capabilities {acceptInsecureCerts: false, browserName: chrome, browserVersion: 91.0.4472.101, chrome: {chromedriverVersion: 91.0.4472.101 (af52a90bf870..., userDataDir: /tmp/.com.google.Chrome.wxTVAi}, goog:chromeOptions: {debuggerAddress: localhost:33975}, javascriptEnabled: true, networkConnectionEnabled: false, pageLoadStrategy: normal, platform: LINUX, platformName: LINUX, proxy: Proxy(), setWindowRect: true, strictFileInteractability: false, timeouts: {implicit: 0, pageLoad: 300000, script: 30000}, unhandledPromptBehavior: dismiss and notify, webauthn:extension:largeBlob: true, webauthn:virtualAuthenticators: true}
Session ID: e41ee184282836de89c4802408bad271
	at org.openqa.selenium.remote.http.W3CHttpResponseCodec.createException(W3CHttpResponseCodec.java:187)
	at org.openqa.selenium.remote.http.W3CHttpResponseCodec.decode(W3CHttpResponseCodec.java:122)
	at org.openqa.selenium.remote.http.W3CHttpResponseCodec.decode(W3CHttpResponseCodec.java:49)
	at org.openqa.selenium.remote.HttpCommandExecutor.execute(HttpCommandExecutor.java:158)
	at org.openqa.selenium.remote.service.DriverCommandExecutor.execute(DriverCommandExecutor.java:83)
	at org.openqa.selenium.remote.RemoteWebDriver.execute(RemoteWebDriver.java:552)
	at org.openqa.selenium.remote.RemoteWebDriver.get(RemoteWebDriver.java:277)
	at org.openqa.selenium.support.events.EventFiringWebDriver.lambda$new$1(EventFiringWebDriver.java:105)
	at com.sun.proxy.$Proxy8.get(Unknown Source)
	at org.openqa.selenium.support.events.EventFiringWebDriver.get(EventFiringWebDriver.java:165)
	at com.Base.TestBase.initialization(TestBase.java:79)
	at com.niveus.afya.testcase.ProfileTest.setUp(ProfileTest.java:31)
	at java.base/java.util.ArrayList.forEach(ArrayList.java:1541)
... Removed 43 stack frames
</div> <!-- stack-trace -->
                </div> <!-- method-content -->
              </div> <!-- method -->
              <div class="method">
                <div class="method-content">
                  <a name="userRoleInProfileTest">
                  </a> <!-- userRoleInProfileTest -->
                  <span class="method-name">userRoleInProfileTest</span>
                  <div class="stack-trace">org.openqa.selenium.TimeoutException: timeout: Timed out receiving message from renderer: 48.397
  (Session info: headless chrome=91.0.4472.101)
Build info: version: &apos;3.141.59&apos;, revision: &apos;e82be7d358&apos;, time: &apos;2018-11-14T08:17:03&apos;
System info: host: &apos;niveus-HP-EliteBook-820-G3&apos;, ip: &apos;127.0.1.1&apos;, os.name: &apos;Linux&apos;, os.arch: &apos;amd64&apos;, os.version: &apos;5.4.0-73-generic&apos;, java.version: &apos;11.0.11&apos;
Driver info: org.openqa.selenium.chrome.ChromeDriver
Capabilities {acceptInsecureCerts: false, browserName: chrome, browserVersion: 91.0.4472.101, chrome: {chromedriverVersion: 91.0.4472.101 (af52a90bf870..., userDataDir: /tmp/.com.google.Chrome.wxTVAi}, goog:chromeOptions: {debuggerAddress: localhost:33975}, javascriptEnabled: true, networkConnectionEnabled: false, pageLoadStrategy: normal, platform: LINUX, platformName: LINUX, proxy: Proxy(), setWindowRect: true, strictFileInteractability: false, timeouts: {implicit: 0, pageLoad: 300000, script: 30000}, unhandledPromptBehavior: dismiss and notify, webauthn:extension:largeBlob: true, webauthn:virtualAuthenticators: true}
Session ID: e41ee184282836de89c4802408bad271
	at org.openqa.selenium.remote.http.W3CHttpResponseCodec.createException(W3CHttpResponseCodec.java:187)
	at org.openqa.selenium.remote.http.W3CHttpResponseCodec.decode(W3CHttpResponseCodec.java:122)
	at org.openqa.selenium.remote.http.W3CHttpResponseCodec.decode(W3CHttpResponseCodec.java:49)
	at org.openqa.selenium.remote.HttpCommandExecutor.execute(HttpCommandExecutor.java:158)
	at org.openqa.selenium.remote.service.DriverCommandExecutor.execute(DriverCommandExecutor.java:83)
	at org.openqa.selenium.remote.RemoteWebDriver.execute(RemoteWebDriver.java:552)
	at org.openqa.selenium.remote.RemoteWebDriver.get(RemoteWebDriver.java:277)
	at org.openqa.selenium.support.events.EventFiringWebDriver.lambda$new$1(EventFiringWebDriver.java:105)
	at com.sun.proxy.$Proxy8.get(Unknown Source)
	at org.openqa.selenium.support.events.EventFiringWebDriver.get(EventFiringWebDriver.java:165)
	at com.Base.TestBase.initialization(TestBase.java:79)
	at com.niveus.afya.testcase.ProfileTest.setUp(ProfileTest.java:31)
	at java.base/java.util.ArrayList.forEach(ArrayList.java:1541)
... Removed 43 stack frames
</div> <!-- stack-trace -->
                </div> <!-- method-content -->
              </div> <!-- method -->
            </div> <!-- main-panel-content rounded-window-bottom -->
          </div> <!-- suite-Surefire_suite-class-skipped -->
          <div class="suite-Surefire_suite-class-skipped">
            <div class="main-panel-header rounded-window-top">
              <img src="skipped.png"/>
              <span class="class-name">com.niveus.afya.testcase.ChatPageTest</span>
            </div> <!-- main-panel-header rounded-window-top -->
            <div class="main-panel-content rounded-window-bottom">
              <div class="method">
                <div class="method-content">
                  <a name="atCodesVisibilityTest">
                  </a> <!-- atCodesVisibilityTest -->
                  <span class="method-name">atCodesVisibilityTest</span>
                  <div class="stack-trace">org.openqa.selenium.NoSuchElementException: no such element: Unable to locate element: {&quot;method&quot;:&quot;xpath&quot;,&quot;selector&quot;:&quot;//span[text()=&apos;Submitter Provider&apos;]/parent::div&quot;}
  (Session info: headless chrome=91.0.4472.101)
For documentation on this error, please visit: https://www.seleniumhq.org/exceptions/no_such_element.html
Build info: version: &apos;3.141.59&apos;, revision: &apos;e82be7d358&apos;, time: &apos;2018-11-14T08:17:03&apos;
System info: host: &apos;niveus-HP-EliteBook-820-G3&apos;, ip: &apos;127.0.1.1&apos;, os.name: &apos;Linux&apos;, os.arch: &apos;amd64&apos;, os.version: &apos;5.4.0-73-generic&apos;, java.version: &apos;11.0.11&apos;
Driver info: org.openqa.selenium.chrome.ChromeDriver
Capabilities {acceptInsecureCerts: false, browserName: chrome, browserVersion: 91.0.4472.101, chrome: {chromedriverVersion: 91.0.4472.101 (af52a90bf870..., userDataDir: /tmp/.com.google.Chrome.TdYA4a}, goog:chromeOptions: {debuggerAddress: localhost:45485}, javascriptEnabled: true, networkConnectionEnabled: false, pageLoadStrategy: normal, platform: LINUX, platformName: LINUX, proxy: Proxy(), setWindowRect: true, strictFileInteractability: false, timeouts: {implicit: 0, pageLoad: 300000, script: 30000}, unhandledPromptBehavior: dismiss and notify, webauthn:extension:largeBlob: true, webauthn:virtualAuthenticators: true}
Session ID: 8ec2f149cd5d05b1bce9d5588c04f60a
*** Element info: {Using=xpath, value=//span[text()=&apos;Submitter Provider&apos;]/parent::div}
	at org.openqa.selenium.remote.http.W3CHttpResponseCodec.createException(W3CHttpResponseCodec.java:187)
	at org.openqa.selenium.remote.http.W3CHttpResponseCodec.decode(W3CHttpResponseCodec.java:122)
	at org.openqa.selenium.remote.http.W3CHttpResponseCodec.decode(W3CHttpResponseCodec.java:49)
	at org.openqa.selenium.remote.HttpCommandExecutor.execute(HttpCommandExecutor.java:158)
	at org.openqa.selenium.remote.service.DriverCommandExecutor.execute(DriverCommandExecutor.java:83)
	at org.openqa.selenium.remote.RemoteWebDriver.execute(RemoteWebDriver.java:552)
	at org.openqa.selenium.remote.RemoteWebDriver.findElement(RemoteWebDriver.java:323)
	at org.openqa.selenium.remote.RemoteWebDriver.findElementByXPath(RemoteWebDriver.java:428)
	at org.openqa.selenium.By$ByXPath.findElement(By.java:353)
	at org.openqa.selenium.remote.RemoteWebDriver.findElement(RemoteWebDriver.java:315)
	at org.openqa.selenium.support.events.EventFiringWebDriver.lambda$new$1(EventFiringWebDriver.java:105)
	at com.sun.proxy.$Proxy8.findElement(Unknown Source)
	at org.openqa.selenium.support.events.EventFiringWebDriver.findElement(EventFiringWebDriver.java:194)
	at org.openqa.selenium.support.pagefactory.DefaultElementLocator.findElement(DefaultElementLocator.java:69)
	at org.openqa.selenium.support.pagefactory.internal.LocatingElementHandler.invoke(LocatingElementHandler.java:38)
	at com.sun.proxy.$Proxy12.click(Unknown Source)
	at com.pages.ChooseRolePage.clickOnRole(ChooseRolePage.java:37)
	at com.niveus.afya.testcase.ChatPageTest.setUp(ChatPageTest.java:35)
	at java.base/java.util.ArrayList.forEach(ArrayList.java:1541)
... Removed 43 stack frames
</div> <!-- stack-trace -->
                </div> <!-- method-content -->
              </div> <!-- method -->
              <div class="method">
                <div class="method-content">
                  <a name="chatAreaElementTest">
                  </a> <!-- chatAreaElementTest -->
                  <span class="method-name">chatAreaElementTest</span>
                  <div class="stack-trace">org.openqa.selenium.NoSuchElementException: no such element: Unable to locate element: {&quot;method&quot;:&quot;xpath&quot;,&quot;selector&quot;:&quot;//span[text()=&apos;Submitter Provider&apos;]/parent::div&quot;}
  (Session info: headless chrome=91.0.4472.101)
For documentation on this error, please visit: https://www.seleniumhq.org/exceptions/no_such_element.html
Build info: version: &apos;3.141.59&apos;, revision: &apos;e82be7d358&apos;, time: &apos;2018-11-14T08:17:03&apos;
System info: host: &apos;niveus-HP-EliteBook-820-G3&apos;, ip: &apos;127.0.1.1&apos;, os.name: &apos;Linux&apos;, os.arch: &apos;amd64&apos;, os.version: &apos;5.4.0-73-generic&apos;, java.version: &apos;11.0.11&apos;
Driver info: org.openqa.selenium.chrome.ChromeDriver
Capabilities {acceptInsecureCerts: false, browserName: chrome, browserVersion: 91.0.4472.101, chrome: {chromedriverVersion: 91.0.4472.101 (af52a90bf870..., userDataDir: /tmp/.com.google.Chrome.TdYA4a}, goog:chromeOptions: {debuggerAddress: localhost:45485}, javascriptEnabled: true, networkConnectionEnabled: false, pageLoadStrategy: normal, platform: LINUX, platformName: LINUX, proxy: Proxy(), setWindowRect: true, strictFileInteractability: false, timeouts: {implicit: 0, pageLoad: 300000, script: 30000}, unhandledPromptBehavior: dismiss and notify, webauthn:extension:largeBlob: true, webauthn:virtualAuthenticators: true}
Session ID: 8ec2f149cd5d05b1bce9d5588c04f60a
*** Element info: {Using=xpath, value=//span[text()=&apos;Submitter Provider&apos;]/parent::div}
	at org.openqa.selenium.remote.http.W3CHttpResponseCodec.createException(W3CHttpResponseCodec.java:187)
	at org.openqa.selenium.remote.http.W3CHttpResponseCodec.decode(W3CHttpResponseCodec.java:122)
	at org.openqa.selenium.remote.http.W3CHttpResponseCodec.decode(W3CHttpResponseCodec.java:49)
	at org.openqa.selenium.remote.HttpCommandExecutor.execute(HttpCommandExecutor.java:158)
	at org.openqa.selenium.remote.service.DriverCommandExecutor.execute(DriverCommandExecutor.java:83)
	at org.openqa.selenium.remote.RemoteWebDriver.execute(RemoteWebDriver.java:552)
	at org.openqa.selenium.remote.RemoteWebDriver.findElement(RemoteWebDriver.java:323)
	at org.openqa.selenium.remote.RemoteWebDriver.findElementByXPath(RemoteWebDriver.java:428)
	at org.openqa.selenium.By$ByXPath.findElement(By.java:353)
	at org.openqa.selenium.remote.RemoteWebDriver.findElement(RemoteWebDriver.java:315)
	at org.openqa.selenium.support.events.EventFiringWebDriver.lambda$new$1(EventFiringWebDriver.java:105)
	at com.sun.proxy.$Proxy8.findElement(Unknown Source)
	at org.openqa.selenium.support.events.EventFiringWebDriver.findElement(EventFiringWebDriver.java:194)
	at org.openqa.selenium.support.pagefactory.DefaultElementLocator.findElement(DefaultElementLocator.java:69)
	at org.openqa.selenium.support.pagefactory.internal.LocatingElementHandler.invoke(LocatingElementHandler.java:38)
	at com.sun.proxy.$Proxy12.click(Unknown Source)
	at com.pages.ChooseRolePage.clickOnRole(ChooseRolePage.java:37)
	at com.niveus.afya.testcase.ChatPageTest.setUp(ChatPageTest.java:35)
	at java.base/java.util.ArrayList.forEach(ArrayList.java:1541)
... Removed 43 stack frames
</div> <!-- stack-trace -->
                </div> <!-- method-content -->
              </div> <!-- method -->
              <div class="method">
                <div class="method-content">
                  <a name="chatHeaderVisibiltyTest">
                  </a> <!-- chatHeaderVisibiltyTest -->
                  <span class="method-name">chatHeaderVisibiltyTest</span>
                  <div class="stack-trace">org.openqa.selenium.NoSuchElementException: no such element: Unable to locate element: {&quot;method&quot;:&quot;xpath&quot;,&quot;selector&quot;:&quot;//span[text()=&apos;Submitter Provider&apos;]/parent::div&quot;}
  (Session info: headless chrome=91.0.4472.101)
For documentation on this error, please visit: https://www.seleniumhq.org/exceptions/no_such_element.html
Build info: version: &apos;3.141.59&apos;, revision: &apos;e82be7d358&apos;, time: &apos;2018-11-14T08:17:03&apos;
System info: host: &apos;niveus-HP-EliteBook-820-G3&apos;, ip: &apos;127.0.1.1&apos;, os.name: &apos;Linux&apos;, os.arch: &apos;amd64&apos;, os.version: &apos;5.4.0-73-generic&apos;, java.version: &apos;11.0.11&apos;
Driver info: org.openqa.selenium.chrome.ChromeDriver
Capabilities {acceptInsecureCerts: false, browserName: chrome, browserVersion: 91.0.4472.101, chrome: {chromedriverVersion: 91.0.4472.101 (af52a90bf870..., userDataDir: /tmp/.com.google.Chrome.TdYA4a}, goog:chromeOptions: {debuggerAddress: localhost:45485}, javascriptEnabled: true, networkConnectionEnabled: false, pageLoadStrategy: normal, platform: LINUX, platformName: LINUX, proxy: Proxy(), setWindowRect: true, strictFileInteractability: false, timeouts: {implicit: 0, pageLoad: 300000, script: 30000}, unhandledPromptBehavior: dismiss and notify, webauthn:extension:largeBlob: true, webauthn:virtualAuthenticators: true}
Session ID: 8ec2f149cd5d05b1bce9d5588c04f60a
*** Element info: {Using=xpath, value=//span[text()=&apos;Submitter Provider&apos;]/parent::div}
	at org.openqa.selenium.remote.http.W3CHttpResponseCodec.createException(W3CHttpResponseCodec.java:187)
	at org.openqa.selenium.remote.http.W3CHttpResponseCodec.decode(W3CHttpResponseCodec.java:122)
	at org.openqa.selenium.remote.http.W3CHttpResponseCodec.decode(W3CHttpResponseCodec.java:49)
	at org.openqa.selenium.remote.HttpCommandExecutor.execute(HttpCommandExecutor.java:158)
	at org.openqa.selenium.remote.service.DriverCommandExecutor.execute(DriverCommandExecutor.java:83)
	at org.openqa.selenium.remote.RemoteWebDriver.execute(RemoteWebDriver.java:552)
	at org.openqa.selenium.remote.RemoteWebDriver.findElement(RemoteWebDriver.java:323)
	at org.openqa.selenium.remote.RemoteWebDriver.findElementByXPath(RemoteWebDriver.java:428)
	at org.openqa.selenium.By$ByXPath.findElement(By.java:353)
	at org.openqa.selenium.remote.RemoteWebDriver.findElement(RemoteWebDriver.java:315)
	at org.openqa.selenium.support.events.EventFiringWebDriver.lambda$new$1(EventFiringWebDriver.java:105)
	at com.sun.proxy.$Proxy8.findElement(Unknown Source)
	at org.openqa.selenium.support.events.EventFiringWebDriver.findElement(EventFiringWebDriver.java:194)
	at org.openqa.selenium.support.pagefactory.DefaultElementLocator.findElement(DefaultElementLocator.java:69)
	at org.openqa.selenium.support.pagefactory.internal.LocatingElementHandler.invoke(LocatingElementHandler.java:38)
	at com.sun.proxy.$Proxy12.click(Unknown Source)
	at com.pages.ChooseRolePage.clickOnRole(ChooseRolePage.java:37)
	at com.niveus.afya.testcase.ChatPageTest.setUp(ChatPageTest.java:35)
	at java.base/java.util.ArrayList.forEach(ArrayList.java:1541)
... Removed 43 stack frames
</div> <!-- stack-trace -->
                </div> <!-- method-content -->
              </div> <!-- method -->
              <div class="method">
                <div class="method-content">
                  <a name="clikcOnChatSessionTest">
                  </a> <!-- clikcOnChatSessionTest -->
                  <span class="method-name">clikcOnChatSessionTest</span>
                  <div class="stack-trace">org.openqa.selenium.NoSuchElementException: no such element: Unable to locate element: {&quot;method&quot;:&quot;xpath&quot;,&quot;selector&quot;:&quot;//span[text()=&apos;Submitter Provider&apos;]/parent::div&quot;}
  (Session info: headless chrome=91.0.4472.101)
For documentation on this error, please visit: https://www.seleniumhq.org/exceptions/no_such_element.html
Build info: version: &apos;3.141.59&apos;, revision: &apos;e82be7d358&apos;, time: &apos;2018-11-14T08:17:03&apos;
System info: host: &apos;niveus-HP-EliteBook-820-G3&apos;, ip: &apos;127.0.1.1&apos;, os.name: &apos;Linux&apos;, os.arch: &apos;amd64&apos;, os.version: &apos;5.4.0-73-generic&apos;, java.version: &apos;11.0.11&apos;
Driver info: org.openqa.selenium.chrome.ChromeDriver
Capabilities {acceptInsecureCerts: false, browserName: chrome, browserVersion: 91.0.4472.101, chrome: {chromedriverVersion: 91.0.4472.101 (af52a90bf870..., userDataDir: /tmp/.com.google.Chrome.TdYA4a}, goog:chromeOptions: {debuggerAddress: localhost:45485}, javascriptEnabled: true, networkConnectionEnabled: false, pageLoadStrategy: normal, platform: LINUX, platformName: LINUX, proxy: Proxy(), setWindowRect: true, strictFileInteractability: false, timeouts: {implicit: 0, pageLoad: 300000, script: 30000}, unhandledPromptBehavior: dismiss and notify, webauthn:extension:largeBlob: true, webauthn:virtualAuthenticators: true}
Session ID: 8ec2f149cd5d05b1bce9d5588c04f60a
*** Element info: {Using=xpath, value=//span[text()=&apos;Submitter Provider&apos;]/parent::div}
	at org.openqa.selenium.remote.http.W3CHttpResponseCodec.createException(W3CHttpResponseCodec.java:187)
	at org.openqa.selenium.remote.http.W3CHttpResponseCodec.decode(W3CHttpResponseCodec.java:122)
	at org.openqa.selenium.remote.http.W3CHttpResponseCodec.decode(W3CHttpResponseCodec.java:49)
	at org.openqa.selenium.remote.HttpCommandExecutor.execute(HttpCommandExecutor.java:158)
	at org.openqa.selenium.remote.service.DriverCommandExecutor.execute(DriverCommandExecutor.java:83)
	at org.openqa.selenium.remote.RemoteWebDriver.execute(RemoteWebDriver.java:552)
	at org.openqa.selenium.remote.RemoteWebDriver.findElement(RemoteWebDriver.java:323)
	at org.openqa.selenium.remote.RemoteWebDriver.findElementByXPath(RemoteWebDriver.java:428)
	at org.openqa.selenium.By$ByXPath.findElement(By.java:353)
	at org.openqa.selenium.remote.RemoteWebDriver.findElement(RemoteWebDriver.java:315)
	at org.openqa.selenium.support.events.EventFiringWebDriver.lambda$new$1(EventFiringWebDriver.java:105)
	at com.sun.proxy.$Proxy8.findElement(Unknown Source)
	at org.openqa.selenium.support.events.EventFiringWebDriver.findElement(EventFiringWebDriver.java:194)
	at org.openqa.selenium.support.pagefactory.DefaultElementLocator.findElement(DefaultElementLocator.java:69)
	at org.openqa.selenium.support.pagefactory.internal.LocatingElementHandler.invoke(LocatingElementHandler.java:38)
	at com.sun.proxy.$Proxy12.click(Unknown Source)
	at com.pages.ChooseRolePage.clickOnRole(ChooseRolePage.java:37)
	at com.niveus.afya.testcase.ChatPageTest.setUp(ChatPageTest.java:35)
	at java.base/java.util.ArrayList.forEach(ArrayList.java:1541)
... Removed 43 stack frames
</div> <!-- stack-trace -->
                </div> <!-- method-content -->
              </div> <!-- method -->
              <div class="method">
                <div class="method-content">
                  <a name="mediaFilesSectionTest">
                  </a> <!-- mediaFilesSectionTest -->
                  <span class="method-name">mediaFilesSectionTest</span>
                  <div class="stack-trace">org.openqa.selenium.NoSuchElementException: no such element: Unable to locate element: {&quot;method&quot;:&quot;xpath&quot;,&quot;selector&quot;:&quot;//span[text()=&apos;Submitter Provider&apos;]/parent::div&quot;}
  (Session info: headless chrome=91.0.4472.101)
For documentation on this error, please visit: https://www.seleniumhq.org/exceptions/no_such_element.html
Build info: version: &apos;3.141.59&apos;, revision: &apos;e82be7d358&apos;, time: &apos;2018-11-14T08:17:03&apos;
System info: host: &apos;niveus-HP-EliteBook-820-G3&apos;, ip: &apos;127.0.1.1&apos;, os.name: &apos;Linux&apos;, os.arch: &apos;amd64&apos;, os.version: &apos;5.4.0-73-generic&apos;, java.version: &apos;11.0.11&apos;
Driver info: org.openqa.selenium.chrome.ChromeDriver
Capabilities {acceptInsecureCerts: false, browserName: chrome, browserVersion: 91.0.4472.101, chrome: {chromedriverVersion: 91.0.4472.101 (af52a90bf870..., userDataDir: /tmp/.com.google.Chrome.TdYA4a}, goog:chromeOptions: {debuggerAddress: localhost:45485}, javascriptEnabled: true, networkConnectionEnabled: false, pageLoadStrategy: normal, platform: LINUX, platformName: LINUX, proxy: Proxy(), setWindowRect: true, strictFileInteractability: false, timeouts: {implicit: 0, pageLoad: 300000, script: 30000}, unhandledPromptBehavior: dismiss and notify, webauthn:extension:largeBlob: true, webauthn:virtualAuthenticators: true}
Session ID: 8ec2f149cd5d05b1bce9d5588c04f60a
*** Element info: {Using=xpath, value=//span[text()=&apos;Submitter Provider&apos;]/parent::div}
	at org.openqa.selenium.remote.http.W3CHttpResponseCodec.createException(W3CHttpResponseCodec.java:187)
	at org.openqa.selenium.remote.http.W3CHttpResponseCodec.decode(W3CHttpResponseCodec.java:122)
	at org.openqa.selenium.remote.http.W3CHttpResponseCodec.decode(W3CHttpResponseCodec.java:49)
	at org.openqa.selenium.remote.HttpCommandExecutor.execute(HttpCommandExecutor.java:158)
	at org.openqa.selenium.remote.service.DriverCommandExecutor.execute(DriverCommandExecutor.java:83)
	at org.openqa.selenium.remote.RemoteWebDriver.execute(RemoteWebDriver.java:552)
	at org.openqa.selenium.remote.RemoteWebDriver.findElement(RemoteWebDriver.java:323)
	at org.openqa.selenium.remote.RemoteWebDriver.findElementByXPath(RemoteWebDriver.java:428)
	at org.openqa.selenium.By$ByXPath.findElement(By.java:353)
	at org.openqa.selenium.remote.RemoteWebDriver.findElement(RemoteWebDriver.java:315)
	at org.openqa.selenium.support.events.EventFiringWebDriver.lambda$new$1(EventFiringWebDriver.java:105)
	at com.sun.proxy.$Proxy8.findElement(Unknown Source)
	at org.openqa.selenium.support.events.EventFiringWebDriver.findElement(EventFiringWebDriver.java:194)
	at org.openqa.selenium.support.pagefactory.DefaultElementLocator.findElement(DefaultElementLocator.java:69)
	at org.openqa.selenium.support.pagefactory.internal.LocatingElementHandler.invoke(LocatingElementHandler.java:38)
	at com.sun.proxy.$Proxy12.click(Unknown Source)
	at com.pages.ChooseRolePage.clickOnRole(ChooseRolePage.java:37)
	at com.niveus.afya.testcase.ChatPageTest.setUp(ChatPageTest.java:35)
	at java.base/java.util.ArrayList.forEach(ArrayList.java:1541)
... Removed 43 stack frames
</div> <!-- stack-trace -->
                </div> <!-- method-content -->
              </div> <!-- method -->
              <div class="method">
                <div class="method-content">
                  <a name="videoMemberListTest">
                  </a> <!-- videoMemberListTest -->
                  <span class="method-name">videoMemberListTest</span>
                  <div class="stack-trace">org.openqa.selenium.NoSuchElementException: no such element: Unable to locate element: {&quot;method&quot;:&quot;xpath&quot;,&quot;selector&quot;:&quot;//span[text()=&apos;Submitter Provider&apos;]/parent::div&quot;}
  (Session info: headless chrome=91.0.4472.101)
For documentation on this error, please visit: https://www.seleniumhq.org/exceptions/no_such_element.html
Build info: version: &apos;3.141.59&apos;, revision: &apos;e82be7d358&apos;, time: &apos;2018-11-14T08:17:03&apos;
System info: host: &apos;niveus-HP-EliteBook-820-G3&apos;, ip: &apos;127.0.1.1&apos;, os.name: &apos;Linux&apos;, os.arch: &apos;amd64&apos;, os.version: &apos;5.4.0-73-generic&apos;, java.version: &apos;11.0.11&apos;
Driver info: org.openqa.selenium.chrome.ChromeDriver
Capabilities {acceptInsecureCerts: false, browserName: chrome, browserVersion: 91.0.4472.101, chrome: {chromedriverVersion: 91.0.4472.101 (af52a90bf870..., userDataDir: /tmp/.com.google.Chrome.TdYA4a}, goog:chromeOptions: {debuggerAddress: localhost:45485}, javascriptEnabled: true, networkConnectionEnabled: false, pageLoadStrategy: normal, platform: LINUX, platformName: LINUX, proxy: Proxy(), setWindowRect: true, strictFileInteractability: false, timeouts: {implicit: 0, pageLoad: 300000, script: 30000}, unhandledPromptBehavior: dismiss and notify, webauthn:extension:largeBlob: true, webauthn:virtualAuthenticators: true}
Session ID: 8ec2f149cd5d05b1bce9d5588c04f60a
*** Element info: {Using=xpath, value=//span[text()=&apos;Submitter Provider&apos;]/parent::div}
	at org.openqa.selenium.remote.http.W3CHttpResponseCodec.createException(W3CHttpResponseCodec.java:187)
	at org.openqa.selenium.remote.http.W3CHttpResponseCodec.decode(W3CHttpResponseCodec.java:122)
	at org.openqa.selenium.remote.http.W3CHttpResponseCodec.decode(W3CHttpResponseCodec.java:49)
	at org.openqa.selenium.remote.HttpCommandExecutor.execute(HttpCommandExecutor.java:158)
	at org.openqa.selenium.remote.service.DriverCommandExecutor.execute(DriverCommandExecutor.java:83)
	at org.openqa.selenium.remote.RemoteWebDriver.execute(RemoteWebDriver.java:552)
	at org.openqa.selenium.remote.RemoteWebDriver.findElement(RemoteWebDriver.java:323)
	at org.openqa.selenium.remote.RemoteWebDriver.findElementByXPath(RemoteWebDriver.java:428)
	at org.openqa.selenium.By$ByXPath.findElement(By.java:353)
	at org.openqa.selenium.remote.RemoteWebDriver.findElement(RemoteWebDriver.java:315)
	at org.openqa.selenium.support.events.EventFiringWebDriver.lambda$new$1(EventFiringWebDriver.java:105)
	at com.sun.proxy.$Proxy8.findElement(Unknown Source)
	at org.openqa.selenium.support.events.EventFiringWebDriver.findElement(EventFiringWebDriver.java:194)
	at org.openqa.selenium.support.pagefactory.DefaultElementLocator.findElement(DefaultElementLocator.java:69)
	at org.openqa.selenium.support.pagefactory.internal.LocatingElementHandler.invoke(LocatingElementHandler.java:38)
	at com.sun.proxy.$Proxy12.click(Unknown Source)
	at com.pages.ChooseRolePage.clickOnRole(ChooseRolePage.java:37)
	at com.niveus.afya.testcase.ChatPageTest.setUp(ChatPageTest.java:35)
	at java.base/java.util.ArrayList.forEach(ArrayList.java:1541)
... Removed 43 stack frames
</div> <!-- stack-trace -->
                </div> <!-- method-content -->
              </div> <!-- method -->
            </div> <!-- main-panel-content rounded-window-bottom -->
          </div> <!-- suite-Surefire_suite-class-skipped -->
          <div class="suite-Surefire_suite-class-passed">
            <div class="main-panel-header rounded-window-top">
              <img src="passed.png"/>
              <span class="class-name">com.niveus.afya.testcase.SearchTest</span>
            </div> <!-- main-panel-header rounded-window-top -->
            <div class="main-panel-content rounded-window-bottom">
              <div class="method">
                <div class="method-content">
                  <a name="clearSearchData">
                  </a> <!-- clearSearchData -->
                  <span class="method-name">clearSearchData</span>
                </div> <!-- method-content -->
              </div> <!-- method -->
              <div class="method">
                <div class="method-content">
                  <a name="clearSearchEnabledTest">
                  </a> <!-- clearSearchEnabledTest -->
                  <span class="method-name">clearSearchEnabledTest</span>
                </div> <!-- method-content -->
              </div> <!-- method -->
              <div class="method">
                <div class="method-content">
                  <a name="doSearchTest">
                  </a> <!-- doSearchTest -->
                  <span class="method-name">doSearchTest</span>
                </div> <!-- method-content -->
              </div> <!-- method -->
            </div> <!-- main-panel-content rounded-window-bottom -->
          </div> <!-- suite-Surefire_suite-class-passed -->
          <div class="suite-Surefire_suite-class-passed">
            <div class="main-panel-header rounded-window-top">
              <img src="passed.png"/>
              <span class="class-name">com.niveus.afya.testcase.ChooseRoleTest</span>
            </div> <!-- main-panel-header rounded-window-top -->
            <div class="main-panel-content rounded-window-bottom">
              <div class="method">
                <div class="method-content">
                  <a name="clickOnRole">
                  </a> <!-- clickOnRole -->
                  <span class="method-name">clickOnRole</span>
                </div> <!-- method-content -->
              </div> <!-- method -->
              <div class="method">
                <div class="method-content">
                  <a name="responderRoleIsEnabled">
                  </a> <!-- responderRoleIsEnabled -->
                  <span class="method-name">responderRoleIsEnabled</span>
                </div> <!-- method-content -->
              </div> <!-- method -->
              <div class="method">
                <div class="method-content">
                  <a name="verifyChooseRoleLabel">
                  </a> <!-- verifyChooseRoleLabel -->
                  <span class="method-name">verifyChooseRoleLabel</span>
                </div> <!-- method-content -->
              </div> <!-- method -->
            </div> <!-- main-panel-content rounded-window-bottom -->
          </div> <!-- suite-Surefire_suite-class-passed -->
          <div class="suite-Surefire_suite-class-passed">
            <div class="main-panel-header rounded-window-top">
              <img src="passed.png"/>
              <span class="class-name">com.niveus.afya.testcase.SwitchRoleTest</span>
            </div> <!-- main-panel-header rounded-window-top -->
            <div class="main-panel-content rounded-window-bottom">
              <div class="method">
                <div class="method-content">
                  <a name="clickOnRolesTest">
                  </a> <!-- clickOnRolesTest -->
                  <span class="method-name">clickOnRolesTest</span>
                </div> <!-- method-content -->
              </div> <!-- method -->
              <div class="method">
                <div class="method-content">
                  <a name="clickOnSwitchRoleTest">
                  </a> <!-- clickOnSwitchRoleTest -->
                  <span class="method-name">clickOnSwitchRoleTest</span>
                </div> <!-- method-content -->
              </div> <!-- method -->
              <div class="method">
                <div class="method-content">
                  <a name="isRolesDisplayedTest">
                  </a> <!-- isRolesDisplayedTest -->
                  <span class="method-name">isRolesDisplayedTest</span>
                </div> <!-- method-content -->
              </div> <!-- method -->
              <div class="method">
                <div class="method-content">
                  <a name="switcgRoleIsEnabledTest">
                  </a> <!-- switcgRoleIsEnabledTest -->
                  <span class="method-name">switcgRoleIsEnabledTest</span>
                </div> <!-- method-content -->
              </div> <!-- method -->
            </div> <!-- main-panel-content rounded-window-bottom -->
          </div> <!-- suite-Surefire_suite-class-passed -->
          <div class="suite-Surefire_suite-class-passed">
            <div class="main-panel-header rounded-window-top">
              <img src="passed.png"/>
              <span class="class-name">com.niveus.afya.testcase.AlertPageTest</span>
            </div> <!-- main-panel-header rounded-window-top -->
            <div class="main-panel-content rounded-window-bottom">
              <div class="method">
                <div class="method-content">
                  <a name="alertImageTest">
                  </a> <!-- alertImageTest -->
                  <span class="method-name">alertImageTest</span>
                </div> <!-- method-content -->
              </div> <!-- method -->
              <div class="method">
                <div class="method-content">
                  <a name="clickOnAlert">
                  </a> <!-- clickOnAlert -->
                  <span class="method-name">clickOnAlert</span>
                </div> <!-- method-content -->
              </div> <!-- method -->
              <div class="method">
                <div class="method-content">
                  <a name="verifyAlertTest">
                  </a> <!-- verifyAlertTest -->
                  <span class="method-name">verifyAlertTest</span>
                </div> <!-- method-content -->
              </div> <!-- method -->
            </div> <!-- main-panel-content rounded-window-bottom -->
          </div> <!-- suite-Surefire_suite-class-passed -->
          <div class="suite-Surefire_suite-class-passed">
            <div class="main-panel-header rounded-window-top">
              <img src="passed.png"/>
              <span class="class-name">com.niveus.afya.testcase.HomePageTest</span>
            </div> <!-- main-panel-header rounded-window-top -->
            <div class="main-panel-content rounded-window-bottom">
              <div class="method">
                <div class="method-content">
                  <a name="chatFilterTest">
                  </a> <!-- chatFilterTest -->
                  <span class="method-name">chatFilterTest</span>
                </div> <!-- method-content -->
              </div> <!-- method -->
              <div class="method">
                <div class="method-content">
                  <a name="getHeaderTest">
                  </a> <!-- getHeaderTest -->
                  <span class="method-name">getHeaderTest</span>
                </div> <!-- method-content -->
              </div> <!-- method -->
              <div class="method">
                <div class="method-content">
                  <a name="loginUSerNameTest">
                  </a> <!-- loginUSerNameTest -->
                  <span class="method-name">loginUSerNameTest</span>
                </div> <!-- method-content -->
              </div> <!-- method -->
              <div class="method">
                <div class="method-content">
                  <a name="searchIsEnabled">
                  </a> <!-- searchIsEnabled -->
                  <span class="method-name">searchIsEnabled</span>
                </div> <!-- method-content -->
              </div> <!-- method -->
              <div class="method">
                <div class="method-content">
                  <a name="sortFilterBtnTest">
                  </a> <!-- sortFilterBtnTest -->
                  <span class="method-name">sortFilterBtnTest</span>
                </div> <!-- method-content -->
              </div> <!-- method -->
              <div class="method">
                <div class="method-content">
                  <a name="userLandingpageFilterTest">
                  </a> <!-- userLandingpageFilterTest -->
                  <span class="method-name">userLandingpageFilterTest</span>
                </div> <!-- method-content -->
              </div> <!-- method -->
              <div class="method">
                <div class="method-content">
                  <a name="verifyAfyaLogoTest">
                  </a> <!-- verifyAfyaLogoTest -->
                  <span class="method-name">verifyAfyaLogoTest</span>
                </div> <!-- method-content -->
              </div> <!-- method -->
              <div class="method">
                <div class="method-content">
                  <a name="verifySubmitterPageTest">
                  </a> <!-- verifySubmitterPageTest -->
                  <span class="method-name">verifySubmitterPageTest</span>
                </div> <!-- method-content -->
              </div> <!-- method -->
            </div> <!-- main-panel-content rounded-window-bottom -->
          </div> <!-- suite-Surefire_suite-class-passed -->
          <div class="suite-Surefire_suite-class-passed">
            <div class="main-panel-header rounded-window-top">
              <img src="passed.png"/>
              <span class="class-name">com.niveus.afya.testcase.LoginPageTest</span>
            </div> <!-- main-panel-header rounded-window-top -->
            <div class="main-panel-content rounded-window-bottom">
              <div class="method">
                <div class="method-content">
                  <a name="loginTest(ios1@afya.net, Aa123456@)">
                  </a> <!-- loginTest(ios1@afya.net, Aa123456@) -->
                  <span class="method-name">loginTest</span>
                  <span class="parameters">(ios1@afya.net, Aa123456@)</span>
                </div> <!-- method-content -->
              </div> <!-- method -->
              <div class="method">
                <div class="method-content">
                  <a name="loginTest(ios1@gmail.com, Aa123456@)">
                  </a> <!-- loginTest(ios1@gmail.com, Aa123456@) -->
                  <span class="method-name">loginTest</span>
                  <span class="parameters">(ios1@gmail.com, Aa123456@)</span>
                </div> <!-- method-content -->
              </div> <!-- method -->
            </div> <!-- main-panel-content rounded-window-bottom -->
          </div> <!-- suite-Surefire_suite-class-passed -->
          <div class="suite-Surefire_suite-class-passed">
            <div class="main-panel-header rounded-window-top">
              <img src="passed.png"/>
              <span class="class-name">com.niveus.afya.testcase.SortTest</span>
            </div> <!-- main-panel-header rounded-window-top -->
            <div class="main-panel-content rounded-window-bottom">
              <div class="method">
                <div class="method-content">
                  <a name="closeSortTest">
                  </a> <!-- closeSortTest -->
                  <span class="method-name">closeSortTest</span>
                </div> <!-- method-content -->
              </div> <!-- method -->
              <div class="method">
                <div class="method-content">
                  <a name="getSortOptionsTest">
                  </a> <!-- getSortOptionsTest -->
                  <span class="method-name">getSortOptionsTest</span>
                </div> <!-- method-content -->
              </div> <!-- method -->
              <div class="method">
                <div class="method-content">
                  <a name="sortSectionIsEnabledTest">
                  </a> <!-- sortSectionIsEnabledTest -->
                  <span class="method-name">sortSectionIsEnabledTest</span>
                </div> <!-- method-content -->
              </div> <!-- method -->
            </div> <!-- main-panel-content rounded-window-bottom -->
          </div> <!-- suite-Surefire_suite-class-passed -->
          <div class="suite-Surefire_suite-class-passed">
            <div class="main-panel-header rounded-window-top">
              <img src="passed.png"/>
              <span class="class-name">com.niveus.afya.testcase.FilterTest</span>
            </div> <!-- main-panel-header rounded-window-top -->
            <div class="main-panel-content rounded-window-bottom">
              <div class="method">
                <div class="method-content">
                  <a name="allFilterTest">
                  </a> <!-- allFilterTest -->
                  <span class="method-name">allFilterTest</span>
                </div> <!-- method-content -->
              </div> <!-- method -->
              <div class="method">
                <div class="method-content">
                  <a name="closeFilterTest">
                  </a> <!-- closeFilterTest -->
                  <span class="method-name">closeFilterTest</span>
                </div> <!-- method-content -->
              </div> <!-- method -->
            </div> <!-- main-panel-content rounded-window-bottom -->
          </div> <!-- suite-Surefire_suite-class-passed -->
        </div> <!-- panel Surefire_suite -->
        <div panel-name="test-xml-Surefire_suite" class="panel">
          <div class="main-panel-header rounded-window-top">
          </div> <!-- main-panel-header rounded-window-top -->
          <div class="main-panel-content rounded-window-bottom">
            <pre>
&lt;?xml version=&quot;1.0&quot; encoding=&quot;UTF-8&quot;?&gt;
&lt;!DOCTYPE suite SYSTEM &quot;https://testng.org/testng-1.0.dtd&quot;&gt;
&lt;suite thread-count=&quot;1&quot; name=&quot;Surefire suite&quot; verbose=&quot;0&quot;&gt;
  &lt;test thread-count=&quot;1&quot; name=&quot;Surefire test&quot; verbose=&quot;0&quot;&gt;
    &lt;classes&gt;
      &lt;class name=&quot;com.niveus.afya.testcase.SortTest&quot;/&gt;
      &lt;class name=&quot;com.niveus.afya.testcase.HomePageTest&quot;/&gt;
      &lt;class name=&quot;com.niveus.afya.testcase.ChooseRoleTest&quot;/&gt;
      &lt;class name=&quot;com.niveus.afya.testcase.SwitchRoleTest&quot;/&gt;
      &lt;class name=&quot;com.niveus.afya.testcase.AlertPageTest&quot;/&gt;
      &lt;class name=&quot;com.niveus.afya.testcase.SearchTest&quot;/&gt;
      &lt;class name=&quot;com.niveus.afya.testcase.FilterTest&quot;/&gt;
      &lt;class name=&quot;com.niveus.afya.testcase.ChatPageTest&quot;/&gt;
      &lt;class name=&quot;com.niveus.afya.testcase.LoginPageTest&quot;/&gt;
      &lt;class name=&quot;com.niveus.afya.testcase.ProfileTest&quot;/&gt;
    &lt;/classes&gt;
  &lt;/test&gt; &lt;!-- Surefire test --&gt;
&lt;/suite&gt; &lt;!-- Surefire suite --&gt;
            </pre>
          </div> <!-- main-panel-content rounded-window-bottom -->
        </div> <!-- panel -->
        <div panel-name="testlist-Surefire_suite" class="panel">
          <div class="main-panel-header rounded-window-top">
            <span class="header-content">Tests for Surefire suite</span>
          </div> <!-- main-panel-header rounded-window-top -->
          <div class="main-panel-content rounded-window-bottom">
            <ul>
              <li>
                <span class="test-name">Surefire test (10 classes)</span>
              </li>
            </ul>
          </div> <!-- main-panel-content rounded-window-bottom -->
        </div> <!-- panel -->
        <div panel-name="group-Surefire_suite" class="panel">
          <div class="main-panel-header rounded-window-top">
            <span class="header-content">Groups for Surefire suite</span>
          </div> <!-- main-panel-header rounded-window-top -->
          <div class="main-panel-content rounded-window-bottom">
          </div> <!-- main-panel-content rounded-window-bottom -->
        </div> <!-- panel -->
        <div panel-name="times-Surefire_suite" class="panel">
          <div class="main-panel-header rounded-window-top">
            <span class="header-content">Times for Surefire suite</span>
          </div> <!-- main-panel-header rounded-window-top -->
          <div class="main-panel-content rounded-window-bottom">
            <div class="times-div">
              <script type="text/javascript">
suiteTableInitFunctions.push('tableData_Surefire_suite');
function tableData_Surefire_suite() {
var data = new google.visualization.DataTable();
data.addColumn('number', 'Number');
data.addColumn('string', 'Method');
data.addColumn('string', 'Class');
data.addColumn('number', 'Time (ms)');
data.addRows(50);
data.setCell(0, 0, 0)
data.setCell(0, 1, 'closeFilterTest')
data.setCell(0, 2, 'com.niveus.afya.testcase.FilterTest')
data.setCell(0, 3, 30261);
data.setCell(1, 0, 1)
data.setCell(1, 1, 'submittrRoleIsEnable')
data.setCell(1, 2, 'com.niveus.afya.testcase.ChooseRoleTest')
data.setCell(1, 3, 30110);
data.setCell(2, 0, 2)
data.setCell(2, 1, 'clickOnRole')
data.setCell(2, 2, 'com.niveus.afya.testcase.ChooseRoleTest')
data.setCell(2, 3, 14656);
data.setCell(3, 0, 3)
data.setCell(3, 1, 'responderRoleIsEnabled')
data.setCell(3, 2, 'com.niveus.afya.testcase.ChooseRoleTest')
data.setCell(3, 3, 7686);
data.setCell(4, 0, 4)
data.setCell(4, 1, 'verifySubmitterPageTest')
data.setCell(4, 2, 'com.niveus.afya.testcase.HomePageTest')
data.setCell(4, 3, 6685);
data.setCell(5, 0, 5)
data.setCell(5, 1, 'userLandingpageFilterTest')
data.setCell(5, 2, 'com.niveus.afya.testcase.HomePageTest')
data.setCell(5, 3, 6553);
data.setCell(6, 0, 6)
data.setCell(6, 1, 'isRolesDisplayedTest')
data.setCell(6, 2, 'com.niveus.afya.testcase.SwitchRoleTest')
data.setCell(6, 3, 5894);
data.setCell(7, 0, 7)
data.setCell(7, 1, 'clickOnRolesTest')
data.setCell(7, 2, 'com.niveus.afya.testcase.SwitchRoleTest')
data.setCell(7, 3, 5635);
data.setCell(8, 0, 8)
data.setCell(8, 1, 'verifyChooseRoleLabel')
data.setCell(8, 2, 'com.niveus.afya.testcase.ChooseRoleTest')
data.setCell(8, 3, 4257);
data.setCell(9, 0, 9)
data.setCell(9, 1, 'searchIsEnabled')
data.setCell(9, 2, 'com.niveus.afya.testcase.HomePageTest')
data.setCell(9, 3, 4033);
data.setCell(10, 0, 10)
data.setCell(10, 1, 'chatFilterTest')
data.setCell(10, 2, 'com.niveus.afya.testcase.HomePageTest')
data.setCell(10, 3, 3771);
data.setCell(11, 0, 11)
data.setCell(11, 1, 'sortFilterBtnTest')
data.setCell(11, 2, 'com.niveus.afya.testcase.HomePageTest')
data.setCell(11, 3, 3714);
data.setCell(12, 0, 12)
data.setCell(12, 1, 'verifyAfyaLogoTest')
data.setCell(12, 2, 'com.niveus.afya.testcase.HomePageTest')
data.setCell(12, 3, 3627);
data.setCell(13, 0, 13)
data.setCell(13, 1, 'clickOnSwitchRoleTest')
data.setCell(13, 2, 'com.niveus.afya.testcase.SwitchRoleTest')
data.setCell(13, 3, 3442);
data.setCell(14, 0, 14)
data.setCell(14, 1, 'alertImageTest')
data.setCell(14, 2, 'com.niveus.afya.testcase.AlertPageTest')
data.setCell(14, 3, 3303);
data.setCell(15, 0, 15)
data.setCell(15, 1, 'clickOnAlert')
data.setCell(15, 2, 'com.niveus.afya.testcase.AlertPageTest')
data.setCell(15, 3, 3272);
data.setCell(16, 0, 16)
data.setCell(16, 1, 'verifyAlertTest')
data.setCell(16, 2, 'com.niveus.afya.testcase.AlertPageTest')
data.setCell(16, 3, 3019);
data.setCell(17, 0, 17)
data.setCell(17, 1, 'getHeaderTest')
data.setCell(17, 2, 'com.niveus.afya.testcase.HomePageTest')
data.setCell(17, 3, 2960);
data.setCell(18, 0, 18)
data.setCell(18, 1, 'switcgRoleIsEnabledTest')
data.setCell(18, 2, 'com.niveus.afya.testcase.SwitchRoleTest')
data.setCell(18, 3, 2741);
data.setCell(19, 0, 19)
data.setCell(19, 1, 'loginUSerNameTest')
data.setCell(19, 2, 'com.niveus.afya.testcase.HomePageTest')
data.setCell(19, 3, 2694);
data.setCell(20, 0, 20)
data.setCell(20, 1, 'selectFilter')
data.setCell(20, 2, 'com.niveus.afya.testcase.FilterTest')
data.setCell(20, 3, 2440);
data.setCell(21, 0, 21)
data.setCell(21, 1, 'loginTest')
data.setCell(21, 2, 'com.niveus.afya.testcase.LoginPageTest')
data.setCell(21, 3, 1178);
data.setCell(22, 0, 22)
data.setCell(22, 1, 'closeSortTest')
data.setCell(22, 2, 'com.niveus.afya.testcase.SortTest')
data.setCell(22, 3, 913);
data.setCell(23, 0, 23)
data.setCell(23, 1, 'clearSearchData')
data.setCell(23, 2, 'com.niveus.afya.testcase.SearchTest')
data.setCell(23, 3, 528);
data.setCell(24, 0, 24)
data.setCell(24, 1, 'clearSearchEnabledTest')
data.setCell(24, 2, 'com.niveus.afya.testcase.SearchTest')
data.setCell(24, 3, 501);
data.setCell(25, 0, 25)
data.setCell(25, 1, 'doSearchTest')
data.setCell(25, 2, 'com.niveus.afya.testcase.SearchTest')
data.setCell(25, 3, 382);
data.setCell(26, 0, 26)
data.setCell(26, 1, 'loginTest')
data.setCell(26, 2, 'com.niveus.afya.testcase.LoginPageTest')
data.setCell(26, 3, 363);
data.setCell(27, 0, 27)
data.setCell(27, 1, 'getSortOptionsTest')
data.setCell(27, 2, 'com.niveus.afya.testcase.SortTest')
data.setCell(27, 3, 104);
data.setCell(28, 0, 28)
data.setCell(28, 1, 'allFilterTest')
data.setCell(28, 2, 'com.niveus.afya.testcase.FilterTest')
data.setCell(28, 3, 100);
data.setCell(29, 0, 29)
data.setCell(29, 1, 'sortSectionIsEnabledTest')
data.setCell(29, 2, 'com.niveus.afya.testcase.SortTest')
data.setCell(29, 3, 89);
data.setCell(30, 0, 30)
data.setCell(30, 1, 'profileHeaderTest')
data.setCell(30, 2, 'com.niveus.afya.testcase.ProfileTest')
data.setCell(30, 3, 1);
data.setCell(31, 0, 31)
data.setCell(31, 1, 'chatAreaElementTest')
data.setCell(31, 2, 'com.niveus.afya.testcase.ChatPageTest')
data.setCell(31, 3, 0);
data.setCell(32, 0, 32)
data.setCell(32, 1, 'userRoleInProfileTest')
data.setCell(32, 2, 'com.niveus.afya.testcase.ProfileTest')
data.setCell(32, 3, 0);
data.setCell(33, 0, 33)
data.setCell(33, 1, 'chatHeaderVisibiltyTest')
data.setCell(33, 2, 'com.niveus.afya.testcase.ChatPageTest')
data.setCell(33, 3, 0);
data.setCell(34, 0, 34)
data.setCell(34, 1, 'myProfileVisibilityTest')
data.setCell(34, 2, 'com.niveus.afya.testcase.ProfileTest')
data.setCell(34, 3, 0);
data.setCell(35, 0, 35)
data.setCell(35, 1, 'updateUserInformationTest')
data.setCell(35, 2, 'com.niveus.afya.testcase.ProfileTest')
data.setCell(35, 3, 0);
data.setCell(36, 0, 36)
data.setCell(36, 1, 'loginTest')
data.setCell(36, 2, 'com.niveus.afya.testcase.LoginPageTest')
data.setCell(36, 3, 0);
data.setCell(37, 0, 37)
data.setCell(37, 1, 'loginTest')
data.setCell(37, 2, 'com.niveus.afya.testcase.LoginPageTest')
data.setCell(37, 3, 0);
data.setCell(38, 0, 38)
data.setCell(38, 1, 'loginPageTitleTest')
data.setCell(38, 2, 'com.niveus.afya.testcase.LoginPageTest')
data.setCell(38, 3, 0);
data.setCell(39, 0, 39)
data.setCell(39, 1, 'uploadProfileImageTest')
data.setCell(39, 2, 'com.niveus.afya.testcase.ProfileTest')
data.setCell(39, 3, 0);
data.setCell(40, 0, 40)
data.setCell(40, 1, 'loginPagelabelTest')
data.setCell(40, 2, 'com.niveus.afya.testcase.LoginPageTest')
data.setCell(40, 3, 0);
data.setCell(41, 0, 41)
data.setCell(41, 1, 'clikcOnProfileTest')
data.setCell(41, 2, 'com.niveus.afya.testcase.ProfileTest')
data.setCell(41, 3, 0);
data.setCell(42, 0, 42)
data.setCell(42, 1, 'atCodesVisibilityTest')
data.setCell(42, 2, 'com.niveus.afya.testcase.ChatPageTest')
data.setCell(42, 3, 0);
data.setCell(43, 0, 43)
data.setCell(43, 1, 'verifySortTest')
data.setCell(43, 2, 'com.niveus.afya.testcase.SortTest')
data.setCell(43, 3, 0);
data.setCell(44, 0, 44)
data.setCell(44, 1, 'mediaFilesSectionTest')
data.setCell(44, 2, 'com.niveus.afya.testcase.ChatPageTest')
data.setCell(44, 3, 0);
data.setCell(45, 0, 45)
data.setCell(45, 1, 'userProfileTest')
data.setCell(45, 2, 'com.niveus.afya.testcase.ProfileTest')
data.setCell(45, 3, 0);
data.setCell(46, 0, 46)
data.setCell(46, 1, 'videoMemberListTest')
data.setCell(46, 2, 'com.niveus.afya.testcase.ChatPageTest')
data.setCell(46, 3, 0);
data.setCell(47, 0, 47)
data.setCell(47, 1, 'clikcOnChatSessionTest')
data.setCell(47, 2, 'com.niveus.afya.testcase.ChatPageTest')
data.setCell(47, 3, 0);
data.setCell(48, 0, 48)
data.setCell(48, 1, 'loginTest')
data.setCell(48, 2, 'com.niveus.afya.testcase.LoginPageTest')
data.setCell(48, 3, 0);
data.setCell(49, 0, 49)
data.setCell(49, 1, 'LoggedInUserNameTest')
data.setCell(49, 2, 'com.niveus.afya.testcase.ProfileTest')
data.setCell(49, 3, 0);
window.suiteTableData['Surefire_suite']= { tableData: data, tableDiv: 'times-div-Surefire_suite'}
return data;
}
              </script>
              <span class="suite-total-time">Total running time: 2 minutes</span>
              <div id="times-div-Surefire_suite">
              </div> <!-- times-div-Surefire_suite -->
            </div> <!-- times-div -->
          </div> <!-- main-panel-content rounded-window-bottom -->
        </div> <!-- panel -->
        <div panel-name="reporter-Surefire_suite" class="panel">
          <div class="main-panel-header rounded-window-top">
            <span class="header-content">Reporter output for Surefire suite</span>
          </div> <!-- main-panel-header rounded-window-top -->
          <div class="main-panel-content rounded-window-bottom">
            <div class="reporter-method-div">
              <span class="reporter-method-name">loginTest(ios1@afya.net, Aa123456@)</span>
              <div class="reporter-method-output-div">
                <span class="reporter-method-output">loginTest method is running</span>
              </div> <!-- reporter-method-output-div -->
            </div> <!-- reporter-method-div -->
            <div class="reporter-method-div">
              <span class="reporter-method-name">loginTest(ios1@gmail.com, Aa123456@)</span>
              <div class="reporter-method-output-div">
                <span class="reporter-method-output">loginTest method is running</span>
              </div> <!-- reporter-method-output-div -->
            </div> <!-- reporter-method-div -->
          </div> <!-- main-panel-content rounded-window-bottom -->
        </div> <!-- panel -->
        <div panel-name="ignored-methods-Surefire_suite" class="panel">
          <div class="main-panel-header rounded-window-top">
            <span class="header-content">0 ignored methods</span>
          </div> <!-- main-panel-header rounded-window-top -->
          <div class="main-panel-content rounded-window-bottom">
          </div> <!-- main-panel-content rounded-window-bottom -->
        </div> <!-- panel -->
        <div panel-name="chronological-Surefire_suite" class="panel">
          <div class="main-panel-header rounded-window-top">
            <span class="header-content">Methods in chronological order</span>
          </div> <!-- main-panel-header rounded-window-top -->
          <div class="main-panel-content rounded-window-bottom">
            <div class="chronological-class">
              <div class="chronological-class-name">com.niveus.afya.testcase.SortTest</div> <!-- chronological-class-name -->
              <div class="configuration-method before">
                <span class="method-name">setUp</span>
                <span class="method-start">0 ms</span>
              </div> <!-- configuration-method before -->
              <div class="test-method">
                <span class="method-name">closeSortTest</span>
                <span class="method-start">33991 ms</span>
              </div> <!-- test-method -->
              <div class="configuration-method after">
                <span class="method-name">tearDown</span>
                <span class="method-start">34906 ms</span>
              </div> <!-- configuration-method after -->
              <div class="configuration-method before">
                <span class="method-name">setUp</span>
                <span class="method-start">34976 ms</span>
              </div> <!-- configuration-method before -->
              <div class="test-method">
                <span class="method-name">getSortOptionsTest</span>
                <span class="method-start">62740 ms</span>
              </div> <!-- test-method -->
              <div class="configuration-method after">
                <span class="method-name">tearDown</span>
                <span class="method-start">62845 ms</span>
              </div> <!-- configuration-method after -->
              <div class="configuration-method before">
                <span class="method-name">setUp</span>
                <span class="method-start">62913 ms</span>
              </div> <!-- configuration-method before -->
              <div class="test-method">
                <span class="method-name">sortSectionIsEnabledTest</span>
                <span class="method-start">91058 ms</span>
              </div> <!-- test-method -->
              <div class="configuration-method after">
                <span class="method-name">tearDown</span>
                <span class="method-start">91147 ms</span>
              </div> <!-- configuration-method after -->
              <div class="configuration-method before">
                <img src="failed.png">
                </img>
                <span class="method-name">setUp</span>
                <span class="method-start">91216 ms</span>
              </div> <!-- configuration-method before -->
              <div class="configuration-method after">
                <span class="method-name">tearDown</span>
                <span class="method-start">122290 ms</span>
              </div> <!-- configuration-method after -->
              <div class="test-method">
                <span class="method-name">verifySortTest</span>
                <span class="method-start">122290 ms</span>
              </div> <!-- test-method -->
            </div> <!-- chronological-class -->
            <div class="chronological-class">
              <div class="chronological-class-name">com.niveus.afya.testcase.HomePageTest</div> <!-- chronological-class-name -->
              <div class="configuration-method before">
                <span class="method-name">setUp</span>
                <span class="method-start">122292 ms</span>
              </div> <!-- configuration-method before -->
              <div class="test-method">
                <span class="method-name">chatFilterTest</span>
                <span class="method-start">146612 ms</span>
              </div> <!-- test-method -->
              <div class="configuration-method after">
                <span class="method-name">tearDown</span>
                <span class="method-start">150383 ms</span>
              </div> <!-- configuration-method after -->
              <div class="configuration-method before">
                <span class="method-name">setUp</span>
                <span class="method-start">150451 ms</span>
              </div> <!-- configuration-method before -->
              <div class="test-method">
                <span class="method-name">getHeaderTest</span>
                <span class="method-start">178568 ms</span>
              </div> <!-- test-method -->
              <div class="configuration-method after">
                <span class="method-name">tearDown</span>
                <span class="method-start">181528 ms</span>
              </div> <!-- configuration-method after -->
              <div class="configuration-method before">
                <span class="method-name">setUp</span>
                <span class="method-start">181598 ms</span>
              </div> <!-- configuration-method before -->
              <div class="test-method">
                <span class="method-name">loginUSerNameTest</span>
                <span class="method-start">208694 ms</span>
              </div> <!-- test-method -->
              <div class="configuration-method after">
                <span class="method-name">tearDown</span>
                <span class="method-start">211388 ms</span>
              </div> <!-- configuration-method after -->
              <div class="configuration-method before">
                <span class="method-name">setUp</span>
                <span class="method-start">211455 ms</span>
              </div> <!-- configuration-method before -->
              <div class="test-method">
                <span class="method-name">searchIsEnabled</span>
                <span class="method-start">240203 ms</span>
              </div> <!-- test-method -->
              <div class="configuration-method after">
                <span class="method-name">tearDown</span>
                <span class="method-start">244236 ms</span>
              </div> <!-- configuration-method after -->
              <div class="configuration-method before">
                <span class="method-name">setUp</span>
                <span class="method-start">244303 ms</span>
              </div> <!-- configuration-method before -->
              <div class="test-method">
                <span class="method-name">sortFilterBtnTest</span>
                <span class="method-start">272370 ms</span>
              </div> <!-- test-method -->
              <div class="configuration-method after">
                <span class="method-name">tearDown</span>
                <span class="method-start">276084 ms</span>
              </div> <!-- configuration-method after -->
              <div class="configuration-method before">
                <span class="method-name">setUp</span>
                <span class="method-start">276151 ms</span>
              </div> <!-- configuration-method before -->
              <div class="test-method">
                <span class="method-name">userLandingpageFilterTest</span>
                <span class="method-start">329503 ms</span>
              </div> <!-- test-method -->
              <div class="configuration-method after">
                <span class="method-name">tearDown</span>
                <span class="method-start">336056 ms</span>
              </div> <!-- configuration-method after -->
              <div class="configuration-method before">
                <span class="method-name">setUp</span>
                <span class="method-start">336097 ms</span>
              </div> <!-- configuration-method before -->
              <div class="test-method">
                <span class="method-name">verifyAfyaLogoTest</span>
                <span class="method-start">380397 ms</span>
              </div> <!-- test-method -->
              <div class="configuration-method after">
                <span class="method-name">tearDown</span>
                <span class="method-start">384025 ms</span>
              </div> <!-- configuration-method after -->
              <div class="configuration-method before">
                <span class="method-name">setUp</span>
                <span class="method-start">384091 ms</span>
              </div> <!-- configuration-method before -->
              <div class="test-method">
                <span class="method-name">verifySubmitterPageTest</span>
                <span class="method-start">418475 ms</span>
              </div> <!-- test-method -->
              <div class="configuration-method after">
                <span class="method-name">tearDown</span>
                <span class="method-start">425160 ms</span>
              </div> <!-- configuration-method after -->
            </div> <!-- chronological-class -->
            <div class="chronological-class">
              <div class="chronological-class-name">com.niveus.afya.testcase.ChooseRoleTest</div> <!-- chronological-class-name -->
              <div class="configuration-method before">
                <span class="method-name">setUp</span>
                <span class="method-start">425230 ms</span>
              </div> <!-- configuration-method before -->
              <div class="test-method">
                <span class="method-name">clickOnRole</span>
                <span class="method-start">453471 ms</span>
              </div> <!-- test-method -->
              <div class="configuration-method after">
                <span class="method-name">tearDown</span>
                <span class="method-start">468127 ms</span>
              </div> <!-- configuration-method after -->
              <div class="configuration-method before">
                <span class="method-name">setUp</span>
                <span class="method-start">468193 ms</span>
              </div> <!-- configuration-method before -->
              <div class="test-method">
                <span class="method-name">responderRoleIsEnabled</span>
                <span class="method-start">495438 ms</span>
              </div> <!-- test-method -->
              <div class="configuration-method after">
                <span class="method-name">tearDown</span>
                <span class="method-start">503124 ms</span>
              </div> <!-- configuration-method after -->
              <div class="configuration-method before">
                <span class="method-name">setUp</span>
                <span class="method-start">503194 ms</span>
              </div> <!-- configuration-method before -->
              <div class="test-method">
                <img src="failed.png">
                </img>
                <span class="method-name">submittrRoleIsEnable</span>
                <span class="method-start">542954 ms</span>
              </div> <!-- test-method -->
              <div class="configuration-method after">
                <span class="method-name">tearDown</span>
                <span class="method-start">573065 ms</span>
              </div> <!-- configuration-method after -->
              <div class="configuration-method before">
                <span class="method-name">setUp</span>
                <span class="method-start">573133 ms</span>
              </div> <!-- configuration-method before -->
              <div class="test-method">
                <span class="method-name">verifyChooseRoleLabel</span>
                <span class="method-start">591746 ms</span>
              </div> <!-- test-method -->
              <div class="configuration-method after">
                <span class="method-name">tearDown</span>
                <span class="method-start">596003 ms</span>
              </div> <!-- configuration-method after -->
            </div> <!-- chronological-class -->
            <div class="chronological-class">
              <div class="chronological-class-name">com.niveus.afya.testcase.SwitchRoleTest</div> <!-- chronological-class-name -->
              <div class="configuration-method before">
                <span class="method-name">setUp</span>
                <span class="method-start">596078 ms</span>
              </div> <!-- configuration-method before -->
              <div class="test-method">
                <span class="method-name">switcgRoleIsEnabledTest</span>
                <span class="method-start">627074 ms</span>
              </div> <!-- test-method -->
              <div class="configuration-method after">
                <span class="method-name">tearDown</span>
                <span class="method-start">629815 ms</span>
              </div> <!-- configuration-method after -->
              <div class="configuration-method before">
                <span class="method-name">setUp</span>
                <span class="method-start">629884 ms</span>
              </div> <!-- configuration-method before -->
              <div class="test-method">
                <span class="method-name">clickOnSwitchRoleTest</span>
                <span class="method-start">655495 ms</span>
              </div> <!-- test-method -->
              <div class="configuration-method after">
                <span class="method-name">tearDown</span>
                <span class="method-start">658938 ms</span>
              </div> <!-- configuration-method after -->
              <div class="configuration-method before">
                <span class="method-name">setUp</span>
                <span class="method-start">659006 ms</span>
              </div> <!-- configuration-method before -->
              <div class="test-method">
                <span class="method-name">isRolesDisplayedTest</span>
                <span class="method-start">681350 ms</span>
              </div> <!-- test-method -->
              <div class="configuration-method after">
                <span class="method-name">tearDown</span>
                <span class="method-start">687244 ms</span>
              </div> <!-- configuration-method after -->
              <div class="configuration-method before">
                <span class="method-name">setUp</span>
                <span class="method-start">687324 ms</span>
              </div> <!-- configuration-method before -->
              <div class="test-method">
                <span class="method-name">clickOnRolesTest</span>
                <span class="method-start">715697 ms</span>
              </div> <!-- test-method -->
              <div class="configuration-method after">
                <span class="method-name">tearDown</span>
                <span class="method-start">721333 ms</span>
              </div> <!-- configuration-method after -->
            </div> <!-- chronological-class -->
            <div class="chronological-class">
              <div class="chronological-class-name">com.niveus.afya.testcase.AlertPageTest</div> <!-- chronological-class-name -->
              <div class="configuration-method before">
                <span class="method-name">setUp</span>
                <span class="method-start">721400 ms</span>
              </div> <!-- configuration-method before -->
              <div class="test-method">
                <span class="method-name">alertImageTest</span>
                <span class="method-start">736559 ms</span>
              </div> <!-- test-method -->
              <div class="configuration-method after">
                <span class="method-name">tearDown</span>
                <span class="method-start">739862 ms</span>
              </div> <!-- configuration-method after -->
              <div class="configuration-method before">
                <span class="method-name">setUp</span>
                <span class="method-start">739944 ms</span>
              </div> <!-- configuration-method before -->
              <div class="test-method">
                <span class="method-name">verifyAlertTest</span>
                <span class="method-start">756904 ms</span>
              </div> <!-- test-method -->
              <div class="configuration-method after">
                <span class="method-name">tearDown</span>
                <span class="method-start">759923 ms</span>
              </div> <!-- configuration-method after -->
              <div class="configuration-method before">
                <span class="method-name">setUp</span>
                <span class="method-start">759989 ms</span>
              </div> <!-- configuration-method before -->
              <div class="test-method">
                <span class="method-name">clickOnAlert</span>
                <span class="method-start">778377 ms</span>
              </div> <!-- test-method -->
              <div class="configuration-method after">
                <span class="method-name">tearDown</span>
                <span class="method-start">781649 ms</span>
              </div> <!-- configuration-method after -->
            </div> <!-- chronological-class -->
            <div class="chronological-class">
              <div class="chronological-class-name">com.niveus.afya.testcase.SearchTest</div> <!-- chronological-class-name -->
              <div class="configuration-method before">
                <span class="method-name">setUp</span>
                <span class="method-start">781722 ms</span>
              </div> <!-- configuration-method before -->
              <div class="test-method">
                <span class="method-name">clearSearchData</span>
                <span class="method-start">816790 ms</span>
              </div> <!-- test-method -->
              <div class="configuration-method after">
                <span class="method-name">tearDown</span>
                <span class="method-start">817318 ms</span>
              </div> <!-- configuration-method after -->
              <div class="configuration-method before">
                <span class="method-name">setUp</span>
                <span class="method-start">817385 ms</span>
              </div> <!-- configuration-method before -->
              <div class="test-method">
                <span class="method-name">clearSearchEnabledTest</span>
                <span class="method-start">847388 ms</span>
              </div> <!-- test-method -->
              <div class="configuration-method after">
                <span class="method-name">tearDown</span>
                <span class="method-start">847890 ms</span>
              </div> <!-- configuration-method after -->
              <div class="configuration-method before">
                <span class="method-name">setUp</span>
                <span class="method-start">847956 ms</span>
              </div> <!-- configuration-method before -->
              <div class="test-method">
                <span class="method-name">doSearchTest</span>
                <span class="method-start">875786 ms</span>
              </div> <!-- test-method -->
              <div class="configuration-method after">
                <span class="method-name">tearDown</span>
                <span class="method-start">876169 ms</span>
              </div> <!-- configuration-method after -->
            </div> <!-- chronological-class -->
            <div class="chronological-class">
              <div class="chronological-class-name">com.niveus.afya.testcase.FilterTest</div> <!-- chronological-class-name -->
              <div class="configuration-method before">
                <span class="method-name">setUp</span>
                <span class="method-start">876236 ms</span>
              </div> <!-- configuration-method before -->
              <div class="test-method">
                <span class="method-name">allFilterTest</span>
                <span class="method-start">908025 ms</span>
              </div> <!-- test-method -->
              <div class="configuration-method after">
                <span class="method-name">tearDown</span>
                <span class="method-start">908125 ms</span>
              </div> <!-- configuration-method after -->
              <div class="configuration-method before">
                <span class="method-name">setUp</span>
                <span class="method-start">908193 ms</span>
              </div> <!-- configuration-method before -->
              <div class="test-method">
                <img src="failed.png">
                </img>
                <span class="method-name">selectFilter</span>
                <span class="method-start">937202 ms</span>
              </div> <!-- test-method -->
              <div class="configuration-method after">
                <span class="method-name">tearDown</span>
                <span class="method-start">939642 ms</span>
              </div> <!-- configuration-method after -->
              <div class="configuration-method before">
                <span class="method-name">setUp</span>
                <span class="method-start">939710 ms</span>
              </div> <!-- configuration-method before -->
              <div class="test-method">
                <span class="method-name">closeFilterTest</span>
                <span class="method-start">974558 ms</span>
              </div> <!-- test-method -->
              <div class="configuration-method after">
                <span class="method-name">tearDown</span>
                <span class="method-start">1004819 ms</span>
              </div> <!-- configuration-method after -->
            </div> <!-- chronological-class -->
            <div class="chronological-class">
              <div class="chronological-class-name">com.niveus.afya.testcase.ChatPageTest</div> <!-- chronological-class-name -->
              <div class="configuration-method before">
                <img src="failed.png">
                </img>
                <span class="method-name">setUp</span>
                <span class="method-start">1004886 ms</span>
              </div> <!-- configuration-method before -->
              <div class="configuration-method after">
                <span class="method-name">tearDown</span>
                <span class="method-start">1052902 ms</span>
              </div> <!-- configuration-method after -->
              <div class="test-method">
                <span class="method-name">clikcOnChatSessionTest</span>
                <span class="method-start">1052902 ms</span>
              </div> <!-- test-method -->
              <div class="configuration-method before">
                <span class="method-name">setUp</span>
                <span class="method-start">1052903 ms</span>
              </div> <!-- configuration-method before -->
              <div class="test-method">
                <span class="method-name">chatHeaderVisibiltyTest</span>
                <span class="method-start">1052903 ms</span>
              </div> <!-- test-method -->
              <div class="configuration-method after">
                <span class="method-name">tearDown</span>
                <span class="method-start">1052903 ms</span>
              </div> <!-- configuration-method after -->
              <div class="configuration-method before">
                <span class="method-name">setUp</span>
                <span class="method-start">1052904 ms</span>
              </div> <!-- configuration-method before -->
              <div class="configuration-method after">
                <span class="method-name">tearDown</span>
                <span class="method-start">1052904 ms</span>
              </div> <!-- configuration-method after -->
              <div class="test-method">
                <span class="method-name">chatAreaElementTest</span>
                <span class="method-start">1052904 ms</span>
              </div> <!-- test-method -->
              <div class="configuration-method before">
                <span class="method-name">setUp</span>
                <span class="method-start">1052905 ms</span>
              </div> <!-- configuration-method before -->
              <div class="configuration-method after">
                <span class="method-name">tearDown</span>
                <span class="method-start">1052905 ms</span>
              </div> <!-- configuration-method after -->
              <div class="test-method">
                <span class="method-name">mediaFilesSectionTest</span>
                <span class="method-start">1052905 ms</span>
              </div> <!-- test-method -->
              <div class="configuration-method before">
                <span class="method-name">setUp</span>
                <span class="method-start">1052906 ms</span>
              </div> <!-- configuration-method before -->
              <div class="configuration-method after">
                <span class="method-name">tearDown</span>
                <span class="method-start">1052907 ms</span>
              </div> <!-- configuration-method after -->
              <div class="test-method">
                <span class="method-name">atCodesVisibilityTest</span>
                <span class="method-start">1052907 ms</span>
              </div> <!-- test-method -->
              <div class="configuration-method before">
                <span class="method-name">setUp</span>
                <span class="method-start">1052908 ms</span>
              </div> <!-- configuration-method before -->
              <div class="test-method">
                <span class="method-name">videoMemberListTest</span>
                <span class="method-start">1052908 ms</span>
              </div> <!-- test-method -->
              <div class="configuration-method after">
                <span class="method-name">tearDown</span>
                <span class="method-start">1052908 ms</span>
              </div> <!-- configuration-method after -->
            </div> <!-- chronological-class -->
            <div class="chronological-class">
              <div class="chronological-class-name">com.niveus.afya.testcase.LoginPageTest</div> <!-- chronological-class-name -->
              <div class="configuration-method before">
                <span class="method-name">setUp</span>
                <span class="method-start">1053559 ms</span>
              </div> <!-- configuration-method before -->
              <div class="test-method">
                <span class="method-name">loginTest(ios1@gmail.com, Aa123456@)</span>
                <span class="method-start">1072170 ms</span>
              </div> <!-- test-method -->
              <div class="configuration-method after">
                <span class="method-name">tearDown</span>
                <span class="method-start">1072534 ms</span>
              </div> <!-- configuration-method after -->
              <div class="configuration-method before">
                <span class="method-name">setUp</span>
                <span class="method-start">1072600 ms</span>
              </div> <!-- configuration-method before -->
              <div class="test-method">
                <span class="method-name">loginTest(ios1@afya.net, Aa123456@)</span>
                <span class="method-start">1082821 ms</span>
              </div> <!-- test-method -->
              <div class="configuration-method after">
                <span class="method-name">tearDown</span>
                <span class="method-start">1084000 ms</span>
              </div> <!-- configuration-method after -->
              <div class="configuration-method before">
                <img src="failed.png">
                </img>
                <span class="method-name">setUp</span>
                <span class="method-start">1084066 ms</span>
              </div> <!-- configuration-method before -->
              <div class="test-method">
                <span class="method-name">loginTest(manoharkunder123@gmail.com, Aa123456@)</span>
                <span class="method-start">1134543 ms</span>
              </div> <!-- test-method -->
              <div class="configuration-method before">
                <span class="method-name">setUp</span>
                <span class="method-start">1134544 ms</span>
              </div> <!-- configuration-method before -->
              <div class="configuration-method after">
                <span class="method-name">tearDown</span>
                <span class="method-start">1134544 ms</span>
              </div> <!-- configuration-method after -->
              <div class="configuration-method after">
                <span class="method-name">tearDown</span>
                <span class="method-start">1134545 ms</span>
              </div> <!-- configuration-method after -->
              <div class="test-method">
                <span class="method-name">loginTest(doc12@gmail.com, Aa123456@)</span>
                <span class="method-start">1134545 ms</span>
              </div> <!-- test-method -->
              <div class="configuration-method before">
                <span class="method-name">setUp</span>
                <span class="method-start">1134546 ms</span>
              </div> <!-- configuration-method before -->
              <div class="test-method">
                <span class="method-name">loginTest(megh@gmail.com, Aa123456@)</span>
                <span class="method-start">1134551 ms</span>
              </div> <!-- test-method -->
              <div class="configuration-method before">
                <span class="method-name">setUp</span>
                <span class="method-start">1134552 ms</span>
              </div> <!-- configuration-method before -->
              <div class="configuration-method after">
                <span class="method-name">tearDown</span>
                <span class="method-start">1134552 ms</span>
              </div> <!-- configuration-method after -->
              <div class="test-method">
                <span class="method-name">loginPagelabelTest</span>
                <span class="method-start">1134553 ms</span>
              </div> <!-- test-method -->
              <div class="configuration-method after">
                <span class="method-name">tearDown</span>
                <span class="method-start">1134553 ms</span>
              </div> <!-- configuration-method after -->
              <div class="configuration-method before">
                <span class="method-name">setUp</span>
                <span class="method-start">1134554 ms</span>
              </div> <!-- configuration-method before -->
              <div class="configuration-method after">
                <span class="method-name">tearDown</span>
                <span class="method-start">1134554 ms</span>
              </div> <!-- configuration-method after -->
              <div class="test-method">
                <span class="method-name">loginPageTitleTest</span>
                <span class="method-start">1134554 ms</span>
              </div> <!-- test-method -->
            </div> <!-- chronological-class -->
            <div class="chronological-class">
              <div class="chronological-class-name">com.niveus.afya.testcase.ProfileTest</div> <!-- chronological-class-name -->
              <div class="configuration-method before">
                <img src="failed.png">
                </img>
                <span class="method-name">setUp</span>
                <span class="method-start">1134555 ms</span>
              </div> <!-- configuration-method before -->
              <div class="test-method">
                <span class="method-name">myProfileVisibilityTest</span>
                <span class="method-start">1185000 ms</span>
              </div> <!-- test-method -->
              <div class="configuration-method after">
                <span class="method-name">tearDown</span>
                <span class="method-start">1185000 ms</span>
              </div> <!-- configuration-method after -->
              <div class="test-method">
                <span class="method-name">clikcOnProfileTest</span>
                <span class="method-start">1185001 ms</span>
              </div> <!-- test-method -->
              <div class="configuration-method before">
                <span class="method-name">setUp</span>
                <span class="method-start">1185001 ms</span>
              </div> <!-- configuration-method before -->
              <div class="configuration-method before">
                <span class="method-name">setUp</span>
                <span class="method-start">1185002 ms</span>
              </div> <!-- configuration-method before -->
              <div class="configuration-method after">
                <span class="method-name">tearDown</span>
                <span class="method-start">1185002 ms</span>
              </div> <!-- configuration-method after -->
              <div class="test-method">
                <span class="method-name">profileHeaderTest</span>
                <span class="method-start">1185002 ms</span>
              </div> <!-- test-method -->
              <div class="configuration-method after">
                <span class="method-name">tearDown</span>
                <span class="method-start">1185003 ms</span>
              </div> <!-- configuration-method after -->
              <div class="configuration-method before">
                <span class="method-name">setUp</span>
                <span class="method-start">1185003 ms</span>
              </div> <!-- configuration-method before -->
              <div class="test-method">
                <span class="method-name">LoggedInUserNameTest</span>
                <span class="method-start">1185004 ms</span>
              </div> <!-- test-method -->
              <div class="configuration-method after">
                <span class="method-name">tearDown</span>
                <span class="method-start">1185004 ms</span>
              </div> <!-- configuration-method after -->
              <div class="configuration-method after">
                <span class="method-name">tearDown</span>
                <span class="method-start">1185005 ms</span>
              </div> <!-- configuration-method after -->
              <div class="test-method">
                <span class="method-name">userRoleInProfileTest</span>
                <span class="method-start">1185005 ms</span>
              </div> <!-- test-method -->
              <div class="configuration-method before">
                <span class="method-name">setUp</span>
                <span class="method-start">1185005 ms</span>
              </div> <!-- configuration-method before -->
              <div class="configuration-method after">
                <span class="method-name">tearDown</span>
                <span class="method-start">1185006 ms</span>
              </div> <!-- configuration-method after -->
              <div class="configuration-method before">
                <span class="method-name">setUp</span>
                <span class="method-start">1185006 ms</span>
              </div> <!-- configuration-method before -->
              <div class="test-method">
                <span class="method-name">updateUserInformationTest</span>
                <span class="method-start">1185006 ms</span>
              </div> <!-- test-method -->
              <div class="configuration-method after">
                <span class="method-name">tearDown</span>
                <span class="method-start">1185007 ms</span>
              </div> <!-- configuration-method after -->
              <div class="test-method">
                <span class="method-name">uploadProfileImageTest</span>
                <span class="method-start">1185007 ms</span>
              </div> <!-- test-method -->
              <div class="configuration-method before">
                <span class="method-name">setUp</span>
                <span class="method-start">1185007 ms</span>
              </div> <!-- configuration-method before -->
              <div class="test-method">
                <span class="method-name">userProfileTest</span>
                <span class="method-start">1185008 ms</span>
              </div> <!-- test-method -->
              <div class="configuration-method after">
                <span class="method-name">tearDown</span>
                <span class="method-start">1185008 ms</span>
              </div> <!-- configuration-method after -->
              <div class="configuration-method before">
                <span class="method-name">setUp</span>
                <span class="method-start">1185008 ms</span>
              </div> <!-- configuration-method before -->
          </div> <!-- main-panel-content rounded-window-bottom -->
        </div> <!-- panel -->
      </div> <!-- main-panel-root -->
    </div> <!-- wrapper -->
  </body>
<script type="text/javascript" src="testng-reports2.js"></script>
</html>
