<?xml version="1.0" encoding="UTF-8"?>
<!-- Generated by org.testng.reporters.JUnitXMLReporter -->
<testsuite ignored="7" hostname="niveus-HP-EliteBook-820-G3" failures="1" tests="8" name="Regression(failed)" time="241.022" errors="0" timestamp="2021-08-02T14:59:23 IST">
  <testcase classname="com.niveus.afya.testcase.SearchTest" name="clearSearchData" time="0.501"/>
  <testcase classname="com.niveus.afya.testcase.SearchTest" name="clearSearchEnabledTest" time="0.651"/>
  <testcase classname="com.niveus.afya.testcase.SearchTest" name="doSearchTest" time="0.478"/>
  <testcase classname="com.niveus.afya.testcase.SortTest" name="closeSortTest" time="0.514"/>
  <testcase classname="com.niveus.afya.testcase.SortTest" name="getSortOptionsTest" time="0.089"/>
  <testcase classname="com.niveus.afya.testcase.SortTest" name="sortSectionIsEnabledTest" time="0.074"/>
  <testcase classname="com.niveus.afya.testcase.SortTest" name="verifySortTest" time="0.793"/>
  <testcase classname="com.niveus.afya.testcase.ProfileTest" name="userProfileTest" time="3.306">
    <failure type="java.lang.AssertionError" message="user name not found....!!! expected [Prasanna Achar] but found []">
      <![CDATA[java.lang.AssertionError: user name not found....!!! expected [Prasanna Achar] but found []
at com.niveus.afya.testcase.ProfileTest.userProfileTest(ProfileTest.java:104)
at java.base/java.util.ArrayList.forEach(ArrayList.java:1541)
... Removed 32 stack frames]]>
    </failure>
  </testcase> <!-- userProfileTest -->
  <testcase classname="com.niveus.afya.testcase.ProfileTest" name="LoggedInUserNameTest" time="0.0">
    <ignored/>
  </testcase> <!-- LoggedInUserNameTest -->
  <testcase classname="com.niveus.afya.testcase.ProfileTest" name="updateUserInformationTest" time="0.0">
    <ignored/>
  </testcase> <!-- updateUserInformationTest -->
  <testcase classname="com.niveus.afya.testcase.ProfileTest" name="profileHeaderTest" time="0.0">
    <ignored/>
  </testcase> <!-- profileHeaderTest -->
  <testcase classname="com.niveus.afya.testcase.ProfileTest" name="clikcOnProfileTest" time="0.0">
    <ignored/>
  </testcase> <!-- clikcOnProfileTest -->
  <testcase classname="com.niveus.afya.testcase.ProfileTest" name="myProfileVisibilityTest" time="0.0">
    <ignored/>
  </testcase> <!-- myProfileVisibilityTest -->
  <testcase classname="com.niveus.afya.testcase.ProfileTest" name="userRoleInProfileTest" time="0.0">
    <ignored/>
  </testcase> <!-- userRoleInProfileTest -->
  <testcase classname="com.niveus.afya.testcase.ProfileTest" name="uploadProfileImageTest" time="0.0">
    <ignored/>
  </testcase> <!-- uploadProfileImageTest -->
</testsuite> <!-- Regression(failed) -->
